

================================================================
== Vitis HLS Report for 'tau_nn'
================================================================
* Date:           Thu Jan 11 03:42:31 2024

* Version:        2022.1 (Build 3526262 on Mon Apr 18 15:47:01 MDT 2022)
* Project:        tau_nn_prj
* Solution:       solution1 (Vivado IP Flow Target)
* Product family: virtexuplus
* Target device:  xcvu9p-flga2104-2L-e


================================================================
== Performance Estimates
================================================================
+ Timing: 
    * Summary: 
    +--------+---------+----------+------------+
    |  Clock |  Target | Estimated| Uncertainty|
    +--------+---------+----------+------------+
    |ap_clk  |  2.80 ns|  2.438 ns|     0.35 ns|
    +--------+---------+----------+------------+

+ Latency: 
    * Summary: 
    +---------+---------+-----------+-----------+-----+-----+---------+
    |  Latency (cycles) |   Latency (absolute)  |  Interval | Pipeline|
    |   min   |   max   |    min    |    max    | min | max |   Type  |
    +---------+---------+-----------+-----------+-----+-----+---------+
    |       27|       27|  75.600 ns|  75.600 ns|    1|    1|      yes|
    +---------+---------+-----------+-----------+-----+-----+---------+

    + Detail: 
        * Instance: 
        N/A

        * Loop: 
        N/A

============================================================
+ Verbose Summary: Synthesis Manager
============================================================
InlineROM: 1
ExposeGlobal: 0
============================================================
+ Verbose Summary: CDFG Model
============================================================
IsTopModel: 1
ResetActiveHigh: 1
IsCombinational: 0
IsDatapathOnly: 0
HasWiredReturn: 1
HasMFsm: 2
HasVarLatency: 0
IsPipeline: 1
IsRtlPipelined: 1
IsInstanceOverlapped: 0
IsDontTouch: 0
HasImplIP: 0
IsGatedGlobalClock: 0

+ Individual pipeline summary: 
  * Pipeline-0: initiation interval (II) = 1, depth = 28


============================================================
+ Verbose Summary: Schedule
============================================================
* Number of FSM states : 28
* Pipeline : 1
  Pipeline-0 : II = 1, D = 28, States = { 1 2 3 4 5 6 7 8 9 10 11 12 13 14 15 16 17 18 19 20 21 22 23 24 25 26 27 28 }
* Dataflow Pipeline: 0

* FSM state transitions: 
1 --> 2 
2 --> 3 
3 --> 4 
4 --> 5 
5 --> 6 
6 --> 7 
7 --> 8 
8 --> 9 
9 --> 10 
10 --> 11 
11 --> 12 
12 --> 13 
13 --> 14 
14 --> 15 
15 --> 16 
16 --> 17 
17 --> 18 
18 --> 19 
19 --> 20 
20 --> 21 
21 --> 22 
22 --> 23 
23 --> 24 
24 --> 25 
25 --> 26 
26 --> 27 
27 --> 28 
28 --> 

* FSM state operations: 

State 1 <SV = 0> <Delay = 2.31>
ST_1 : Operation 29 [1/1] (0.00ns)   --->   "%model_input_read = read i1280 @_ssdm_op_Read.ap_auto.i1280P0A, i1280 %model_input" [firmware/nnet_utils/nnet_dense.h:41]   --->   Operation 29 'read' 'model_input_read' <Predicate = true> <Delay = 0.00>
ST_1 : Operation 30 [4/4] (2.31ns)   --->   "%call_ret1 = call i400 @dense_latency<ap_fixed<16, 6, 5, 3, 0>, ap_fixed<16, 6, 5, 3, 0>, config2>, i1280 %model_input_read" [firmware/nnet_utils/nnet_dense.h:41]   --->   Operation 30 'call' 'call_ret1' <Predicate = true> <Delay = 2.31> <CoreType = "Generic">   --->   Core 0 '' <Latency = 0> <II = 1> <Delay = 1.00> <Generic> <Opcode : >

State 2 <SV = 1> <Delay = 2.43>
ST_2 : Operation 31 [3/4] (2.43ns)   --->   "%call_ret1 = call i400 @dense_latency<ap_fixed<16, 6, 5, 3, 0>, ap_fixed<16, 6, 5, 3, 0>, config2>, i1280 %model_input_read" [firmware/nnet_utils/nnet_dense.h:41]   --->   Operation 31 'call' 'call_ret1' <Predicate = true> <Delay = 2.43> <CoreType = "Generic">   --->   Core 0 '' <Latency = 0> <II = 1> <Delay = 1.00> <Generic> <Opcode : >

State 3 <SV = 2> <Delay = 2.43>
ST_3 : Operation 32 [2/4] (2.43ns)   --->   "%call_ret1 = call i400 @dense_latency<ap_fixed<16, 6, 5, 3, 0>, ap_fixed<16, 6, 5, 3, 0>, config2>, i1280 %model_input_read" [firmware/nnet_utils/nnet_dense.h:41]   --->   Operation 32 'call' 'call_ret1' <Predicate = true> <Delay = 2.43> <CoreType = "Generic">   --->   Core 0 '' <Latency = 0> <II = 1> <Delay = 1.00> <Generic> <Opcode : >

State 4 <SV = 3> <Delay = 2.21>
ST_4 : Operation 33 [1/4] (2.21ns)   --->   "%call_ret1 = call i400 @dense_latency<ap_fixed<16, 6, 5, 3, 0>, ap_fixed<16, 6, 5, 3, 0>, config2>, i1280 %model_input_read" [firmware/nnet_utils/nnet_dense.h:41]   --->   Operation 33 'call' 'call_ret1' <Predicate = true> <Delay = 2.21> <CoreType = "Generic">   --->   Core 0 '' <Latency = 0> <II = 1> <Delay = 1.00> <Generic> <Opcode : >
ST_4 : Operation 34 [1/1] (0.00ns)   --->   "%layer2_out_V = extractvalue i400 %call_ret1" [firmware/nnet_utils/nnet_dense.h:41]   --->   Operation 34 'extractvalue' 'layer2_out_V' <Predicate = true> <Delay = 0.00>
ST_4 : Operation 35 [1/1] (0.00ns)   --->   "%layer2_out_V_1 = extractvalue i400 %call_ret1" [firmware/nnet_utils/nnet_dense.h:41]   --->   Operation 35 'extractvalue' 'layer2_out_V_1' <Predicate = true> <Delay = 0.00>
ST_4 : Operation 36 [1/1] (0.00ns)   --->   "%layer2_out_V_2 = extractvalue i400 %call_ret1" [firmware/nnet_utils/nnet_dense.h:41]   --->   Operation 36 'extractvalue' 'layer2_out_V_2' <Predicate = true> <Delay = 0.00>
ST_4 : Operation 37 [1/1] (0.00ns)   --->   "%layer2_out_V_3 = extractvalue i400 %call_ret1" [firmware/nnet_utils/nnet_dense.h:41]   --->   Operation 37 'extractvalue' 'layer2_out_V_3' <Predicate = true> <Delay = 0.00>
ST_4 : Operation 38 [1/1] (0.00ns)   --->   "%layer2_out_V_4 = extractvalue i400 %call_ret1" [firmware/nnet_utils/nnet_dense.h:41]   --->   Operation 38 'extractvalue' 'layer2_out_V_4' <Predicate = true> <Delay = 0.00>
ST_4 : Operation 39 [1/1] (0.00ns)   --->   "%layer2_out_V_5 = extractvalue i400 %call_ret1" [firmware/nnet_utils/nnet_dense.h:41]   --->   Operation 39 'extractvalue' 'layer2_out_V_5' <Predicate = true> <Delay = 0.00>
ST_4 : Operation 40 [1/1] (0.00ns)   --->   "%layer2_out_V_6 = extractvalue i400 %call_ret1" [firmware/nnet_utils/nnet_dense.h:41]   --->   Operation 40 'extractvalue' 'layer2_out_V_6' <Predicate = true> <Delay = 0.00>
ST_4 : Operation 41 [1/1] (0.00ns)   --->   "%layer2_out_V_7 = extractvalue i400 %call_ret1" [firmware/nnet_utils/nnet_dense.h:41]   --->   Operation 41 'extractvalue' 'layer2_out_V_7' <Predicate = true> <Delay = 0.00>
ST_4 : Operation 42 [1/1] (0.00ns)   --->   "%layer2_out_V_8 = extractvalue i400 %call_ret1" [firmware/nnet_utils/nnet_dense.h:41]   --->   Operation 42 'extractvalue' 'layer2_out_V_8' <Predicate = true> <Delay = 0.00>
ST_4 : Operation 43 [1/1] (0.00ns)   --->   "%layer2_out_V_9 = extractvalue i400 %call_ret1" [firmware/nnet_utils/nnet_dense.h:41]   --->   Operation 43 'extractvalue' 'layer2_out_V_9' <Predicate = true> <Delay = 0.00>
ST_4 : Operation 44 [1/1] (0.00ns)   --->   "%layer2_out_V_10 = extractvalue i400 %call_ret1" [firmware/nnet_utils/nnet_dense.h:41]   --->   Operation 44 'extractvalue' 'layer2_out_V_10' <Predicate = true> <Delay = 0.00>
ST_4 : Operation 45 [1/1] (0.00ns)   --->   "%layer2_out_V_11 = extractvalue i400 %call_ret1" [firmware/nnet_utils/nnet_dense.h:41]   --->   Operation 45 'extractvalue' 'layer2_out_V_11' <Predicate = true> <Delay = 0.00>
ST_4 : Operation 46 [1/1] (0.00ns)   --->   "%layer2_out_V_12 = extractvalue i400 %call_ret1" [firmware/nnet_utils/nnet_dense.h:41]   --->   Operation 46 'extractvalue' 'layer2_out_V_12' <Predicate = true> <Delay = 0.00>
ST_4 : Operation 47 [1/1] (0.00ns)   --->   "%layer2_out_V_13 = extractvalue i400 %call_ret1" [firmware/nnet_utils/nnet_dense.h:41]   --->   Operation 47 'extractvalue' 'layer2_out_V_13' <Predicate = true> <Delay = 0.00>
ST_4 : Operation 48 [1/1] (0.00ns)   --->   "%layer2_out_V_14 = extractvalue i400 %call_ret1" [firmware/nnet_utils/nnet_dense.h:41]   --->   Operation 48 'extractvalue' 'layer2_out_V_14' <Predicate = true> <Delay = 0.00>
ST_4 : Operation 49 [1/1] (0.00ns)   --->   "%layer2_out_V_15 = extractvalue i400 %call_ret1" [firmware/nnet_utils/nnet_dense.h:41]   --->   Operation 49 'extractvalue' 'layer2_out_V_15' <Predicate = true> <Delay = 0.00>
ST_4 : Operation 50 [1/1] (0.00ns)   --->   "%layer2_out_V_16 = extractvalue i400 %call_ret1" [firmware/nnet_utils/nnet_dense.h:41]   --->   Operation 50 'extractvalue' 'layer2_out_V_16' <Predicate = true> <Delay = 0.00>
ST_4 : Operation 51 [1/1] (0.00ns)   --->   "%layer2_out_V_17 = extractvalue i400 %call_ret1" [firmware/nnet_utils/nnet_dense.h:41]   --->   Operation 51 'extractvalue' 'layer2_out_V_17' <Predicate = true> <Delay = 0.00>
ST_4 : Operation 52 [1/1] (0.00ns)   --->   "%layer2_out_V_18 = extractvalue i400 %call_ret1" [firmware/nnet_utils/nnet_dense.h:41]   --->   Operation 52 'extractvalue' 'layer2_out_V_18' <Predicate = true> <Delay = 0.00>
ST_4 : Operation 53 [1/1] (0.00ns)   --->   "%layer2_out_V_19 = extractvalue i400 %call_ret1" [firmware/nnet_utils/nnet_dense.h:41]   --->   Operation 53 'extractvalue' 'layer2_out_V_19' <Predicate = true> <Delay = 0.00>
ST_4 : Operation 54 [1/1] (0.00ns)   --->   "%layer2_out_V_20 = extractvalue i400 %call_ret1" [firmware/nnet_utils/nnet_dense.h:41]   --->   Operation 54 'extractvalue' 'layer2_out_V_20' <Predicate = true> <Delay = 0.00>
ST_4 : Operation 55 [1/1] (0.00ns)   --->   "%layer2_out_V_21 = extractvalue i400 %call_ret1" [firmware/nnet_utils/nnet_dense.h:41]   --->   Operation 55 'extractvalue' 'layer2_out_V_21' <Predicate = true> <Delay = 0.00>
ST_4 : Operation 56 [1/1] (0.00ns)   --->   "%layer2_out_V_22 = extractvalue i400 %call_ret1" [firmware/nnet_utils/nnet_dense.h:41]   --->   Operation 56 'extractvalue' 'layer2_out_V_22' <Predicate = true> <Delay = 0.00>
ST_4 : Operation 57 [1/1] (0.00ns)   --->   "%layer2_out_V_23 = extractvalue i400 %call_ret1" [firmware/nnet_utils/nnet_dense.h:41]   --->   Operation 57 'extractvalue' 'layer2_out_V_23' <Predicate = true> <Delay = 0.00>
ST_4 : Operation 58 [1/1] (0.00ns)   --->   "%layer2_out_V_24 = extractvalue i400 %call_ret1" [firmware/nnet_utils/nnet_dense.h:41]   --->   Operation 58 'extractvalue' 'layer2_out_V_24' <Predicate = true> <Delay = 0.00>

State 5 <SV = 4> <Delay = 1.32>
ST_5 : Operation 59 [1/1] (1.32ns)   --->   "%call_ret2 = call i225 @relu<ap_fixed<16, 6, 5, 3, 0>, ap_ufixed<9, 0, 4, 0, 0>, relu_config4>, i16 %layer2_out_V, i16 %layer2_out_V_1, i16 %layer2_out_V_2, i16 %layer2_out_V_3, i16 %layer2_out_V_4, i16 %layer2_out_V_5, i16 %layer2_out_V_6, i16 %layer2_out_V_7, i16 %layer2_out_V_8, i16 %layer2_out_V_9, i16 %layer2_out_V_10, i16 %layer2_out_V_11, i16 %layer2_out_V_12, i16 %layer2_out_V_13, i16 %layer2_out_V_14, i16 %layer2_out_V_15, i16 %layer2_out_V_16, i16 %layer2_out_V_17, i16 %layer2_out_V_18, i16 %layer2_out_V_19, i16 %layer2_out_V_20, i16 %layer2_out_V_21, i16 %layer2_out_V_22, i16 %layer2_out_V_23, i16 %layer2_out_V_24" [firmware/tau_nn.cpp:52]   --->   Operation 59 'call' 'call_ret2' <Predicate = true> <Delay = 1.32> <CoreType = "Generic">   --->   Core 0 '' <Latency = 0> <II = 1> <Delay = 1.00> <Generic> <Opcode : >
ST_5 : Operation 60 [1/1] (0.00ns)   --->   "%layer4_out_V = extractvalue i225 %call_ret2" [firmware/tau_nn.cpp:52]   --->   Operation 60 'extractvalue' 'layer4_out_V' <Predicate = true> <Delay = 0.00>
ST_5 : Operation 61 [1/1] (0.00ns)   --->   "%layer4_out_V_1 = extractvalue i225 %call_ret2" [firmware/tau_nn.cpp:52]   --->   Operation 61 'extractvalue' 'layer4_out_V_1' <Predicate = true> <Delay = 0.00>
ST_5 : Operation 62 [1/1] (0.00ns)   --->   "%layer4_out_V_2 = extractvalue i225 %call_ret2" [firmware/tau_nn.cpp:52]   --->   Operation 62 'extractvalue' 'layer4_out_V_2' <Predicate = true> <Delay = 0.00>
ST_5 : Operation 63 [1/1] (0.00ns)   --->   "%layer4_out_V_3 = extractvalue i225 %call_ret2" [firmware/tau_nn.cpp:52]   --->   Operation 63 'extractvalue' 'layer4_out_V_3' <Predicate = true> <Delay = 0.00>
ST_5 : Operation 64 [1/1] (0.00ns)   --->   "%layer4_out_V_4 = extractvalue i225 %call_ret2" [firmware/tau_nn.cpp:52]   --->   Operation 64 'extractvalue' 'layer4_out_V_4' <Predicate = true> <Delay = 0.00>
ST_5 : Operation 65 [1/1] (0.00ns)   --->   "%layer4_out_V_5 = extractvalue i225 %call_ret2" [firmware/tau_nn.cpp:52]   --->   Operation 65 'extractvalue' 'layer4_out_V_5' <Predicate = true> <Delay = 0.00>
ST_5 : Operation 66 [1/1] (0.00ns)   --->   "%layer4_out_V_6 = extractvalue i225 %call_ret2" [firmware/tau_nn.cpp:52]   --->   Operation 66 'extractvalue' 'layer4_out_V_6' <Predicate = true> <Delay = 0.00>
ST_5 : Operation 67 [1/1] (0.00ns)   --->   "%layer4_out_V_7 = extractvalue i225 %call_ret2" [firmware/tau_nn.cpp:52]   --->   Operation 67 'extractvalue' 'layer4_out_V_7' <Predicate = true> <Delay = 0.00>
ST_5 : Operation 68 [1/1] (0.00ns)   --->   "%layer4_out_V_8 = extractvalue i225 %call_ret2" [firmware/tau_nn.cpp:52]   --->   Operation 68 'extractvalue' 'layer4_out_V_8' <Predicate = true> <Delay = 0.00>
ST_5 : Operation 69 [1/1] (0.00ns)   --->   "%layer4_out_V_9 = extractvalue i225 %call_ret2" [firmware/tau_nn.cpp:52]   --->   Operation 69 'extractvalue' 'layer4_out_V_9' <Predicate = true> <Delay = 0.00>
ST_5 : Operation 70 [1/1] (0.00ns)   --->   "%layer4_out_V_10 = extractvalue i225 %call_ret2" [firmware/tau_nn.cpp:52]   --->   Operation 70 'extractvalue' 'layer4_out_V_10' <Predicate = true> <Delay = 0.00>
ST_5 : Operation 71 [1/1] (0.00ns)   --->   "%layer4_out_V_11 = extractvalue i225 %call_ret2" [firmware/tau_nn.cpp:52]   --->   Operation 71 'extractvalue' 'layer4_out_V_11' <Predicate = true> <Delay = 0.00>
ST_5 : Operation 72 [1/1] (0.00ns)   --->   "%layer4_out_V_12 = extractvalue i225 %call_ret2" [firmware/tau_nn.cpp:52]   --->   Operation 72 'extractvalue' 'layer4_out_V_12' <Predicate = true> <Delay = 0.00>
ST_5 : Operation 73 [1/1] (0.00ns)   --->   "%layer4_out_V_13 = extractvalue i225 %call_ret2" [firmware/tau_nn.cpp:52]   --->   Operation 73 'extractvalue' 'layer4_out_V_13' <Predicate = true> <Delay = 0.00>
ST_5 : Operation 74 [1/1] (0.00ns)   --->   "%layer4_out_V_14 = extractvalue i225 %call_ret2" [firmware/tau_nn.cpp:52]   --->   Operation 74 'extractvalue' 'layer4_out_V_14' <Predicate = true> <Delay = 0.00>
ST_5 : Operation 75 [1/1] (0.00ns)   --->   "%layer4_out_V_15 = extractvalue i225 %call_ret2" [firmware/tau_nn.cpp:52]   --->   Operation 75 'extractvalue' 'layer4_out_V_15' <Predicate = true> <Delay = 0.00>
ST_5 : Operation 76 [1/1] (0.00ns)   --->   "%layer4_out_V_16 = extractvalue i225 %call_ret2" [firmware/tau_nn.cpp:52]   --->   Operation 76 'extractvalue' 'layer4_out_V_16' <Predicate = true> <Delay = 0.00>
ST_5 : Operation 77 [1/1] (0.00ns)   --->   "%layer4_out_V_17 = extractvalue i225 %call_ret2" [firmware/tau_nn.cpp:52]   --->   Operation 77 'extractvalue' 'layer4_out_V_17' <Predicate = true> <Delay = 0.00>
ST_5 : Operation 78 [1/1] (0.00ns)   --->   "%layer4_out_V_18 = extractvalue i225 %call_ret2" [firmware/tau_nn.cpp:52]   --->   Operation 78 'extractvalue' 'layer4_out_V_18' <Predicate = true> <Delay = 0.00>
ST_5 : Operation 79 [1/1] (0.00ns)   --->   "%layer4_out_V_19 = extractvalue i225 %call_ret2" [firmware/tau_nn.cpp:52]   --->   Operation 79 'extractvalue' 'layer4_out_V_19' <Predicate = true> <Delay = 0.00>
ST_5 : Operation 80 [1/1] (0.00ns)   --->   "%layer4_out_V_20 = extractvalue i225 %call_ret2" [firmware/tau_nn.cpp:52]   --->   Operation 80 'extractvalue' 'layer4_out_V_20' <Predicate = true> <Delay = 0.00>
ST_5 : Operation 81 [1/1] (0.00ns)   --->   "%layer4_out_V_21 = extractvalue i225 %call_ret2" [firmware/tau_nn.cpp:52]   --->   Operation 81 'extractvalue' 'layer4_out_V_21' <Predicate = true> <Delay = 0.00>
ST_5 : Operation 82 [1/1] (0.00ns)   --->   "%layer4_out_V_22 = extractvalue i225 %call_ret2" [firmware/tau_nn.cpp:52]   --->   Operation 82 'extractvalue' 'layer4_out_V_22' <Predicate = true> <Delay = 0.00>
ST_5 : Operation 83 [1/1] (0.00ns)   --->   "%layer4_out_V_23 = extractvalue i225 %call_ret2" [firmware/tau_nn.cpp:52]   --->   Operation 83 'extractvalue' 'layer4_out_V_23' <Predicate = true> <Delay = 0.00>
ST_5 : Operation 84 [1/1] (0.00ns)   --->   "%layer4_out_V_24 = extractvalue i225 %call_ret2" [firmware/tau_nn.cpp:52]   --->   Operation 84 'extractvalue' 'layer4_out_V_24' <Predicate = true> <Delay = 0.00>

State 6 <SV = 5> <Delay = 2.29>
ST_6 : Operation 85 [4/4] (2.29ns)   --->   "%call_ret3 = call i400 @dense_latency<ap_ufixed<9, 0, 4, 0, 0>, ap_fixed<16, 6, 5, 3, 0>, config5>, i9 %layer4_out_V, i9 %layer4_out_V_1, i9 %layer4_out_V_2, i9 %layer4_out_V_3, i9 %layer4_out_V_4, i9 %layer4_out_V_5, i9 %layer4_out_V_6, i9 %layer4_out_V_7, i9 %layer4_out_V_8, i9 %layer4_out_V_9, i9 %layer4_out_V_10, i9 %layer4_out_V_11, i9 %layer4_out_V_12, i9 %layer4_out_V_13, i9 %layer4_out_V_14, i9 %layer4_out_V_15, i9 %layer4_out_V_16, i9 %layer4_out_V_17, i9 %layer4_out_V_18, i9 %layer4_out_V_19, i9 %layer4_out_V_20, i9 %layer4_out_V_21, i9 %layer4_out_V_22, i9 %layer4_out_V_23, i9 %layer4_out_V_24" [firmware/nnet_utils/nnet_dense.h:41]   --->   Operation 85 'call' 'call_ret3' <Predicate = true> <Delay = 2.29> <CoreType = "Generic">   --->   Core 0 '' <Latency = 0> <II = 1> <Delay = 1.00> <Generic> <Opcode : >

State 7 <SV = 6> <Delay = 2.40>
ST_7 : Operation 86 [3/4] (2.40ns)   --->   "%call_ret3 = call i400 @dense_latency<ap_ufixed<9, 0, 4, 0, 0>, ap_fixed<16, 6, 5, 3, 0>, config5>, i9 %layer4_out_V, i9 %layer4_out_V_1, i9 %layer4_out_V_2, i9 %layer4_out_V_3, i9 %layer4_out_V_4, i9 %layer4_out_V_5, i9 %layer4_out_V_6, i9 %layer4_out_V_7, i9 %layer4_out_V_8, i9 %layer4_out_V_9, i9 %layer4_out_V_10, i9 %layer4_out_V_11, i9 %layer4_out_V_12, i9 %layer4_out_V_13, i9 %layer4_out_V_14, i9 %layer4_out_V_15, i9 %layer4_out_V_16, i9 %layer4_out_V_17, i9 %layer4_out_V_18, i9 %layer4_out_V_19, i9 %layer4_out_V_20, i9 %layer4_out_V_21, i9 %layer4_out_V_22, i9 %layer4_out_V_23, i9 %layer4_out_V_24" [firmware/nnet_utils/nnet_dense.h:41]   --->   Operation 86 'call' 'call_ret3' <Predicate = true> <Delay = 2.40> <CoreType = "Generic">   --->   Core 0 '' <Latency = 0> <II = 1> <Delay = 1.00> <Generic> <Opcode : >

State 8 <SV = 7> <Delay = 2.40>
ST_8 : Operation 87 [2/4] (2.40ns)   --->   "%call_ret3 = call i400 @dense_latency<ap_ufixed<9, 0, 4, 0, 0>, ap_fixed<16, 6, 5, 3, 0>, config5>, i9 %layer4_out_V, i9 %layer4_out_V_1, i9 %layer4_out_V_2, i9 %layer4_out_V_3, i9 %layer4_out_V_4, i9 %layer4_out_V_5, i9 %layer4_out_V_6, i9 %layer4_out_V_7, i9 %layer4_out_V_8, i9 %layer4_out_V_9, i9 %layer4_out_V_10, i9 %layer4_out_V_11, i9 %layer4_out_V_12, i9 %layer4_out_V_13, i9 %layer4_out_V_14, i9 %layer4_out_V_15, i9 %layer4_out_V_16, i9 %layer4_out_V_17, i9 %layer4_out_V_18, i9 %layer4_out_V_19, i9 %layer4_out_V_20, i9 %layer4_out_V_21, i9 %layer4_out_V_22, i9 %layer4_out_V_23, i9 %layer4_out_V_24" [firmware/nnet_utils/nnet_dense.h:41]   --->   Operation 87 'call' 'call_ret3' <Predicate = true> <Delay = 2.40> <CoreType = "Generic">   --->   Core 0 '' <Latency = 0> <II = 1> <Delay = 1.00> <Generic> <Opcode : >

State 9 <SV = 8> <Delay = 2.40>
ST_9 : Operation 88 [1/4] (2.40ns)   --->   "%call_ret3 = call i400 @dense_latency<ap_ufixed<9, 0, 4, 0, 0>, ap_fixed<16, 6, 5, 3, 0>, config5>, i9 %layer4_out_V, i9 %layer4_out_V_1, i9 %layer4_out_V_2, i9 %layer4_out_V_3, i9 %layer4_out_V_4, i9 %layer4_out_V_5, i9 %layer4_out_V_6, i9 %layer4_out_V_7, i9 %layer4_out_V_8, i9 %layer4_out_V_9, i9 %layer4_out_V_10, i9 %layer4_out_V_11, i9 %layer4_out_V_12, i9 %layer4_out_V_13, i9 %layer4_out_V_14, i9 %layer4_out_V_15, i9 %layer4_out_V_16, i9 %layer4_out_V_17, i9 %layer4_out_V_18, i9 %layer4_out_V_19, i9 %layer4_out_V_20, i9 %layer4_out_V_21, i9 %layer4_out_V_22, i9 %layer4_out_V_23, i9 %layer4_out_V_24" [firmware/nnet_utils/nnet_dense.h:41]   --->   Operation 88 'call' 'call_ret3' <Predicate = true> <Delay = 2.40> <CoreType = "Generic">   --->   Core 0 '' <Latency = 0> <II = 1> <Delay = 1.00> <Generic> <Opcode : >
ST_9 : Operation 89 [1/1] (0.00ns)   --->   "%layer5_out_V = extractvalue i400 %call_ret3" [firmware/nnet_utils/nnet_dense.h:41]   --->   Operation 89 'extractvalue' 'layer5_out_V' <Predicate = true> <Delay = 0.00>
ST_9 : Operation 90 [1/1] (0.00ns)   --->   "%layer5_out_V_1 = extractvalue i400 %call_ret3" [firmware/nnet_utils/nnet_dense.h:41]   --->   Operation 90 'extractvalue' 'layer5_out_V_1' <Predicate = true> <Delay = 0.00>
ST_9 : Operation 91 [1/1] (0.00ns)   --->   "%layer5_out_V_2 = extractvalue i400 %call_ret3" [firmware/nnet_utils/nnet_dense.h:41]   --->   Operation 91 'extractvalue' 'layer5_out_V_2' <Predicate = true> <Delay = 0.00>
ST_9 : Operation 92 [1/1] (0.00ns)   --->   "%layer5_out_V_3 = extractvalue i400 %call_ret3" [firmware/nnet_utils/nnet_dense.h:41]   --->   Operation 92 'extractvalue' 'layer5_out_V_3' <Predicate = true> <Delay = 0.00>
ST_9 : Operation 93 [1/1] (0.00ns)   --->   "%layer5_out_V_4 = extractvalue i400 %call_ret3" [firmware/nnet_utils/nnet_dense.h:41]   --->   Operation 93 'extractvalue' 'layer5_out_V_4' <Predicate = true> <Delay = 0.00>
ST_9 : Operation 94 [1/1] (0.00ns)   --->   "%layer5_out_V_5 = extractvalue i400 %call_ret3" [firmware/nnet_utils/nnet_dense.h:41]   --->   Operation 94 'extractvalue' 'layer5_out_V_5' <Predicate = true> <Delay = 0.00>
ST_9 : Operation 95 [1/1] (0.00ns)   --->   "%layer5_out_V_6 = extractvalue i400 %call_ret3" [firmware/nnet_utils/nnet_dense.h:41]   --->   Operation 95 'extractvalue' 'layer5_out_V_6' <Predicate = true> <Delay = 0.00>
ST_9 : Operation 96 [1/1] (0.00ns)   --->   "%layer5_out_V_7 = extractvalue i400 %call_ret3" [firmware/nnet_utils/nnet_dense.h:41]   --->   Operation 96 'extractvalue' 'layer5_out_V_7' <Predicate = true> <Delay = 0.00>
ST_9 : Operation 97 [1/1] (0.00ns)   --->   "%layer5_out_V_8 = extractvalue i400 %call_ret3" [firmware/nnet_utils/nnet_dense.h:41]   --->   Operation 97 'extractvalue' 'layer5_out_V_8' <Predicate = true> <Delay = 0.00>
ST_9 : Operation 98 [1/1] (0.00ns)   --->   "%layer5_out_V_9 = extractvalue i400 %call_ret3" [firmware/nnet_utils/nnet_dense.h:41]   --->   Operation 98 'extractvalue' 'layer5_out_V_9' <Predicate = true> <Delay = 0.00>
ST_9 : Operation 99 [1/1] (0.00ns)   --->   "%layer5_out_V_10 = extractvalue i400 %call_ret3" [firmware/nnet_utils/nnet_dense.h:41]   --->   Operation 99 'extractvalue' 'layer5_out_V_10' <Predicate = true> <Delay = 0.00>
ST_9 : Operation 100 [1/1] (0.00ns)   --->   "%layer5_out_V_11 = extractvalue i400 %call_ret3" [firmware/nnet_utils/nnet_dense.h:41]   --->   Operation 100 'extractvalue' 'layer5_out_V_11' <Predicate = true> <Delay = 0.00>
ST_9 : Operation 101 [1/1] (0.00ns)   --->   "%layer5_out_V_12 = extractvalue i400 %call_ret3" [firmware/nnet_utils/nnet_dense.h:41]   --->   Operation 101 'extractvalue' 'layer5_out_V_12' <Predicate = true> <Delay = 0.00>
ST_9 : Operation 102 [1/1] (0.00ns)   --->   "%layer5_out_V_13 = extractvalue i400 %call_ret3" [firmware/nnet_utils/nnet_dense.h:41]   --->   Operation 102 'extractvalue' 'layer5_out_V_13' <Predicate = true> <Delay = 0.00>
ST_9 : Operation 103 [1/1] (0.00ns)   --->   "%layer5_out_V_14 = extractvalue i400 %call_ret3" [firmware/nnet_utils/nnet_dense.h:41]   --->   Operation 103 'extractvalue' 'layer5_out_V_14' <Predicate = true> <Delay = 0.00>
ST_9 : Operation 104 [1/1] (0.00ns)   --->   "%layer5_out_V_15 = extractvalue i400 %call_ret3" [firmware/nnet_utils/nnet_dense.h:41]   --->   Operation 104 'extractvalue' 'layer5_out_V_15' <Predicate = true> <Delay = 0.00>
ST_9 : Operation 105 [1/1] (0.00ns)   --->   "%layer5_out_V_16 = extractvalue i400 %call_ret3" [firmware/nnet_utils/nnet_dense.h:41]   --->   Operation 105 'extractvalue' 'layer5_out_V_16' <Predicate = true> <Delay = 0.00>
ST_9 : Operation 106 [1/1] (0.00ns)   --->   "%layer5_out_V_17 = extractvalue i400 %call_ret3" [firmware/nnet_utils/nnet_dense.h:41]   --->   Operation 106 'extractvalue' 'layer5_out_V_17' <Predicate = true> <Delay = 0.00>
ST_9 : Operation 107 [1/1] (0.00ns)   --->   "%layer5_out_V_18 = extractvalue i400 %call_ret3" [firmware/nnet_utils/nnet_dense.h:41]   --->   Operation 107 'extractvalue' 'layer5_out_V_18' <Predicate = true> <Delay = 0.00>
ST_9 : Operation 108 [1/1] (0.00ns)   --->   "%layer5_out_V_19 = extractvalue i400 %call_ret3" [firmware/nnet_utils/nnet_dense.h:41]   --->   Operation 108 'extractvalue' 'layer5_out_V_19' <Predicate = true> <Delay = 0.00>
ST_9 : Operation 109 [1/1] (0.00ns)   --->   "%layer5_out_V_20 = extractvalue i400 %call_ret3" [firmware/nnet_utils/nnet_dense.h:41]   --->   Operation 109 'extractvalue' 'layer5_out_V_20' <Predicate = true> <Delay = 0.00>
ST_9 : Operation 110 [1/1] (0.00ns)   --->   "%layer5_out_V_21 = extractvalue i400 %call_ret3" [firmware/nnet_utils/nnet_dense.h:41]   --->   Operation 110 'extractvalue' 'layer5_out_V_21' <Predicate = true> <Delay = 0.00>
ST_9 : Operation 111 [1/1] (0.00ns)   --->   "%layer5_out_V_22 = extractvalue i400 %call_ret3" [firmware/nnet_utils/nnet_dense.h:41]   --->   Operation 111 'extractvalue' 'layer5_out_V_22' <Predicate = true> <Delay = 0.00>
ST_9 : Operation 112 [1/1] (0.00ns)   --->   "%layer5_out_V_23 = extractvalue i400 %call_ret3" [firmware/nnet_utils/nnet_dense.h:41]   --->   Operation 112 'extractvalue' 'layer5_out_V_23' <Predicate = true> <Delay = 0.00>
ST_9 : Operation 113 [1/1] (0.00ns)   --->   "%layer5_out_V_24 = extractvalue i400 %call_ret3" [firmware/nnet_utils/nnet_dense.h:41]   --->   Operation 113 'extractvalue' 'layer5_out_V_24' <Predicate = true> <Delay = 0.00>

State 10 <SV = 9> <Delay = 1.32>
ST_10 : Operation 114 [1/1] (1.32ns)   --->   "%call_ret4 = call i225 @relu<ap_fixed<16, 6, 5, 3, 0>, ap_ufixed<9, 0, 4, 0, 0>, relu_config7>, i16 %layer5_out_V, i16 %layer5_out_V_1, i16 %layer5_out_V_2, i16 %layer5_out_V_3, i16 %layer5_out_V_4, i16 %layer5_out_V_5, i16 %layer5_out_V_6, i16 %layer5_out_V_7, i16 %layer5_out_V_8, i16 %layer5_out_V_9, i16 %layer5_out_V_10, i16 %layer5_out_V_11, i16 %layer5_out_V_12, i16 %layer5_out_V_13, i16 %layer5_out_V_14, i16 %layer5_out_V_15, i16 %layer5_out_V_16, i16 %layer5_out_V_17, i16 %layer5_out_V_18, i16 %layer5_out_V_19, i16 %layer5_out_V_20, i16 %layer5_out_V_21, i16 %layer5_out_V_22, i16 %layer5_out_V_23, i16 %layer5_out_V_24" [firmware/tau_nn.cpp:60]   --->   Operation 114 'call' 'call_ret4' <Predicate = true> <Delay = 1.32> <CoreType = "Generic">   --->   Core 0 '' <Latency = 0> <II = 1> <Delay = 1.00> <Generic> <Opcode : >
ST_10 : Operation 115 [1/1] (0.00ns)   --->   "%layer7_out_V = extractvalue i225 %call_ret4" [firmware/tau_nn.cpp:60]   --->   Operation 115 'extractvalue' 'layer7_out_V' <Predicate = true> <Delay = 0.00>
ST_10 : Operation 116 [1/1] (0.00ns)   --->   "%layer7_out_V_1 = extractvalue i225 %call_ret4" [firmware/tau_nn.cpp:60]   --->   Operation 116 'extractvalue' 'layer7_out_V_1' <Predicate = true> <Delay = 0.00>
ST_10 : Operation 117 [1/1] (0.00ns)   --->   "%layer7_out_V_2 = extractvalue i225 %call_ret4" [firmware/tau_nn.cpp:60]   --->   Operation 117 'extractvalue' 'layer7_out_V_2' <Predicate = true> <Delay = 0.00>
ST_10 : Operation 118 [1/1] (0.00ns)   --->   "%layer7_out_V_3 = extractvalue i225 %call_ret4" [firmware/tau_nn.cpp:60]   --->   Operation 118 'extractvalue' 'layer7_out_V_3' <Predicate = true> <Delay = 0.00>
ST_10 : Operation 119 [1/1] (0.00ns)   --->   "%layer7_out_V_4 = extractvalue i225 %call_ret4" [firmware/tau_nn.cpp:60]   --->   Operation 119 'extractvalue' 'layer7_out_V_4' <Predicate = true> <Delay = 0.00>
ST_10 : Operation 120 [1/1] (0.00ns)   --->   "%layer7_out_V_5 = extractvalue i225 %call_ret4" [firmware/tau_nn.cpp:60]   --->   Operation 120 'extractvalue' 'layer7_out_V_5' <Predicate = true> <Delay = 0.00>
ST_10 : Operation 121 [1/1] (0.00ns)   --->   "%layer7_out_V_6 = extractvalue i225 %call_ret4" [firmware/tau_nn.cpp:60]   --->   Operation 121 'extractvalue' 'layer7_out_V_6' <Predicate = true> <Delay = 0.00>
ST_10 : Operation 122 [1/1] (0.00ns)   --->   "%layer7_out_V_7 = extractvalue i225 %call_ret4" [firmware/tau_nn.cpp:60]   --->   Operation 122 'extractvalue' 'layer7_out_V_7' <Predicate = true> <Delay = 0.00>
ST_10 : Operation 123 [1/1] (0.00ns)   --->   "%layer7_out_V_8 = extractvalue i225 %call_ret4" [firmware/tau_nn.cpp:60]   --->   Operation 123 'extractvalue' 'layer7_out_V_8' <Predicate = true> <Delay = 0.00>
ST_10 : Operation 124 [1/1] (0.00ns)   --->   "%layer7_out_V_9 = extractvalue i225 %call_ret4" [firmware/tau_nn.cpp:60]   --->   Operation 124 'extractvalue' 'layer7_out_V_9' <Predicate = true> <Delay = 0.00>
ST_10 : Operation 125 [1/1] (0.00ns)   --->   "%layer7_out_V_10 = extractvalue i225 %call_ret4" [firmware/tau_nn.cpp:60]   --->   Operation 125 'extractvalue' 'layer7_out_V_10' <Predicate = true> <Delay = 0.00>
ST_10 : Operation 126 [1/1] (0.00ns)   --->   "%layer7_out_V_11 = extractvalue i225 %call_ret4" [firmware/tau_nn.cpp:60]   --->   Operation 126 'extractvalue' 'layer7_out_V_11' <Predicate = true> <Delay = 0.00>
ST_10 : Operation 127 [1/1] (0.00ns)   --->   "%layer7_out_V_12 = extractvalue i225 %call_ret4" [firmware/tau_nn.cpp:60]   --->   Operation 127 'extractvalue' 'layer7_out_V_12' <Predicate = true> <Delay = 0.00>
ST_10 : Operation 128 [1/1] (0.00ns)   --->   "%layer7_out_V_13 = extractvalue i225 %call_ret4" [firmware/tau_nn.cpp:60]   --->   Operation 128 'extractvalue' 'layer7_out_V_13' <Predicate = true> <Delay = 0.00>
ST_10 : Operation 129 [1/1] (0.00ns)   --->   "%layer7_out_V_14 = extractvalue i225 %call_ret4" [firmware/tau_nn.cpp:60]   --->   Operation 129 'extractvalue' 'layer7_out_V_14' <Predicate = true> <Delay = 0.00>
ST_10 : Operation 130 [1/1] (0.00ns)   --->   "%layer7_out_V_15 = extractvalue i225 %call_ret4" [firmware/tau_nn.cpp:60]   --->   Operation 130 'extractvalue' 'layer7_out_V_15' <Predicate = true> <Delay = 0.00>
ST_10 : Operation 131 [1/1] (0.00ns)   --->   "%layer7_out_V_16 = extractvalue i225 %call_ret4" [firmware/tau_nn.cpp:60]   --->   Operation 131 'extractvalue' 'layer7_out_V_16' <Predicate = true> <Delay = 0.00>
ST_10 : Operation 132 [1/1] (0.00ns)   --->   "%layer7_out_V_17 = extractvalue i225 %call_ret4" [firmware/tau_nn.cpp:60]   --->   Operation 132 'extractvalue' 'layer7_out_V_17' <Predicate = true> <Delay = 0.00>
ST_10 : Operation 133 [1/1] (0.00ns)   --->   "%layer7_out_V_18 = extractvalue i225 %call_ret4" [firmware/tau_nn.cpp:60]   --->   Operation 133 'extractvalue' 'layer7_out_V_18' <Predicate = true> <Delay = 0.00>
ST_10 : Operation 134 [1/1] (0.00ns)   --->   "%layer7_out_V_19 = extractvalue i225 %call_ret4" [firmware/tau_nn.cpp:60]   --->   Operation 134 'extractvalue' 'layer7_out_V_19' <Predicate = true> <Delay = 0.00>
ST_10 : Operation 135 [1/1] (0.00ns)   --->   "%layer7_out_V_20 = extractvalue i225 %call_ret4" [firmware/tau_nn.cpp:60]   --->   Operation 135 'extractvalue' 'layer7_out_V_20' <Predicate = true> <Delay = 0.00>
ST_10 : Operation 136 [1/1] (0.00ns)   --->   "%layer7_out_V_21 = extractvalue i225 %call_ret4" [firmware/tau_nn.cpp:60]   --->   Operation 136 'extractvalue' 'layer7_out_V_21' <Predicate = true> <Delay = 0.00>
ST_10 : Operation 137 [1/1] (0.00ns)   --->   "%layer7_out_V_22 = extractvalue i225 %call_ret4" [firmware/tau_nn.cpp:60]   --->   Operation 137 'extractvalue' 'layer7_out_V_22' <Predicate = true> <Delay = 0.00>
ST_10 : Operation 138 [1/1] (0.00ns)   --->   "%layer7_out_V_23 = extractvalue i225 %call_ret4" [firmware/tau_nn.cpp:60]   --->   Operation 138 'extractvalue' 'layer7_out_V_23' <Predicate = true> <Delay = 0.00>
ST_10 : Operation 139 [1/1] (0.00ns)   --->   "%layer7_out_V_24 = extractvalue i225 %call_ret4" [firmware/tau_nn.cpp:60]   --->   Operation 139 'extractvalue' 'layer7_out_V_24' <Predicate = true> <Delay = 0.00>

State 11 <SV = 10> <Delay = 2.35>
ST_11 : Operation 140 [4/4] (2.35ns)   --->   "%call_ret5 = call i240 @dense_latency<ap_ufixed<9, 0, 4, 0, 0>, ap_fixed<16, 6, 5, 3, 0>, config8>, i9 %layer7_out_V, i9 %layer7_out_V_1, i9 %layer7_out_V_2, i9 %layer7_out_V_3, i9 %layer7_out_V_4, i9 %layer7_out_V_5, i9 %layer7_out_V_6, i9 %layer7_out_V_7, i9 %layer7_out_V_8, i9 %layer7_out_V_9, i9 %layer7_out_V_10, i9 %layer7_out_V_11, i9 %layer7_out_V_12, i9 %layer7_out_V_13, i9 %layer7_out_V_14, i9 %layer7_out_V_15, i9 %layer7_out_V_16, i9 %layer7_out_V_17, i9 %layer7_out_V_18, i9 %layer7_out_V_19, i9 %layer7_out_V_20, i9 %layer7_out_V_21, i9 %layer7_out_V_22, i9 %layer7_out_V_23, i9 %layer7_out_V_24" [firmware/nnet_utils/nnet_dense.h:41]   --->   Operation 140 'call' 'call_ret5' <Predicate = true> <Delay = 2.35> <CoreType = "Generic">   --->   Core 0 '' <Latency = 0> <II = 1> <Delay = 1.00> <Generic> <Opcode : >

State 12 <SV = 11> <Delay = 2.43>
ST_12 : Operation 141 [3/4] (2.43ns)   --->   "%call_ret5 = call i240 @dense_latency<ap_ufixed<9, 0, 4, 0, 0>, ap_fixed<16, 6, 5, 3, 0>, config8>, i9 %layer7_out_V, i9 %layer7_out_V_1, i9 %layer7_out_V_2, i9 %layer7_out_V_3, i9 %layer7_out_V_4, i9 %layer7_out_V_5, i9 %layer7_out_V_6, i9 %layer7_out_V_7, i9 %layer7_out_V_8, i9 %layer7_out_V_9, i9 %layer7_out_V_10, i9 %layer7_out_V_11, i9 %layer7_out_V_12, i9 %layer7_out_V_13, i9 %layer7_out_V_14, i9 %layer7_out_V_15, i9 %layer7_out_V_16, i9 %layer7_out_V_17, i9 %layer7_out_V_18, i9 %layer7_out_V_19, i9 %layer7_out_V_20, i9 %layer7_out_V_21, i9 %layer7_out_V_22, i9 %layer7_out_V_23, i9 %layer7_out_V_24" [firmware/nnet_utils/nnet_dense.h:41]   --->   Operation 141 'call' 'call_ret5' <Predicate = true> <Delay = 2.43> <CoreType = "Generic">   --->   Core 0 '' <Latency = 0> <II = 1> <Delay = 1.00> <Generic> <Opcode : >

State 13 <SV = 12> <Delay = 2.43>
ST_13 : Operation 142 [2/4] (2.43ns)   --->   "%call_ret5 = call i240 @dense_latency<ap_ufixed<9, 0, 4, 0, 0>, ap_fixed<16, 6, 5, 3, 0>, config8>, i9 %layer7_out_V, i9 %layer7_out_V_1, i9 %layer7_out_V_2, i9 %layer7_out_V_3, i9 %layer7_out_V_4, i9 %layer7_out_V_5, i9 %layer7_out_V_6, i9 %layer7_out_V_7, i9 %layer7_out_V_8, i9 %layer7_out_V_9, i9 %layer7_out_V_10, i9 %layer7_out_V_11, i9 %layer7_out_V_12, i9 %layer7_out_V_13, i9 %layer7_out_V_14, i9 %layer7_out_V_15, i9 %layer7_out_V_16, i9 %layer7_out_V_17, i9 %layer7_out_V_18, i9 %layer7_out_V_19, i9 %layer7_out_V_20, i9 %layer7_out_V_21, i9 %layer7_out_V_22, i9 %layer7_out_V_23, i9 %layer7_out_V_24" [firmware/nnet_utils/nnet_dense.h:41]   --->   Operation 142 'call' 'call_ret5' <Predicate = true> <Delay = 2.43> <CoreType = "Generic">   --->   Core 0 '' <Latency = 0> <II = 1> <Delay = 1.00> <Generic> <Opcode : >

State 14 <SV = 13> <Delay = 2.15>
ST_14 : Operation 143 [1/4] (2.15ns)   --->   "%call_ret5 = call i240 @dense_latency<ap_ufixed<9, 0, 4, 0, 0>, ap_fixed<16, 6, 5, 3, 0>, config8>, i9 %layer7_out_V, i9 %layer7_out_V_1, i9 %layer7_out_V_2, i9 %layer7_out_V_3, i9 %layer7_out_V_4, i9 %layer7_out_V_5, i9 %layer7_out_V_6, i9 %layer7_out_V_7, i9 %layer7_out_V_8, i9 %layer7_out_V_9, i9 %layer7_out_V_10, i9 %layer7_out_V_11, i9 %layer7_out_V_12, i9 %layer7_out_V_13, i9 %layer7_out_V_14, i9 %layer7_out_V_15, i9 %layer7_out_V_16, i9 %layer7_out_V_17, i9 %layer7_out_V_18, i9 %layer7_out_V_19, i9 %layer7_out_V_20, i9 %layer7_out_V_21, i9 %layer7_out_V_22, i9 %layer7_out_V_23, i9 %layer7_out_V_24" [firmware/nnet_utils/nnet_dense.h:41]   --->   Operation 143 'call' 'call_ret5' <Predicate = true> <Delay = 2.15> <CoreType = "Generic">   --->   Core 0 '' <Latency = 0> <II = 1> <Delay = 1.00> <Generic> <Opcode : >
ST_14 : Operation 144 [1/1] (0.00ns)   --->   "%layer8_out_V = extractvalue i240 %call_ret5" [firmware/nnet_utils/nnet_dense.h:41]   --->   Operation 144 'extractvalue' 'layer8_out_V' <Predicate = true> <Delay = 0.00>
ST_14 : Operation 145 [1/1] (0.00ns)   --->   "%layer8_out_V_1 = extractvalue i240 %call_ret5" [firmware/nnet_utils/nnet_dense.h:41]   --->   Operation 145 'extractvalue' 'layer8_out_V_1' <Predicate = true> <Delay = 0.00>
ST_14 : Operation 146 [1/1] (0.00ns)   --->   "%layer8_out_V_2 = extractvalue i240 %call_ret5" [firmware/nnet_utils/nnet_dense.h:41]   --->   Operation 146 'extractvalue' 'layer8_out_V_2' <Predicate = true> <Delay = 0.00>
ST_14 : Operation 147 [1/1] (0.00ns)   --->   "%layer8_out_V_3 = extractvalue i240 %call_ret5" [firmware/nnet_utils/nnet_dense.h:41]   --->   Operation 147 'extractvalue' 'layer8_out_V_3' <Predicate = true> <Delay = 0.00>
ST_14 : Operation 148 [1/1] (0.00ns)   --->   "%layer8_out_V_4 = extractvalue i240 %call_ret5" [firmware/nnet_utils/nnet_dense.h:41]   --->   Operation 148 'extractvalue' 'layer8_out_V_4' <Predicate = true> <Delay = 0.00>
ST_14 : Operation 149 [1/1] (0.00ns)   --->   "%layer8_out_V_5 = extractvalue i240 %call_ret5" [firmware/nnet_utils/nnet_dense.h:41]   --->   Operation 149 'extractvalue' 'layer8_out_V_5' <Predicate = true> <Delay = 0.00>
ST_14 : Operation 150 [1/1] (0.00ns)   --->   "%layer8_out_V_6 = extractvalue i240 %call_ret5" [firmware/nnet_utils/nnet_dense.h:41]   --->   Operation 150 'extractvalue' 'layer8_out_V_6' <Predicate = true> <Delay = 0.00>
ST_14 : Operation 151 [1/1] (0.00ns)   --->   "%layer8_out_V_7 = extractvalue i240 %call_ret5" [firmware/nnet_utils/nnet_dense.h:41]   --->   Operation 151 'extractvalue' 'layer8_out_V_7' <Predicate = true> <Delay = 0.00>
ST_14 : Operation 152 [1/1] (0.00ns)   --->   "%layer8_out_V_8 = extractvalue i240 %call_ret5" [firmware/nnet_utils/nnet_dense.h:41]   --->   Operation 152 'extractvalue' 'layer8_out_V_8' <Predicate = true> <Delay = 0.00>
ST_14 : Operation 153 [1/1] (0.00ns)   --->   "%layer8_out_V_9 = extractvalue i240 %call_ret5" [firmware/nnet_utils/nnet_dense.h:41]   --->   Operation 153 'extractvalue' 'layer8_out_V_9' <Predicate = true> <Delay = 0.00>
ST_14 : Operation 154 [1/1] (0.00ns)   --->   "%layer8_out_V_10 = extractvalue i240 %call_ret5" [firmware/nnet_utils/nnet_dense.h:41]   --->   Operation 154 'extractvalue' 'layer8_out_V_10' <Predicate = true> <Delay = 0.00>
ST_14 : Operation 155 [1/1] (0.00ns)   --->   "%layer8_out_V_11 = extractvalue i240 %call_ret5" [firmware/nnet_utils/nnet_dense.h:41]   --->   Operation 155 'extractvalue' 'layer8_out_V_11' <Predicate = true> <Delay = 0.00>
ST_14 : Operation 156 [1/1] (0.00ns)   --->   "%layer8_out_V_12 = extractvalue i240 %call_ret5" [firmware/nnet_utils/nnet_dense.h:41]   --->   Operation 156 'extractvalue' 'layer8_out_V_12' <Predicate = true> <Delay = 0.00>
ST_14 : Operation 157 [1/1] (0.00ns)   --->   "%layer8_out_V_13 = extractvalue i240 %call_ret5" [firmware/nnet_utils/nnet_dense.h:41]   --->   Operation 157 'extractvalue' 'layer8_out_V_13' <Predicate = true> <Delay = 0.00>
ST_14 : Operation 158 [1/1] (0.00ns)   --->   "%layer8_out_V_14 = extractvalue i240 %call_ret5" [firmware/nnet_utils/nnet_dense.h:41]   --->   Operation 158 'extractvalue' 'layer8_out_V_14' <Predicate = true> <Delay = 0.00>

State 15 <SV = 14> <Delay = 1.32>
ST_15 : Operation 159 [1/1] (1.32ns)   --->   "%call_ret6 = call i135 @relu<ap_fixed<16, 6, 5, 3, 0>, ap_ufixed<9, 0, 4, 0, 0>, relu_config10>, i16 %layer8_out_V, i16 %layer8_out_V_1, i16 %layer8_out_V_2, i16 %layer8_out_V_3, i16 %layer8_out_V_4, i16 %layer8_out_V_5, i16 %layer8_out_V_6, i16 %layer8_out_V_7, i16 %layer8_out_V_8, i16 %layer8_out_V_9, i16 %layer8_out_V_10, i16 %layer8_out_V_11, i16 %layer8_out_V_12, i16 %layer8_out_V_13, i16 %layer8_out_V_14" [firmware/tau_nn.cpp:68]   --->   Operation 159 'call' 'call_ret6' <Predicate = true> <Delay = 1.32> <CoreType = "Generic">   --->   Core 0 '' <Latency = 0> <II = 1> <Delay = 1.00> <Generic> <Opcode : >
ST_15 : Operation 160 [1/1] (0.00ns)   --->   "%layer10_out_V = extractvalue i135 %call_ret6" [firmware/tau_nn.cpp:68]   --->   Operation 160 'extractvalue' 'layer10_out_V' <Predicate = true> <Delay = 0.00>
ST_15 : Operation 161 [1/1] (0.00ns)   --->   "%layer10_out_V_1 = extractvalue i135 %call_ret6" [firmware/tau_nn.cpp:68]   --->   Operation 161 'extractvalue' 'layer10_out_V_1' <Predicate = true> <Delay = 0.00>
ST_15 : Operation 162 [1/1] (0.00ns)   --->   "%layer10_out_V_2 = extractvalue i135 %call_ret6" [firmware/tau_nn.cpp:68]   --->   Operation 162 'extractvalue' 'layer10_out_V_2' <Predicate = true> <Delay = 0.00>
ST_15 : Operation 163 [1/1] (0.00ns)   --->   "%layer10_out_V_3 = extractvalue i135 %call_ret6" [firmware/tau_nn.cpp:68]   --->   Operation 163 'extractvalue' 'layer10_out_V_3' <Predicate = true> <Delay = 0.00>
ST_15 : Operation 164 [1/1] (0.00ns)   --->   "%layer10_out_V_4 = extractvalue i135 %call_ret6" [firmware/tau_nn.cpp:68]   --->   Operation 164 'extractvalue' 'layer10_out_V_4' <Predicate = true> <Delay = 0.00>
ST_15 : Operation 165 [1/1] (0.00ns)   --->   "%layer10_out_V_5 = extractvalue i135 %call_ret6" [firmware/tau_nn.cpp:68]   --->   Operation 165 'extractvalue' 'layer10_out_V_5' <Predicate = true> <Delay = 0.00>
ST_15 : Operation 166 [1/1] (0.00ns)   --->   "%layer10_out_V_6 = extractvalue i135 %call_ret6" [firmware/tau_nn.cpp:68]   --->   Operation 166 'extractvalue' 'layer10_out_V_6' <Predicate = true> <Delay = 0.00>
ST_15 : Operation 167 [1/1] (0.00ns)   --->   "%layer10_out_V_7 = extractvalue i135 %call_ret6" [firmware/tau_nn.cpp:68]   --->   Operation 167 'extractvalue' 'layer10_out_V_7' <Predicate = true> <Delay = 0.00>
ST_15 : Operation 168 [1/1] (0.00ns)   --->   "%layer10_out_V_8 = extractvalue i135 %call_ret6" [firmware/tau_nn.cpp:68]   --->   Operation 168 'extractvalue' 'layer10_out_V_8' <Predicate = true> <Delay = 0.00>
ST_15 : Operation 169 [1/1] (0.00ns)   --->   "%layer10_out_V_9 = extractvalue i135 %call_ret6" [firmware/tau_nn.cpp:68]   --->   Operation 169 'extractvalue' 'layer10_out_V_9' <Predicate = true> <Delay = 0.00>
ST_15 : Operation 170 [1/1] (0.00ns)   --->   "%layer10_out_V_10 = extractvalue i135 %call_ret6" [firmware/tau_nn.cpp:68]   --->   Operation 170 'extractvalue' 'layer10_out_V_10' <Predicate = true> <Delay = 0.00>
ST_15 : Operation 171 [1/1] (0.00ns)   --->   "%layer10_out_V_11 = extractvalue i135 %call_ret6" [firmware/tau_nn.cpp:68]   --->   Operation 171 'extractvalue' 'layer10_out_V_11' <Predicate = true> <Delay = 0.00>
ST_15 : Operation 172 [1/1] (0.00ns)   --->   "%layer10_out_V_12 = extractvalue i135 %call_ret6" [firmware/tau_nn.cpp:68]   --->   Operation 172 'extractvalue' 'layer10_out_V_12' <Predicate = true> <Delay = 0.00>
ST_15 : Operation 173 [1/1] (0.00ns)   --->   "%layer10_out_V_13 = extractvalue i135 %call_ret6" [firmware/tau_nn.cpp:68]   --->   Operation 173 'extractvalue' 'layer10_out_V_13' <Predicate = true> <Delay = 0.00>
ST_15 : Operation 174 [1/1] (0.00ns)   --->   "%layer10_out_V_14 = extractvalue i135 %call_ret6" [firmware/tau_nn.cpp:68]   --->   Operation 174 'extractvalue' 'layer10_out_V_14' <Predicate = true> <Delay = 0.00>

State 16 <SV = 15> <Delay = 2.32>
ST_16 : Operation 175 [2/2] (2.32ns)   --->   "%call_ret7 = call i224 @dense_latency<ap_ufixed<9, 0, 4, 0, 0>, ap_fixed<16, 6, 5, 3, 0>, config11>, i9 %layer10_out_V, i9 %layer10_out_V_1, i9 %layer10_out_V_2, i9 %layer10_out_V_3, i9 %layer10_out_V_4, i9 %layer10_out_V_5, i9 %layer10_out_V_6, i9 %layer10_out_V_7, i9 %layer10_out_V_8, i9 %layer10_out_V_9, i9 %layer10_out_V_10, i9 %layer10_out_V_11, i9 %layer10_out_V_12, i9 %layer10_out_V_13, i9 %layer10_out_V_14" [firmware/nnet_utils/nnet_dense.h:41]   --->   Operation 175 'call' 'call_ret7' <Predicate = true> <Delay = 2.32> <CoreType = "Generic">   --->   Core 0 '' <Latency = 0> <II = 1> <Delay = 1.00> <Generic> <Opcode : >

State 17 <SV = 16> <Delay = 2.37>
ST_17 : Operation 176 [1/2] (2.37ns)   --->   "%call_ret7 = call i224 @dense_latency<ap_ufixed<9, 0, 4, 0, 0>, ap_fixed<16, 6, 5, 3, 0>, config11>, i9 %layer10_out_V, i9 %layer10_out_V_1, i9 %layer10_out_V_2, i9 %layer10_out_V_3, i9 %layer10_out_V_4, i9 %layer10_out_V_5, i9 %layer10_out_V_6, i9 %layer10_out_V_7, i9 %layer10_out_V_8, i9 %layer10_out_V_9, i9 %layer10_out_V_10, i9 %layer10_out_V_11, i9 %layer10_out_V_12, i9 %layer10_out_V_13, i9 %layer10_out_V_14" [firmware/nnet_utils/nnet_dense.h:41]   --->   Operation 176 'call' 'call_ret7' <Predicate = true> <Delay = 2.37> <CoreType = "Generic">   --->   Core 0 '' <Latency = 0> <II = 1> <Delay = 1.00> <Generic> <Opcode : >
ST_17 : Operation 177 [1/1] (0.00ns)   --->   "%layer11_out_V = extractvalue i224 %call_ret7" [firmware/nnet_utils/nnet_dense.h:41]   --->   Operation 177 'extractvalue' 'layer11_out_V' <Predicate = true> <Delay = 0.00>
ST_17 : Operation 178 [1/1] (0.00ns)   --->   "%layer11_out_V_1 = extractvalue i224 %call_ret7" [firmware/nnet_utils/nnet_dense.h:41]   --->   Operation 178 'extractvalue' 'layer11_out_V_1' <Predicate = true> <Delay = 0.00>
ST_17 : Operation 179 [1/1] (0.00ns)   --->   "%layer11_out_V_2 = extractvalue i224 %call_ret7" [firmware/nnet_utils/nnet_dense.h:41]   --->   Operation 179 'extractvalue' 'layer11_out_V_2' <Predicate = true> <Delay = 0.00>
ST_17 : Operation 180 [1/1] (0.00ns)   --->   "%layer11_out_V_3 = extractvalue i224 %call_ret7" [firmware/nnet_utils/nnet_dense.h:41]   --->   Operation 180 'extractvalue' 'layer11_out_V_3' <Predicate = true> <Delay = 0.00>
ST_17 : Operation 181 [1/1] (0.00ns)   --->   "%layer11_out_V_4 = extractvalue i224 %call_ret7" [firmware/nnet_utils/nnet_dense.h:41]   --->   Operation 181 'extractvalue' 'layer11_out_V_4' <Predicate = true> <Delay = 0.00>
ST_17 : Operation 182 [1/1] (0.00ns)   --->   "%layer11_out_V_5 = extractvalue i224 %call_ret7" [firmware/nnet_utils/nnet_dense.h:41]   --->   Operation 182 'extractvalue' 'layer11_out_V_5' <Predicate = true> <Delay = 0.00>
ST_17 : Operation 183 [1/1] (0.00ns)   --->   "%layer11_out_V_6 = extractvalue i224 %call_ret7" [firmware/nnet_utils/nnet_dense.h:41]   --->   Operation 183 'extractvalue' 'layer11_out_V_6' <Predicate = true> <Delay = 0.00>
ST_17 : Operation 184 [1/1] (0.00ns)   --->   "%layer11_out_V_7 = extractvalue i224 %call_ret7" [firmware/nnet_utils/nnet_dense.h:41]   --->   Operation 184 'extractvalue' 'layer11_out_V_7' <Predicate = true> <Delay = 0.00>
ST_17 : Operation 185 [1/1] (0.00ns)   --->   "%layer11_out_V_8 = extractvalue i224 %call_ret7" [firmware/nnet_utils/nnet_dense.h:41]   --->   Operation 185 'extractvalue' 'layer11_out_V_8' <Predicate = true> <Delay = 0.00>
ST_17 : Operation 186 [1/1] (0.00ns)   --->   "%layer11_out_V_9 = extractvalue i224 %call_ret7" [firmware/nnet_utils/nnet_dense.h:41]   --->   Operation 186 'extractvalue' 'layer11_out_V_9' <Predicate = true> <Delay = 0.00>
ST_17 : Operation 187 [1/1] (0.00ns)   --->   "%layer11_out_V_13 = extractvalue i224 %call_ret7" [firmware/nnet_utils/nnet_dense.h:41]   --->   Operation 187 'extractvalue' 'layer11_out_V_13' <Predicate = true> <Delay = 0.00>
ST_17 : Operation 188 [1/1] (0.00ns)   --->   "%layer11_out_V_10 = extractvalue i224 %call_ret7" [firmware/nnet_utils/nnet_dense.h:41]   --->   Operation 188 'extractvalue' 'layer11_out_V_10' <Predicate = true> <Delay = 0.00>
ST_17 : Operation 189 [1/1] (0.00ns)   --->   "%layer11_out_V_11 = extractvalue i224 %call_ret7" [firmware/nnet_utils/nnet_dense.h:41]   --->   Operation 189 'extractvalue' 'layer11_out_V_11' <Predicate = true> <Delay = 0.00>
ST_17 : Operation 190 [1/1] (0.00ns)   --->   "%layer11_out_V_12 = extractvalue i224 %call_ret7" [firmware/nnet_utils/nnet_dense.h:41]   --->   Operation 190 'extractvalue' 'layer11_out_V_12' <Predicate = true> <Delay = 0.00>

State 18 <SV = 17> <Delay = 1.32>
ST_18 : Operation 191 [1/1] (1.32ns)   --->   "%call_ret8 = call i126 @relu<ap_fixed<16, 6, 5, 3, 0>, ap_ufixed<9, 0, 4, 0, 0>, relu_config13>, i16 %layer11_out_V, i16 %layer11_out_V_1, i16 %layer11_out_V_2, i16 %layer11_out_V_3, i16 %layer11_out_V_4, i16 %layer11_out_V_5, i16 %layer11_out_V_6, i16 %layer11_out_V_7, i16 %layer11_out_V_8, i16 %layer11_out_V_9, i16 %layer11_out_V_13, i16 %layer11_out_V_10, i16 %layer11_out_V_11, i16 %layer11_out_V_12" [firmware/tau_nn.cpp:76]   --->   Operation 191 'call' 'call_ret8' <Predicate = true> <Delay = 1.32> <CoreType = "Generic">   --->   Core 0 '' <Latency = 0> <II = 1> <Delay = 1.00> <Generic> <Opcode : >
ST_18 : Operation 192 [1/1] (0.00ns)   --->   "%layer13_out_V = extractvalue i126 %call_ret8" [firmware/tau_nn.cpp:76]   --->   Operation 192 'extractvalue' 'layer13_out_V' <Predicate = true> <Delay = 0.00>
ST_18 : Operation 193 [1/1] (0.00ns)   --->   "%layer13_out_V_1 = extractvalue i126 %call_ret8" [firmware/tau_nn.cpp:76]   --->   Operation 193 'extractvalue' 'layer13_out_V_1' <Predicate = true> <Delay = 0.00>
ST_18 : Operation 194 [1/1] (0.00ns)   --->   "%layer13_out_V_2 = extractvalue i126 %call_ret8" [firmware/tau_nn.cpp:76]   --->   Operation 194 'extractvalue' 'layer13_out_V_2' <Predicate = true> <Delay = 0.00>
ST_18 : Operation 195 [1/1] (0.00ns)   --->   "%layer13_out_V_3 = extractvalue i126 %call_ret8" [firmware/tau_nn.cpp:76]   --->   Operation 195 'extractvalue' 'layer13_out_V_3' <Predicate = true> <Delay = 0.00>
ST_18 : Operation 196 [1/1] (0.00ns)   --->   "%layer13_out_V_4 = extractvalue i126 %call_ret8" [firmware/tau_nn.cpp:76]   --->   Operation 196 'extractvalue' 'layer13_out_V_4' <Predicate = true> <Delay = 0.00>
ST_18 : Operation 197 [1/1] (0.00ns)   --->   "%layer13_out_V_5 = extractvalue i126 %call_ret8" [firmware/tau_nn.cpp:76]   --->   Operation 197 'extractvalue' 'layer13_out_V_5' <Predicate = true> <Delay = 0.00>
ST_18 : Operation 198 [1/1] (0.00ns)   --->   "%layer13_out_V_6 = extractvalue i126 %call_ret8" [firmware/tau_nn.cpp:76]   --->   Operation 198 'extractvalue' 'layer13_out_V_6' <Predicate = true> <Delay = 0.00>
ST_18 : Operation 199 [1/1] (0.00ns)   --->   "%layer13_out_V_7 = extractvalue i126 %call_ret8" [firmware/tau_nn.cpp:76]   --->   Operation 199 'extractvalue' 'layer13_out_V_7' <Predicate = true> <Delay = 0.00>
ST_18 : Operation 200 [1/1] (0.00ns)   --->   "%layer13_out_V_8 = extractvalue i126 %call_ret8" [firmware/tau_nn.cpp:76]   --->   Operation 200 'extractvalue' 'layer13_out_V_8' <Predicate = true> <Delay = 0.00>
ST_18 : Operation 201 [1/1] (0.00ns)   --->   "%layer13_out_V_9 = extractvalue i126 %call_ret8" [firmware/tau_nn.cpp:76]   --->   Operation 201 'extractvalue' 'layer13_out_V_9' <Predicate = true> <Delay = 0.00>
ST_18 : Operation 202 [1/1] (0.00ns)   --->   "%layer13_out_V_13 = extractvalue i126 %call_ret8" [firmware/tau_nn.cpp:76]   --->   Operation 202 'extractvalue' 'layer13_out_V_13' <Predicate = true> <Delay = 0.00>
ST_18 : Operation 203 [1/1] (0.00ns)   --->   "%layer13_out_V_10 = extractvalue i126 %call_ret8" [firmware/tau_nn.cpp:76]   --->   Operation 203 'extractvalue' 'layer13_out_V_10' <Predicate = true> <Delay = 0.00>
ST_18 : Operation 204 [1/1] (0.00ns)   --->   "%layer13_out_V_11 = extractvalue i126 %call_ret8" [firmware/tau_nn.cpp:76]   --->   Operation 204 'extractvalue' 'layer13_out_V_11' <Predicate = true> <Delay = 0.00>
ST_18 : Operation 205 [1/1] (0.00ns)   --->   "%layer13_out_V_12 = extractvalue i126 %call_ret8" [firmware/tau_nn.cpp:76]   --->   Operation 205 'extractvalue' 'layer13_out_V_12' <Predicate = true> <Delay = 0.00>

State 19 <SV = 18> <Delay = 2.36>
ST_19 : Operation 206 [2/2] (2.36ns)   --->   "%call_ret9 = call i112 @dense_latency<ap_ufixed<9, 0, 4, 0, 0>, ap_fixed<16, 6, 5, 3, 0>, config14>, i9 %layer13_out_V, i9 %layer13_out_V_1, i9 %layer13_out_V_2, i9 %layer13_out_V_3, i9 %layer13_out_V_4, i9 %layer13_out_V_5, i9 %layer13_out_V_6, i9 %layer13_out_V_7, i9 %layer13_out_V_8, i9 %layer13_out_V_9, i9 %layer13_out_V_13, i9 %layer13_out_V_10, i9 %layer13_out_V_11, i9 %layer13_out_V_12" [firmware/nnet_utils/nnet_dense.h:41]   --->   Operation 206 'call' 'call_ret9' <Predicate = true> <Delay = 2.36> <CoreType = "Generic">   --->   Core 0 '' <Latency = 0> <II = 1> <Delay = 1.00> <Generic> <Opcode : >

State 20 <SV = 19> <Delay = 2.40>
ST_20 : Operation 207 [1/2] (2.40ns)   --->   "%call_ret9 = call i112 @dense_latency<ap_ufixed<9, 0, 4, 0, 0>, ap_fixed<16, 6, 5, 3, 0>, config14>, i9 %layer13_out_V, i9 %layer13_out_V_1, i9 %layer13_out_V_2, i9 %layer13_out_V_3, i9 %layer13_out_V_4, i9 %layer13_out_V_5, i9 %layer13_out_V_6, i9 %layer13_out_V_7, i9 %layer13_out_V_8, i9 %layer13_out_V_9, i9 %layer13_out_V_13, i9 %layer13_out_V_10, i9 %layer13_out_V_11, i9 %layer13_out_V_12" [firmware/nnet_utils/nnet_dense.h:41]   --->   Operation 207 'call' 'call_ret9' <Predicate = true> <Delay = 2.40> <CoreType = "Generic">   --->   Core 0 '' <Latency = 0> <II = 1> <Delay = 1.00> <Generic> <Opcode : >
ST_20 : Operation 208 [1/1] (0.00ns)   --->   "%layer14_out_V = extractvalue i112 %call_ret9" [firmware/nnet_utils/nnet_dense.h:41]   --->   Operation 208 'extractvalue' 'layer14_out_V' <Predicate = true> <Delay = 0.00>
ST_20 : Operation 209 [1/1] (0.00ns)   --->   "%layer14_out_V_1 = extractvalue i112 %call_ret9" [firmware/nnet_utils/nnet_dense.h:41]   --->   Operation 209 'extractvalue' 'layer14_out_V_1' <Predicate = true> <Delay = 0.00>
ST_20 : Operation 210 [1/1] (0.00ns)   --->   "%layer14_out_V_2 = extractvalue i112 %call_ret9" [firmware/nnet_utils/nnet_dense.h:41]   --->   Operation 210 'extractvalue' 'layer14_out_V_2' <Predicate = true> <Delay = 0.00>
ST_20 : Operation 211 [1/1] (0.00ns)   --->   "%layer14_out_V_3 = extractvalue i112 %call_ret9" [firmware/nnet_utils/nnet_dense.h:41]   --->   Operation 211 'extractvalue' 'layer14_out_V_3' <Predicate = true> <Delay = 0.00>
ST_20 : Operation 212 [1/1] (0.00ns)   --->   "%layer14_out_V_4 = extractvalue i112 %call_ret9" [firmware/nnet_utils/nnet_dense.h:41]   --->   Operation 212 'extractvalue' 'layer14_out_V_4' <Predicate = true> <Delay = 0.00>
ST_20 : Operation 213 [1/1] (0.00ns)   --->   "%layer14_out_V_5 = extractvalue i112 %call_ret9" [firmware/nnet_utils/nnet_dense.h:41]   --->   Operation 213 'extractvalue' 'layer14_out_V_5' <Predicate = true> <Delay = 0.00>
ST_20 : Operation 214 [1/1] (0.00ns)   --->   "%layer14_out_V_6 = extractvalue i112 %call_ret9" [firmware/nnet_utils/nnet_dense.h:41]   --->   Operation 214 'extractvalue' 'layer14_out_V_6' <Predicate = true> <Delay = 0.00>

State 21 <SV = 20> <Delay = 1.32>
ST_21 : Operation 215 [1/1] (1.32ns)   --->   "%call_ret10 = call i63 @relu<ap_fixed<16, 6, 5, 3, 0>, ap_ufixed<9, 0, 4, 0, 0>, relu_config16>, i16 %layer14_out_V, i16 %layer14_out_V_1, i16 %layer14_out_V_2, i16 %layer14_out_V_3, i16 %layer14_out_V_4, i16 %layer14_out_V_5, i16 %layer14_out_V_6" [firmware/tau_nn.cpp:84]   --->   Operation 215 'call' 'call_ret10' <Predicate = true> <Delay = 1.32> <CoreType = "Generic">   --->   Core 0 '' <Latency = 0> <II = 1> <Delay = 1.00> <Generic> <Opcode : >
ST_21 : Operation 216 [1/1] (0.00ns)   --->   "%layer16_out_V = extractvalue i63 %call_ret10" [firmware/tau_nn.cpp:84]   --->   Operation 216 'extractvalue' 'layer16_out_V' <Predicate = true> <Delay = 0.00>
ST_21 : Operation 217 [1/1] (0.00ns)   --->   "%layer16_out_V_1 = extractvalue i63 %call_ret10" [firmware/tau_nn.cpp:84]   --->   Operation 217 'extractvalue' 'layer16_out_V_1' <Predicate = true> <Delay = 0.00>
ST_21 : Operation 218 [1/1] (0.00ns)   --->   "%layer16_out_V_2 = extractvalue i63 %call_ret10" [firmware/tau_nn.cpp:84]   --->   Operation 218 'extractvalue' 'layer16_out_V_2' <Predicate = true> <Delay = 0.00>
ST_21 : Operation 219 [1/1] (0.00ns)   --->   "%layer16_out_V_3 = extractvalue i63 %call_ret10" [firmware/tau_nn.cpp:84]   --->   Operation 219 'extractvalue' 'layer16_out_V_3' <Predicate = true> <Delay = 0.00>
ST_21 : Operation 220 [1/1] (0.00ns)   --->   "%layer16_out_V_4 = extractvalue i63 %call_ret10" [firmware/tau_nn.cpp:84]   --->   Operation 220 'extractvalue' 'layer16_out_V_4' <Predicate = true> <Delay = 0.00>
ST_21 : Operation 221 [1/1] (0.00ns)   --->   "%layer16_out_V_5 = extractvalue i63 %call_ret10" [firmware/tau_nn.cpp:84]   --->   Operation 221 'extractvalue' 'layer16_out_V_5' <Predicate = true> <Delay = 0.00>
ST_21 : Operation 222 [1/1] (0.00ns)   --->   "%layer16_out_V_6 = extractvalue i63 %call_ret10" [firmware/tau_nn.cpp:84]   --->   Operation 222 'extractvalue' 'layer16_out_V_6' <Predicate = true> <Delay = 0.00>

State 22 <SV = 21> <Delay = 1.87>
ST_22 : Operation 223 [4/4] (1.87ns)   --->   "%layer17_out_V = call i16 @dense_latency<ap_ufixed<9, 0, 4, 0, 0>, ap_fixed<16, 6, 5, 3, 0>, config17>, i9 %layer16_out_V, i9 %layer16_out_V_1, i9 %layer16_out_V_4, i9 %layer16_out_V_6" [firmware/nnet_utils/nnet_dense.h:41]   --->   Operation 223 'call' 'layer17_out_V' <Predicate = true> <Delay = 1.87> <CoreType = "Generic">   --->   Core 0 '' <Latency = 0> <II = 1> <Delay = 1.00> <Generic> <Opcode : >
ST_22 : Operation 224 [2/2] (1.86ns)   --->   "%call_ret11 = call i14 @dense_latency<ap_ufixed<9, 0, 4, 0, 0>, ap_fixed<16, 6, 5, 3, 0>, config20>, i9 %layer16_out_V_2, i9 %layer16_out_V_3, i9 %layer16_out_V_4, i9 %layer16_out_V_5" [firmware/nnet_utils/nnet_dense.h:41]   --->   Operation 224 'call' 'call_ret11' <Predicate = true> <Delay = 1.86> <CoreType = "Generic">   --->   Core 0 '' <Latency = 0> <II = 1> <Delay = 1.00> <Generic> <Opcode : >

State 23 <SV = 22> <Delay = 2.21>
ST_23 : Operation 225 [3/4] (1.87ns)   --->   "%layer17_out_V = call i16 @dense_latency<ap_ufixed<9, 0, 4, 0, 0>, ap_fixed<16, 6, 5, 3, 0>, config17>, i9 %layer16_out_V, i9 %layer16_out_V_1, i9 %layer16_out_V_4, i9 %layer16_out_V_6" [firmware/nnet_utils/nnet_dense.h:41]   --->   Operation 225 'call' 'layer17_out_V' <Predicate = true> <Delay = 1.87> <CoreType = "Generic">   --->   Core 0 '' <Latency = 0> <II = 1> <Delay = 1.00> <Generic> <Opcode : >
ST_23 : Operation 226 [1/2] (2.21ns)   --->   "%call_ret11 = call i14 @dense_latency<ap_ufixed<9, 0, 4, 0, 0>, ap_fixed<16, 6, 5, 3, 0>, config20>, i9 %layer16_out_V_2, i9 %layer16_out_V_3, i9 %layer16_out_V_4, i9 %layer16_out_V_5" [firmware/nnet_utils/nnet_dense.h:41]   --->   Operation 226 'call' 'call_ret11' <Predicate = true> <Delay = 2.21> <CoreType = "Generic">   --->   Core 0 '' <Latency = 0> <II = 1> <Delay = 1.00> <Generic> <Opcode : >

State 24 <SV = 23> <Delay = 1.87>
ST_24 : Operation 227 [2/4] (1.87ns)   --->   "%layer17_out_V = call i16 @dense_latency<ap_ufixed<9, 0, 4, 0, 0>, ap_fixed<16, 6, 5, 3, 0>, config17>, i9 %layer16_out_V, i9 %layer16_out_V_1, i9 %layer16_out_V_4, i9 %layer16_out_V_6" [firmware/nnet_utils/nnet_dense.h:41]   --->   Operation 227 'call' 'layer17_out_V' <Predicate = true> <Delay = 1.87> <CoreType = "Generic">   --->   Core 0 '' <Latency = 0> <II = 1> <Delay = 1.00> <Generic> <Opcode : >

State 25 <SV = 24> <Delay = 0.82>
ST_25 : Operation 228 [1/4] (0.82ns)   --->   "%layer17_out_V = call i16 @dense_latency<ap_ufixed<9, 0, 4, 0, 0>, ap_fixed<16, 6, 5, 3, 0>, config17>, i9 %layer16_out_V, i9 %layer16_out_V_1, i9 %layer16_out_V_4, i9 %layer16_out_V_6" [firmware/nnet_utils/nnet_dense.h:41]   --->   Operation 228 'call' 'layer17_out_V' <Predicate = true> <Delay = 0.82> <CoreType = "Generic">   --->   Core 0 '' <Latency = 0> <II = 1> <Delay = 1.00> <Generic> <Opcode : >

State 26 <SV = 25> <Delay = 2.16>
ST_26 : Operation 229 [3/3] (2.16ns)   --->   "%call_ret = call i10 @sigmoid<ap_fixed<16, 6, 5, 3, 0>, ap_fixed<16, 6, 5, 3, 0>, sigmoid_config19>, i16 %layer17_out_V, i10 %sigmoid_table" [firmware/tau_nn.cpp:90]   --->   Operation 229 'call' 'call_ret' <Predicate = true> <Delay = 2.16> <CoreType = "Generic">   --->   Core 0 '' <Latency = 0> <II = 1> <Delay = 1.00> <Generic> <Opcode : >

State 27 <SV = 26> <Delay = 2.16>
ST_27 : Operation 230 [2/3] (2.16ns)   --->   "%call_ret = call i10 @sigmoid<ap_fixed<16, 6, 5, 3, 0>, ap_fixed<16, 6, 5, 3, 0>, sigmoid_config19>, i16 %layer17_out_V, i10 %sigmoid_table" [firmware/tau_nn.cpp:90]   --->   Operation 230 'call' 'call_ret' <Predicate = true> <Delay = 2.16> <CoreType = "Generic">   --->   Core 0 '' <Latency = 0> <II = 1> <Delay = 1.00> <Generic> <Opcode : >

State 28 <SV = 27> <Delay = 1.17>
ST_28 : Operation 231 [1/1] (0.00ns)   --->   "%specpipeline_ln0 = specpipeline void @_ssdm_op_SpecPipeline, i32 4294967295, i32 0, i32 0, i32 0, void @empty_0"   --->   Operation 231 'specpipeline' 'specpipeline_ln0' <Predicate = true> <Delay = 0.00>
ST_28 : Operation 232 [1/1] (0.00ns)   --->   "%spectopmodule_ln0 = spectopmodule void @_ssdm_op_SpecTopModule, void @empty_2"   --->   Operation 232 'spectopmodule' 'spectopmodule_ln0' <Predicate = true> <Delay = 0.00>
ST_28 : Operation 233 [1/1] (0.00ns)   --->   "%specbitsmap_ln0 = specbitsmap void @_ssdm_op_SpecBitsMap, i1280 %model_input"   --->   Operation 233 'specbitsmap' 'specbitsmap_ln0' <Predicate = true> <Delay = 0.00>
ST_28 : Operation 234 [1/1] (0.00ns)   --->   "%specinterface_ln0 = specinterface void @_ssdm_op_SpecInterface, i1280 %model_input, void @empty, i32 0, i32 0, void @empty_0, i32 0, i32 0, void @empty_0, void @empty_0, void @empty_0, i32 0, i32 0, i32 0, i32 0, void @empty_0, void @empty_0, i32 4294967295, i32 0"   --->   Operation 234 'specinterface' 'specinterface_ln0' <Predicate = true> <Delay = 0.00>
ST_28 : Operation 235 [1/1] (0.00ns)   --->   "%specinterface_ln0 = specinterface void @_ssdm_op_SpecInterface, i16 %layer19_out, void @empty, i32 0, i32 0, void @empty_0, i32 4294967295, i32 0, void @empty_0, void @empty_0, void @empty_0, i32 0, i32 0, i32 0, i32 0, void @empty_0, void @empty_0, i32 4294967295, i32 0"   --->   Operation 235 'specinterface' 'specinterface_ln0' <Predicate = true> <Delay = 0.00>
ST_28 : Operation 236 [1/1] (0.00ns)   --->   "%specbitsmap_ln0 = specbitsmap void @_ssdm_op_SpecBitsMap, i16 %layer19_out"   --->   Operation 236 'specbitsmap' 'specbitsmap_ln0' <Predicate = true> <Delay = 0.00>
ST_28 : Operation 237 [1/1] (0.00ns)   --->   "%specinterface_ln0 = specinterface void @_ssdm_op_SpecInterface, i16 %layer20_out, void @empty, i32 0, i32 0, void @empty_0, i32 4294967295, i32 0, void @empty_0, void @empty_0, void @empty_0, i32 0, i32 0, i32 0, i32 0, void @empty_0, void @empty_0, i32 4294967295, i32 0"   --->   Operation 237 'specinterface' 'specinterface_ln0' <Predicate = true> <Delay = 0.00>
ST_28 : Operation 238 [1/1] (0.00ns)   --->   "%specbitsmap_ln0 = specbitsmap void @_ssdm_op_SpecBitsMap, i16 %layer20_out"   --->   Operation 238 'specbitsmap' 'specbitsmap_ln0' <Predicate = true> <Delay = 0.00>
ST_28 : Operation 239 [1/3] (1.17ns)   --->   "%call_ret = call i10 @sigmoid<ap_fixed<16, 6, 5, 3, 0>, ap_fixed<16, 6, 5, 3, 0>, sigmoid_config19>, i16 %layer17_out_V, i10 %sigmoid_table" [firmware/tau_nn.cpp:90]   --->   Operation 239 'call' 'call_ret' <Predicate = true> <Delay = 1.17> <CoreType = "Generic">   --->   Core 0 '' <Latency = 0> <II = 1> <Delay = 1.00> <Generic> <Opcode : >
ST_28 : Operation 240 [1/1] (0.00ns)   --->   "%zext_ln90 = zext i10 %call_ret" [firmware/tau_nn.cpp:90]   --->   Operation 240 'zext' 'zext_ln90' <Predicate = true> <Delay = 0.00>
ST_28 : Operation 241 [1/1] (0.00ns)   --->   "%write_ln90 = write void @_ssdm_op_Write.ap_auto.i16P0A, i16 %layer19_out, i16 %zext_ln90" [firmware/tau_nn.cpp:90]   --->   Operation 241 'write' 'write_ln90' <Predicate = true> <Delay = 0.00>
ST_28 : Operation 242 [1/1] (0.00ns)   --->   "%sext_ln41 = sext i14 %call_ret11" [firmware/nnet_utils/nnet_dense.h:41]   --->   Operation 242 'sext' 'sext_ln41' <Predicate = true> <Delay = 0.00>
ST_28 : Operation 243 [1/1] (0.00ns)   --->   "%write_ln41 = write void @_ssdm_op_Write.ap_auto.i16P0A, i16 %layer20_out, i16 %sext_ln41" [firmware/nnet_utils/nnet_dense.h:41]   --->   Operation 243 'write' 'write_ln41' <Predicate = true> <Delay = 0.00>
ST_28 : Operation 244 [1/1] (0.00ns)   --->   "%ret_ln94 = ret" [firmware/tau_nn.cpp:94]   --->   Operation 244 'ret' 'ret_ln94' <Predicate = true> <Delay = 0.00>


============================================================
+ Verbose Summary: Timing violations
============================================================
Target clock period: 2.8ns, clock uncertainty: 0.35ns.

 <State 1>: 2.32ns
The critical path consists of the following:
	wire read operation ('model_input_read', firmware/nnet_utils/nnet_dense.h:41) on port 'model_input' (firmware/nnet_utils/nnet_dense.h:41) [13]  (0 ns)
	'call' operation ('call_ret1', firmware/nnet_utils/nnet_dense.h:41) to 'dense_latency<ap_fixed<16, 6, 5, 3, 0>, ap_fixed<16, 6, 5, 3, 0>, config2>' [14]  (2.32 ns)

 <State 2>: 2.44ns
The critical path consists of the following:
	'call' operation ('call_ret1', firmware/nnet_utils/nnet_dense.h:41) to 'dense_latency<ap_fixed<16, 6, 5, 3, 0>, ap_fixed<16, 6, 5, 3, 0>, config2>' [14]  (2.44 ns)

 <State 3>: 2.44ns
The critical path consists of the following:
	'call' operation ('call_ret1', firmware/nnet_utils/nnet_dense.h:41) to 'dense_latency<ap_fixed<16, 6, 5, 3, 0>, ap_fixed<16, 6, 5, 3, 0>, config2>' [14]  (2.44 ns)

 <State 4>: 2.21ns
The critical path consists of the following:
	'call' operation ('call_ret1', firmware/nnet_utils/nnet_dense.h:41) to 'dense_latency<ap_fixed<16, 6, 5, 3, 0>, ap_fixed<16, 6, 5, 3, 0>, config2>' [14]  (2.21 ns)

 <State 5>: 1.32ns
The critical path consists of the following:
	'call' operation ('call_ret2', firmware/tau_nn.cpp:52) to 'relu<ap_fixed<16, 6, 5, 3, 0>, ap_ufixed<9, 0, 4, 0, 0>, relu_config4>' [40]  (1.32 ns)

 <State 6>: 2.29ns
The critical path consists of the following:
	'call' operation ('call_ret3', firmware/nnet_utils/nnet_dense.h:41) to 'dense_latency<ap_ufixed<9, 0, 4, 0, 0>, ap_fixed<16, 6, 5, 3, 0>, config5>' [66]  (2.29 ns)

 <State 7>: 2.4ns
The critical path consists of the following:
	'call' operation ('call_ret3', firmware/nnet_utils/nnet_dense.h:41) to 'dense_latency<ap_ufixed<9, 0, 4, 0, 0>, ap_fixed<16, 6, 5, 3, 0>, config5>' [66]  (2.4 ns)

 <State 8>: 2.4ns
The critical path consists of the following:
	'call' operation ('call_ret3', firmware/nnet_utils/nnet_dense.h:41) to 'dense_latency<ap_ufixed<9, 0, 4, 0, 0>, ap_fixed<16, 6, 5, 3, 0>, config5>' [66]  (2.4 ns)

 <State 9>: 2.4ns
The critical path consists of the following:
	'call' operation ('call_ret3', firmware/nnet_utils/nnet_dense.h:41) to 'dense_latency<ap_ufixed<9, 0, 4, 0, 0>, ap_fixed<16, 6, 5, 3, 0>, config5>' [66]  (2.4 ns)

 <State 10>: 1.32ns
The critical path consists of the following:
	'call' operation ('call_ret4', firmware/tau_nn.cpp:60) to 'relu<ap_fixed<16, 6, 5, 3, 0>, ap_ufixed<9, 0, 4, 0, 0>, relu_config7>' [92]  (1.32 ns)

 <State 11>: 2.35ns
The critical path consists of the following:
	'call' operation ('call_ret5', firmware/nnet_utils/nnet_dense.h:41) to 'dense_latency<ap_ufixed<9, 0, 4, 0, 0>, ap_fixed<16, 6, 5, 3, 0>, config8>' [118]  (2.35 ns)

 <State 12>: 2.43ns
The critical path consists of the following:
	'call' operation ('call_ret5', firmware/nnet_utils/nnet_dense.h:41) to 'dense_latency<ap_ufixed<9, 0, 4, 0, 0>, ap_fixed<16, 6, 5, 3, 0>, config8>' [118]  (2.43 ns)

 <State 13>: 2.43ns
The critical path consists of the following:
	'call' operation ('call_ret5', firmware/nnet_utils/nnet_dense.h:41) to 'dense_latency<ap_ufixed<9, 0, 4, 0, 0>, ap_fixed<16, 6, 5, 3, 0>, config8>' [118]  (2.43 ns)

 <State 14>: 2.16ns
The critical path consists of the following:
	'call' operation ('call_ret5', firmware/nnet_utils/nnet_dense.h:41) to 'dense_latency<ap_ufixed<9, 0, 4, 0, 0>, ap_fixed<16, 6, 5, 3, 0>, config8>' [118]  (2.16 ns)

 <State 15>: 1.32ns
The critical path consists of the following:
	'call' operation ('call_ret6', firmware/tau_nn.cpp:68) to 'relu<ap_fixed<16, 6, 5, 3, 0>, ap_ufixed<9, 0, 4, 0, 0>, relu_config10>' [134]  (1.32 ns)

 <State 16>: 2.33ns
The critical path consists of the following:
	'call' operation ('call_ret7', firmware/nnet_utils/nnet_dense.h:41) to 'dense_latency<ap_ufixed<9, 0, 4, 0, 0>, ap_fixed<16, 6, 5, 3, 0>, config11>' [150]  (2.33 ns)

 <State 17>: 2.38ns
The critical path consists of the following:
	'call' operation ('call_ret7', firmware/nnet_utils/nnet_dense.h:41) to 'dense_latency<ap_ufixed<9, 0, 4, 0, 0>, ap_fixed<16, 6, 5, 3, 0>, config11>' [150]  (2.38 ns)

 <State 18>: 1.32ns
The critical path consists of the following:
	'call' operation ('call_ret8', firmware/tau_nn.cpp:76) to 'relu<ap_fixed<16, 6, 5, 3, 0>, ap_ufixed<9, 0, 4, 0, 0>, relu_config13>' [165]  (1.32 ns)

 <State 19>: 2.36ns
The critical path consists of the following:
	'call' operation ('call_ret9', firmware/nnet_utils/nnet_dense.h:41) to 'dense_latency<ap_ufixed<9, 0, 4, 0, 0>, ap_fixed<16, 6, 5, 3, 0>, config14>' [180]  (2.36 ns)

 <State 20>: 2.41ns
The critical path consists of the following:
	'call' operation ('call_ret9', firmware/nnet_utils/nnet_dense.h:41) to 'dense_latency<ap_ufixed<9, 0, 4, 0, 0>, ap_fixed<16, 6, 5, 3, 0>, config14>' [180]  (2.41 ns)

 <State 21>: 1.32ns
The critical path consists of the following:
	'call' operation ('call_ret10', firmware/tau_nn.cpp:84) to 'relu<ap_fixed<16, 6, 5, 3, 0>, ap_ufixed<9, 0, 4, 0, 0>, relu_config16>' [188]  (1.32 ns)

 <State 22>: 1.88ns
The critical path consists of the following:
	'call' operation ('layer17_out.V', firmware/nnet_utils/nnet_dense.h:41) to 'dense_latency<ap_ufixed<9, 0, 4, 0, 0>, ap_fixed<16, 6, 5, 3, 0>, config17>' [196]  (1.88 ns)

 <State 23>: 2.21ns
The critical path consists of the following:
	'call' operation ('call_ret11', firmware/nnet_utils/nnet_dense.h:41) to 'dense_latency<ap_ufixed<9, 0, 4, 0, 0>, ap_fixed<16, 6, 5, 3, 0>, config20>' [200]  (2.21 ns)

 <State 24>: 1.88ns
The critical path consists of the following:
	'call' operation ('layer17_out.V', firmware/nnet_utils/nnet_dense.h:41) to 'dense_latency<ap_ufixed<9, 0, 4, 0, 0>, ap_fixed<16, 6, 5, 3, 0>, config17>' [196]  (1.88 ns)

 <State 25>: 0.827ns
The critical path consists of the following:
	'call' operation ('layer17_out.V', firmware/nnet_utils/nnet_dense.h:41) to 'dense_latency<ap_ufixed<9, 0, 4, 0, 0>, ap_fixed<16, 6, 5, 3, 0>, config17>' [196]  (0.827 ns)

 <State 26>: 2.16ns
The critical path consists of the following:
	'call' operation ('call_ret', firmware/tau_nn.cpp:90) to 'sigmoid<ap_fixed<16, 6, 5, 3, 0>, ap_fixed<16, 6, 5, 3, 0>, sigmoid_config19>' [197]  (2.16 ns)

 <State 27>: 2.16ns
The critical path consists of the following:
	'call' operation ('call_ret', firmware/tau_nn.cpp:90) to 'sigmoid<ap_fixed<16, 6, 5, 3, 0>, ap_fixed<16, 6, 5, 3, 0>, sigmoid_config19>' [197]  (2.16 ns)

 <State 28>: 1.18ns
The critical path consists of the following:
	'call' operation ('call_ret', firmware/tau_nn.cpp:90) to 'sigmoid<ap_fixed<16, 6, 5, 3, 0>, ap_fixed<16, 6, 5, 3, 0>, sigmoid_config19>' [197]  (1.18 ns)


============================================================
+ Verbose Summary: Binding
============================================================
N/A
* FSMD analyzer results:
  - Output states:
 - Input state : 
  - Chain level:
	State 1
	State 2
	State 3
	State 4
	State 5
	State 6
	State 7
	State 8
	State 9
	State 10
	State 11
	State 12
	State 13
	State 14
	State 15
	State 16
	State 17
	State 18
	State 19
	State 20
	State 21
	State 22
	State 23
	State 24
	State 25
	State 26
	State 27
	State 28


============================================================
+ Verbose Summary: Datapath Resource usage 
============================================================
N/A
