

================================================================
== Vitis HLS Report for 'dense_latency_ap_ufixed_9_0_4_0_0_ap_fixed_16_6_5_3_0_config5_s'
================================================================
* Date:           Thu Jan 11 03:43:01 2024

* Version:        2022.1 (Build 3526262 on Mon Apr 18 15:47:01 MDT 2022)
* Project:        tau_nn_prj
* Solution:       solution1 (Vivado IP Flow Target)
* Product family: virtexuplus
* Target device:  xcvu9p-flga2104-2L-e


================================================================
== Performance Estimates
================================================================
+ Timing: 
    * Summary: 
    +--------+---------+----------+------------+
    |  Clock |  Target | Estimated| Uncertainty|
    +--------+---------+----------+------------+
    |ap_clk  |  2.80 ns|  2.402 ns|     0.35 ns|
    +--------+---------+----------+------------+

+ Latency: 
    * Summary: 
    +---------+---------+----------+----------+-----+-----+---------+
    |  Latency (cycles) |  Latency (absolute) |  Interval | Pipeline|
    |   min   |   max   |    min   |    max   | min | max |   Type  |
    +---------+---------+----------+----------+-----+-----+---------+
    |        2|        2|  5.600 ns|  5.600 ns|    1|    1|      yes|
    +---------+---------+----------+----------+-----+-----+---------+

    + Detail: 
        * Instance: 
        N/A

        * Loop: 
        N/A



================================================================
== Utilization Estimates
================================================================
* Summary: 
+---------------------+---------+------+---------+---------+-----+
|         Name        | BRAM_18K|  DSP |    FF   |   LUT   | URAM|
+---------------------+---------+------+---------+---------+-----+
|DSP                  |        -|     -|        -|        -|    -|
|Expression           |        -|     -|        0|     8206|    -|
|FIFO                 |        -|     -|        -|        -|    -|
|Instance             |        -|     0|        0|     4557|    -|
|Memory               |        -|     -|        -|        -|    -|
|Multiplexer          |        -|     -|        -|      350|    -|
|Register             |        -|     -|     2890|        -|    -|
+---------------------+---------+------+---------+---------+-----+
|Total                |        0|     0|     2890|    13113|    0|
+---------------------+---------+------+---------+---------+-----+
|Available SLR        |     1440|  2280|   788160|   394080|  320|
+---------------------+---------+------+---------+---------+-----+
|Utilization SLR (%)  |        0|     0|       ~0|        3|    0|
+---------------------+---------+------+---------+---------+-----+
|Available            |     4320|  6840|  2364480|  1182240|  960|
+---------------------+---------+------+---------+---------+-----+
|Utilization (%)      |        0|     0|       ~0|        1|    0|
+---------------------+---------+------+---------+---------+-----+

+ Detail: 
    * Instance: 
    +-------------------------+--------------------+---------+----+---+----+-----+
    |         Instance        |       Module       | BRAM_18K| DSP| FF| LUT| URAM|
    +-------------------------+--------------------+---------+----+---+----+-----+
    |mul_9ns_5ns_13_1_0_U275  |mul_9ns_5ns_13_1_0  |        0|   0|  0|  49|    0|
    |mul_9ns_5ns_13_1_0_U279  |mul_9ns_5ns_13_1_0  |        0|   0|  0|  49|    0|
    |mul_9ns_5ns_13_1_0_U293  |mul_9ns_5ns_13_1_0  |        0|   0|  0|  49|    0|
    |mul_9ns_5ns_13_1_0_U296  |mul_9ns_5ns_13_1_0  |        0|   0|  0|  49|    0|
    |mul_9ns_5ns_13_1_0_U298  |mul_9ns_5ns_13_1_0  |        0|   0|  0|  49|    0|
    |mul_9ns_5ns_13_1_0_U313  |mul_9ns_5ns_13_1_0  |        0|   0|  0|  49|    0|
    |mul_9ns_5ns_13_1_0_U317  |mul_9ns_5ns_13_1_0  |        0|   0|  0|  49|    0|
    |mul_9ns_5s_14_1_0_U237   |mul_9ns_5s_14_1_0   |        0|   0|  0|  49|    0|
    |mul_9ns_5s_14_1_0_U240   |mul_9ns_5s_14_1_0   |        0|   0|  0|  49|    0|
    |mul_9ns_5s_14_1_0_U295   |mul_9ns_5s_14_1_0   |        0|   0|  0|  49|    0|
    |mul_9ns_5s_14_1_0_U299   |mul_9ns_5s_14_1_0   |        0|   0|  0|  49|    0|
    |mul_9ns_5s_14_1_0_U303   |mul_9ns_5s_14_1_0   |        0|   0|  0|  49|    0|
    |mul_9ns_5s_14_1_0_U321   |mul_9ns_5s_14_1_0   |        0|   0|  0|  49|    0|
    |mul_9ns_6ns_14_1_0_U235  |mul_9ns_6ns_14_1_0  |        0|   0|  0|  49|    0|
    |mul_9ns_6ns_14_1_0_U239  |mul_9ns_6ns_14_1_0  |        0|   0|  0|  49|    0|
    |mul_9ns_6ns_14_1_0_U241  |mul_9ns_6ns_14_1_0  |        0|   0|  0|  49|    0|
    |mul_9ns_6ns_14_1_0_U247  |mul_9ns_6ns_14_1_0  |        0|   0|  0|  49|    0|
    |mul_9ns_6ns_14_1_0_U249  |mul_9ns_6ns_14_1_0  |        0|   0|  0|  49|    0|
    |mul_9ns_6ns_14_1_0_U251  |mul_9ns_6ns_14_1_0  |        0|   0|  0|  49|    0|
    |mul_9ns_6ns_14_1_0_U253  |mul_9ns_6ns_14_1_0  |        0|   0|  0|  49|    0|
    |mul_9ns_6ns_14_1_0_U255  |mul_9ns_6ns_14_1_0  |        0|   0|  0|  49|    0|
    |mul_9ns_6ns_14_1_0_U257  |mul_9ns_6ns_14_1_0  |        0|   0|  0|  49|    0|
    |mul_9ns_6ns_14_1_0_U259  |mul_9ns_6ns_14_1_0  |        0|   0|  0|  49|    0|
    |mul_9ns_6ns_14_1_0_U260  |mul_9ns_6ns_14_1_0  |        0|   0|  0|  49|    0|
    |mul_9ns_6ns_14_1_0_U262  |mul_9ns_6ns_14_1_0  |        0|   0|  0|  49|    0|
    |mul_9ns_6ns_14_1_0_U268  |mul_9ns_6ns_14_1_0  |        0|   0|  0|  49|    0|
    |mul_9ns_6ns_14_1_0_U272  |mul_9ns_6ns_14_1_0  |        0|   0|  0|  49|    0|
    |mul_9ns_6ns_14_1_0_U273  |mul_9ns_6ns_14_1_0  |        0|   0|  0|  49|    0|
    |mul_9ns_6ns_14_1_0_U274  |mul_9ns_6ns_14_1_0  |        0|   0|  0|  49|    0|
    |mul_9ns_6ns_14_1_0_U276  |mul_9ns_6ns_14_1_0  |        0|   0|  0|  49|    0|
    |mul_9ns_6ns_14_1_0_U277  |mul_9ns_6ns_14_1_0  |        0|   0|  0|  49|    0|
    |mul_9ns_6ns_14_1_0_U281  |mul_9ns_6ns_14_1_0  |        0|   0|  0|  49|    0|
    |mul_9ns_6ns_14_1_0_U282  |mul_9ns_6ns_14_1_0  |        0|   0|  0|  49|    0|
    |mul_9ns_6ns_14_1_0_U285  |mul_9ns_6ns_14_1_0  |        0|   0|  0|  49|    0|
    |mul_9ns_6ns_14_1_0_U289  |mul_9ns_6ns_14_1_0  |        0|   0|  0|  49|    0|
    |mul_9ns_6ns_14_1_0_U297  |mul_9ns_6ns_14_1_0  |        0|   0|  0|  49|    0|
    |mul_9ns_6ns_14_1_0_U300  |mul_9ns_6ns_14_1_0  |        0|   0|  0|  49|    0|
    |mul_9ns_6ns_14_1_0_U310  |mul_9ns_6ns_14_1_0  |        0|   0|  0|  49|    0|
    |mul_9ns_6ns_14_1_0_U315  |mul_9ns_6ns_14_1_0  |        0|   0|  0|  49|    0|
    |mul_9ns_6ns_14_1_0_U316  |mul_9ns_6ns_14_1_0  |        0|   0|  0|  49|    0|
    |mul_9ns_6ns_14_1_0_U318  |mul_9ns_6ns_14_1_0  |        0|   0|  0|  49|    0|
    |mul_9ns_6ns_14_1_0_U320  |mul_9ns_6ns_14_1_0  |        0|   0|  0|  49|    0|
    |mul_9ns_6ns_14_1_0_U324  |mul_9ns_6ns_14_1_0  |        0|   0|  0|  49|    0|
    |mul_9ns_6ns_14_1_0_U325  |mul_9ns_6ns_14_1_0  |        0|   0|  0|  49|    0|
    |mul_9ns_6ns_14_1_0_U327  |mul_9ns_6ns_14_1_0  |        0|   0|  0|  49|    0|
    |mul_9ns_6s_15_1_0_U242   |mul_9ns_6s_15_1_0   |        0|   0|  0|  49|    0|
    |mul_9ns_6s_15_1_0_U244   |mul_9ns_6s_15_1_0   |        0|   0|  0|  49|    0|
    |mul_9ns_6s_15_1_0_U248   |mul_9ns_6s_15_1_0   |        0|   0|  0|  49|    0|
    |mul_9ns_6s_15_1_0_U261   |mul_9ns_6s_15_1_0   |        0|   0|  0|  49|    0|
    |mul_9ns_6s_15_1_0_U263   |mul_9ns_6s_15_1_0   |        0|   0|  0|  49|    0|
    |mul_9ns_6s_15_1_0_U264   |mul_9ns_6s_15_1_0   |        0|   0|  0|  49|    0|
    |mul_9ns_6s_15_1_0_U265   |mul_9ns_6s_15_1_0   |        0|   0|  0|  49|    0|
    |mul_9ns_6s_15_1_0_U271   |mul_9ns_6s_15_1_0   |        0|   0|  0|  49|    0|
    |mul_9ns_6s_15_1_0_U278   |mul_9ns_6s_15_1_0   |        0|   0|  0|  49|    0|
    |mul_9ns_6s_15_1_0_U286   |mul_9ns_6s_15_1_0   |        0|   0|  0|  49|    0|
    |mul_9ns_6s_15_1_0_U294   |mul_9ns_6s_15_1_0   |        0|   0|  0|  49|    0|
    |mul_9ns_6s_15_1_0_U301   |mul_9ns_6s_15_1_0   |        0|   0|  0|  49|    0|
    |mul_9ns_6s_15_1_0_U304   |mul_9ns_6s_15_1_0   |        0|   0|  0|  49|    0|
    |mul_9ns_6s_15_1_0_U306   |mul_9ns_6s_15_1_0   |        0|   0|  0|  49|    0|
    |mul_9ns_6s_15_1_0_U309   |mul_9ns_6s_15_1_0   |        0|   0|  0|  49|    0|
    |mul_9ns_6s_15_1_0_U312   |mul_9ns_6s_15_1_0   |        0|   0|  0|  49|    0|
    |mul_9ns_6s_15_1_0_U314   |mul_9ns_6s_15_1_0   |        0|   0|  0|  49|    0|
    |mul_9ns_6s_15_1_0_U319   |mul_9ns_6s_15_1_0   |        0|   0|  0|  49|    0|
    |mul_9ns_6s_15_1_0_U323   |mul_9ns_6s_15_1_0   |        0|   0|  0|  49|    0|
    |mul_9ns_7ns_15_1_0_U243  |mul_9ns_7ns_15_1_0  |        0|   0|  0|  49|    0|
    |mul_9ns_7ns_15_1_0_U250  |mul_9ns_7ns_15_1_0  |        0|   0|  0|  49|    0|
    |mul_9ns_7ns_15_1_0_U256  |mul_9ns_7ns_15_1_0  |        0|   0|  0|  49|    0|
    |mul_9ns_7ns_15_1_0_U258  |mul_9ns_7ns_15_1_0  |        0|   0|  0|  49|    0|
    |mul_9ns_7ns_15_1_0_U267  |mul_9ns_7ns_15_1_0  |        0|   0|  0|  49|    0|
    |mul_9ns_7ns_15_1_0_U284  |mul_9ns_7ns_15_1_0  |        0|   0|  0|  49|    0|
    |mul_9ns_7ns_15_1_0_U288  |mul_9ns_7ns_15_1_0  |        0|   0|  0|  49|    0|
    |mul_9ns_7ns_15_1_0_U291  |mul_9ns_7ns_15_1_0  |        0|   0|  0|  49|    0|
    |mul_9ns_7ns_15_1_0_U292  |mul_9ns_7ns_15_1_0  |        0|   0|  0|  49|    0|
    |mul_9ns_7ns_15_1_0_U302  |mul_9ns_7ns_15_1_0  |        0|   0|  0|  49|    0|
    |mul_9ns_7ns_15_1_0_U307  |mul_9ns_7ns_15_1_0  |        0|   0|  0|  49|    0|
    |mul_9ns_7ns_15_1_0_U326  |mul_9ns_7ns_15_1_0  |        0|   0|  0|  49|    0|
    |mul_9ns_7s_16_1_0_U236   |mul_9ns_7s_16_1_0   |        0|   0|  0|  49|    0|
    |mul_9ns_7s_16_1_0_U238   |mul_9ns_7s_16_1_0   |        0|   0|  0|  49|    0|
    |mul_9ns_7s_16_1_0_U245   |mul_9ns_7s_16_1_0   |        0|   0|  0|  49|    0|
    |mul_9ns_7s_16_1_0_U246   |mul_9ns_7s_16_1_0   |        0|   0|  0|  49|    0|
    |mul_9ns_7s_16_1_0_U252   |mul_9ns_7s_16_1_0   |        0|   0|  0|  49|    0|
    |mul_9ns_7s_16_1_0_U254   |mul_9ns_7s_16_1_0   |        0|   0|  0|  49|    0|
    |mul_9ns_7s_16_1_0_U266   |mul_9ns_7s_16_1_0   |        0|   0|  0|  49|    0|
    |mul_9ns_7s_16_1_0_U269   |mul_9ns_7s_16_1_0   |        0|   0|  0|  49|    0|
    |mul_9ns_7s_16_1_0_U270   |mul_9ns_7s_16_1_0   |        0|   0|  0|  49|    0|
    |mul_9ns_7s_16_1_0_U280   |mul_9ns_7s_16_1_0   |        0|   0|  0|  49|    0|
    |mul_9ns_7s_16_1_0_U287   |mul_9ns_7s_16_1_0   |        0|   0|  0|  49|    0|
    |mul_9ns_7s_16_1_0_U308   |mul_9ns_7s_16_1_0   |        0|   0|  0|  49|    0|
    |mul_9ns_7s_16_1_0_U311   |mul_9ns_7s_16_1_0   |        0|   0|  0|  49|    0|
    |mul_9ns_7s_16_1_0_U322   |mul_9ns_7s_16_1_0   |        0|   0|  0|  49|    0|
    |mul_9ns_8ns_16_1_0_U283  |mul_9ns_8ns_16_1_0  |        0|   0|  0|  49|    0|
    |mul_9ns_8s_17_1_0_U290   |mul_9ns_8s_17_1_0   |        0|   0|  0|  49|    0|
    |mul_9ns_8s_17_1_0_U305   |mul_9ns_8s_17_1_0   |        0|   0|  0|  49|    0|
    +-------------------------+--------------------+---------+----+---+----+-----+
    |Total                    |                    |        0|   0|  0|4557|    0|
    +-------------------------+--------------------+---------+----+---+----+-----+

    * DSP: 
    N/A

    * Memory: 
    N/A

    * FIFO: 
    N/A

    * Expression: 
    +----------------------------+----------+----+---+----+------------+------------+
    |        Variable Name       | Operation| DSP| FF| LUT| Bitwidth P0| Bitwidth P1|
    +----------------------------+----------+----+---+----+------------+------------+
    |add_ln859_100_fu_92230_p2   |         +|   0|  0|  23|          16|          16|
    |add_ln859_101_fu_92240_p2   |         +|   0|  0|  20|          20|          13|
    |add_ln859_35_fu_90914_p2    |         +|   0|  0|  27|          20|          13|
    |add_ln859_37_fu_90950_p2    |         +|   0|  0|  23|          16|          16|
    |add_ln859_38_fu_90960_p2    |         +|   0|  0|  22|          22|          13|
    |add_ln859_40_fu_91035_p2    |         +|   0|  0|  22|          22|          14|
    |add_ln859_43_fu_91094_p2    |         +|   0|  0|  28|          21|          12|
    |add_ln859_45_fu_91143_p2    |         +|   0|  0|  22|          22|          14|
    |add_ln859_47_fu_91179_p2    |         +|   0|  0|  26|          19|          13|
    |add_ln859_49_fu_91228_p2    |         +|   0|  0|  22|          22|          22|
    |add_ln859_51_fu_91269_p2    |         +|   0|  0|  24|          17|          17|
    |add_ln859_52_fu_91279_p2    |         +|   0|  0|  29|          22|          12|
    |add_ln859_53_fu_91285_p2    |         +|   0|  0|  22|          22|          22|
    |add_ln859_55_fu_91321_p2    |         +|   0|  0|  22|          22|          13|
    |add_ln859_57_fu_91388_p2    |         +|   0|  0|  22|          22|          11|
    |add_ln859_59_fu_91420_p2    |         +|   0|  0|  24|          17|          17|
    |add_ln859_60_fu_91430_p2    |         +|   0|  0|  28|          21|          21|
    |add_ln859_61_fu_91440_p2    |         +|   0|  0|  29|          22|          14|
    |add_ln859_62_fu_91446_p2    |         +|   0|  0|  22|          22|          22|
    |add_ln859_64_fu_91504_p2    |         +|   0|  0|  23|          16|          16|
    |add_ln859_65_fu_91514_p2    |         +|   0|  0|  22|          22|          15|
    |add_ln859_67_fu_91537_p2    |         +|   0|  0|  24|          17|          17|
    |add_ln859_68_fu_91547_p2    |         +|   0|  0|  19|          19|          14|
    |add_ln859_70_fu_91601_p2    |         +|   0|  0|  19|          19|          13|
    |add_ln859_72_fu_91663_p2    |         +|   0|  0|  20|          20|          13|
    |add_ln859_74_fu_91714_p2    |         +|   0|  0|  24|          17|          17|
    |add_ln859_75_fu_91724_p2    |         +|   0|  0|  19|          19|          14|
    |add_ln859_77_fu_91769_p2    |         +|   0|  0|  17|          17|          17|
    |add_ln859_78_fu_91775_p2    |         +|   0|  0|  17|          17|          17|
    |add_ln859_79_fu_91785_p2    |         +|   0|  0|  24|          17|          17|
    |add_ln859_80_fu_91795_p2    |         +|   0|  0|  29|          22|          13|
    |add_ln859_81_fu_91801_p2    |         +|   0|  0|  22|          22|          22|
    |add_ln859_83_fu_91855_p2    |         +|   0|  0|  25|          18|          18|
    |add_ln859_84_fu_91865_p2    |         +|   0|  0|  22|          22|          14|
    |add_ln859_86_fu_91923_p2    |         +|   0|  0|  20|          20|          14|
    |add_ln859_88_fu_91959_p2    |         +|   0|  0|  22|          22|          15|
    |add_ln859_90_fu_92046_p2    |         +|   0|  0|  22|          22|          14|
    |add_ln859_92_fu_92069_p2    |         +|   0|  0|  24|          17|          17|
    |add_ln859_93_fu_92079_p2    |         +|   0|  0|  25|          18|          18|
    |add_ln859_94_fu_92089_p2    |         +|   0|  0|  23|          16|          16|
    |add_ln859_95_fu_92099_p2    |         +|   0|  0|  19|          19|          14|
    |add_ln859_96_fu_92105_p2    |         +|   0|  0|  19|          19|          19|
    |add_ln859_98_fu_92158_p2    |         +|   0|  0|  22|          22|          14|
    |add_ln859_fu_90904_p2       |         +|   0|  0|  27|          20|          20|
    |addconv216_fu_89554_p2      |         +|   0|  0|  23|          16|          16|
    |addconv220_fu_89718_p2      |         +|   0|  0|  23|          16|          16|
    |addconv221_fu_90363_p2      |         +|   0|  0|  17|          17|          17|
    |addconv360_fu_91678_p2      |         +|   0|  0|  24|          17|          17|
    |addconv_fu_90077_p2         |         +|   0|  0|  16|          16|          16|
    |r_V_139_fu_86954_p2         |         +|   0|  0|  16|          15|          15|
    |r_V_156_fu_87205_p2         |         +|   0|  0|  22|          15|          15|
    |r_V_168_fu_87268_p2         |         +|   0|  0|  21|          14|          14|
    |r_V_171_fu_87275_p2         |         +|   0|  0|  21|          14|          14|
    |r_V_178_fu_87312_p2         |         +|   0|  0|  21|          14|          14|
    |r_V_185_fu_87386_p2         |         +|   0|  0|  21|          14|          14|
    |r_V_186_fu_87403_p2         |         +|   0|  0|  20|          13|          13|
    |r_V_191_fu_86666_p2         |         +|   0|  0|  19|          12|          12|
    |r_V_199_fu_87493_p2         |         +|   0|  0|  21|          14|          14|
    |r_V_201_fu_87524_p2         |         +|   0|  0|  21|          14|          14|
    |r_V_207_fu_87609_p2         |         +|   0|  0|  20|          13|          13|
    |r_V_235_fu_87922_p2         |         +|   0|  0|  21|          14|          14|
    |r_V_245_fu_88012_p2         |         +|   0|  0|  21|          14|          14|
    |r_V_252_fu_88106_p2         |         +|   0|  0|  21|          14|          14|
    |r_V_266_fu_86725_p2         |         +|   0|  0|  20|          13|          13|
    |r_V_275_fu_88306_p2         |         +|   0|  0|  21|          14|          14|
    |r_V_283_fu_88400_p2         |         +|   0|  0|  19|          12|          12|
    |r_V_284_fu_88406_p2         |         +|   0|  0|  21|          14|          14|
    |r_V_288_fu_88460_p2         |         +|   0|  0|  20|          13|          13|
    |r_V_306_fu_88629_p2         |         +|   0|  0|  21|          14|          14|
    |r_V_309_fu_88662_p2         |         +|   0|  0|  21|          14|          14|
    |r_V_317_fu_88688_p2         |         +|   0|  0|  21|          14|          14|
    |r_V_322_fu_88711_p2         |         +|   0|  0|  16|          14|          14|
    |r_V_332_fu_88813_p2         |         +|   0|  0|  21|          14|          14|
    |r_V_351_fu_88966_p2         |         +|   0|  0|  21|          14|          14|
    |r_V_360_fu_89075_p2         |         +|   0|  0|  16|          15|          15|
    |r_V_361_fu_89081_p2         |         +|   0|  0|  16|          15|          15|
    |tmp100_fu_89778_p2          |         +|   0|  0|  23|          16|          16|
    |tmp101_fu_86880_p2          |         +|   0|  0|  22|          15|          15|
    |tmp102_fu_89817_p2          |         +|   0|  0|  27|          20|          20|
    |tmp103_fu_89794_p2          |         +|   0|  0|  26|          19|          19|
    |tmp104_fu_89807_p2          |         +|   0|  0|  26|          19|          19|
    |tmp105_fu_86886_p2          |         +|   0|  0|  21|          14|          14|
    |tmp110_fu_91464_p2          |         +|   0|  0|  24|          17|          17|
    |tmp111_fu_89859_p2          |         +|   0|  0|  23|          16|          16|
    |tmp112_fu_89865_p2          |         +|   0|  0|  23|          16|          16|
    |tmp113_fu_91480_p2          |         +|   0|  0|  20|          20|          20|
    |tmp114_fu_89871_p2          |         +|   0|  0|  23|          16|          16|
    |tmp115_fu_89883_p2          |         +|   0|  0|  19|          19|          19|
    |tmp116_fu_89877_p2          |         +|   0|  0|  19|          19|          19|
    |tmp119_fu_89904_p2          |         +|   0|  0|  23|          16|          16|
    |tmp120_fu_86900_p2          |         +|   0|  0|  22|          15|          15|
    |tmp121_fu_89927_p2          |         +|   0|  0|  17|          17|          17|
    |tmp122_fu_89914_p2          |         +|   0|  0|  22|          15|          15|
    |tmp123_fu_86906_p2          |         +|   0|  0|  22|          15|          15|
    |tmp126_fu_91565_p2          |         +|   0|  0|  17|          17|          17|
    |tmp127_fu_89971_p2          |         +|   0|  0|  22|          15|          15|
    |tmp128_fu_89983_p2          |         +|   0|  0|  16|          16|          16|
    |tmp129_fu_89977_p2          |         +|   0|  0|  16|          16|          16|
    |tmp130_fu_91577_p2          |         +|   0|  0|  24|          17|          17|
    |tmp131_fu_89989_p2          |         +|   0|  0|  16|          14|          14|
    |tmp132_fu_90005_p2          |         +|   0|  0|  23|          16|          16|
    |tmp133_fu_89995_p2          |         +|   0|  0|  22|          15|          15|
    |tmp135_fu_91619_p2          |         +|   0|  0|  24|          17|          17|
    |tmp136_fu_90047_p2          |         +|   0|  0|  23|          16|          16|
    |tmp137_fu_90053_p2          |         +|   0|  0|  23|          16|          16|
    |tmp138_fu_91635_p2          |         +|   0|  0|  23|          16|          16|
    |tmp139_fu_90059_p2          |         +|   0|  0|  22|          15|          15|
    |tmp140_fu_90071_p2          |         +|   0|  0|  16|          15|          15|
    |tmp141_fu_90065_p2          |         +|   0|  0|  16|          15|          15|
    |tmp143_fu_91687_p2          |         +|   0|  0|  17|          17|          17|
    |tmp144_fu_90109_p2          |         +|   0|  0|  23|          16|          16|
    |tmp145_fu_90125_p2          |         +|   0|  0|  23|          16|          16|
    |tmp146_fu_90115_p2          |         +|   0|  0|  22|          15|          15|
    |tmp149_fu_90175_p2          |         +|   0|  0|  25|          18|          18|
    |tmp150_fu_90155_p2          |         +|   0|  0|  16|          16|          16|
    |tmp151_fu_90165_p2          |         +|   0|  0|  24|          17|          17|
    |tmp152_fu_91745_p2          |         +|   0|  0|  20|          20|          20|
    |tmp154_fu_90192_p2          |         +|   0|  0|  19|          19|          19|
    |tmp155_fu_90186_p2          |         +|   0|  0|  19|          19|          19|
    |tmp161_fu_91819_p2          |         +|   0|  0|  24|          17|          17|
    |tmp162_fu_90242_p2          |         +|   0|  0|  23|          16|          16|
    |tmp163_fu_90248_p2          |         +|   0|  0|  23|          16|          16|
    |tmp164_fu_91835_p2          |         +|   0|  0|  21|          21|          21|
    |tmp165_fu_90254_p2          |         +|   0|  0|  26|          19|          19|
    |tmp166_fu_90270_p2          |         +|   0|  0|  27|          20|          20|
    |tmp167_fu_90260_p2          |         +|   0|  0|  26|          19|          19|
    |tmp170_fu_91883_p2          |         +|   0|  0|  18|          18|          18|
    |tmp171_fu_90304_p2          |         +|   0|  0|  23|          16|          16|
    |tmp172_fu_90313_p2          |         +|   0|  0|  24|          17|          17|
    |tmp173_fu_86916_p2          |         +|   0|  0|  23|          16|          16|
    |tmp174_fu_91895_p2          |         +|   0|  0|  24|          17|          17|
    |tmp175_fu_90329_p2          |         +|   0|  0|  23|          16|          16|
    |tmp176_fu_90319_p2          |         +|   0|  0|  16|          15|          15|
    |tmp177_fu_90341_p2          |         +|   0|  0|  16|          15|          15|
    |tmp178_fu_90335_p2          |         +|   0|  0|  16|          15|          15|
    |tmp180_fu_90369_p2          |         +|   0|  0|  17|          17|          17|
    |tmp182_fu_90384_p2          |         +|   0|  0|  19|          19|          19|
    |tmp183_fu_86930_p2          |         +|   0|  0|  23|          16|          16|
    |tmp184_fu_90378_p2          |         +|   0|  0|  19|          19|          19|
    |tmp186_fu_91999_p2          |         +|   0|  0|  19|          19|          19|
    |tmp187_fu_90406_p2          |         +|   0|  0|  23|          16|          16|
    |tmp188_fu_91993_p2          |         +|   0|  0|  19|          19|          19|
    |tmp189_fu_92018_p2          |         +|   0|  0|  16|          16|          16|
    |tmp190_fu_92009_p2          |         +|   0|  0|  16|          16|          16|
    |tmp191_fu_90412_p2          |         +|   0|  0|  22|          15|          15|
    |tmp193_fu_90444_p2          |         +|   0|  0|  17|          17|          17|
    |tmp194_fu_90434_p2          |         +|   0|  0|  23|          16|          16|
    |tmp195_fu_90456_p2          |         +|   0|  0|  16|          15|          15|
    |tmp196_fu_90450_p2          |         +|   0|  0|  16|          15|          15|
    |tmp202_fu_90488_p2          |         +|   0|  0|  26|          19|          19|
    |tmp203_fu_92130_p2          |         +|   0|  0|  23|          16|          16|
    |tmp204_fu_90494_p2          |         +|   0|  0|  16|          15|          15|
    |tmp206_fu_92190_p2          |         +|   0|  0|  18|          18|          18|
    |tmp207_fu_90528_p2          |         +|   0|  0|  24|          17|          17|
    |tmp208_fu_92180_p2          |         +|   0|  0|  24|          17|          17|
    |tmp209_fu_90534_p2          |         +|   0|  0|  23|          16|          16|
    |tmp210_fu_92202_p2          |         +|   0|  0|  24|          17|          17|
    |tmp211_fu_90540_p2          |         +|   0|  0|  23|          16|          16|
    |tmp212_fu_90556_p2          |         +|   0|  0|  23|          16|          16|
    |tmp213_fu_90546_p2          |         +|   0|  0|  16|          15|          15|
    |tmp21_fu_89103_p2           |         +|   0|  0|  17|          17|          17|
    |tmp22_fu_89109_p2           |         +|   0|  0|  22|          15|          15|
    |tmp23_fu_89131_p2           |         +|   0|  0|  24|          17|          17|
    |tmp24_fu_86832_p2           |         +|   0|  0|  23|          16|          16|
    |tmp25_fu_86838_p2           |         +|   0|  0|  22|          15|          15|
    |tmp28_fu_89201_p2           |         +|   0|  0|  23|          16|          16|
    |tmp29_fu_89181_p2           |         +|   0|  0|  22|          15|          15|
    |tmp30_fu_89191_p2           |         +|   0|  0|  16|          14|          14|
    |tmp31_fu_89233_p2           |         +|   0|  0|  27|          20|          20|
    |tmp32_fu_89207_p2           |         +|   0|  0|  26|          19|          19|
    |tmp33_fu_89223_p2           |         +|   0|  0|  19|          19|          19|
    |tmp34_fu_89217_p2           |         +|   0|  0|  19|          19|          19|
    |tmp37_fu_90988_p2           |         +|   0|  0|  23|          16|          16|
    |tmp38_fu_89255_p2           |         +|   0|  0|  22|          15|          15|
    |tmp39_fu_89261_p2           |         +|   0|  0|  16|          15|          15|
    |tmp40_fu_91007_p2           |         +|   0|  0|  19|          19|          19|
    |tmp41_fu_90998_p2           |         +|   0|  0|  19|          19|          19|
    |tmp42_fu_89277_p2           |         +|   0|  0|  23|          16|          16|
    |tmp43_fu_89267_p2           |         +|   0|  0|  22|          15|          15|
    |tmp45_fu_89299_p2           |         +|   0|  0|  23|          16|          16|
    |tmp46_fu_91057_p2           |         +|   0|  0|  20|          20|          20|
    |tmp47_fu_89305_p2           |         +|   0|  0|  26|          19|          19|
    |tmp48_fu_89360_p2           |         +|   0|  0|  23|          16|          16|
    |tmp49_fu_89347_p2           |         +|   0|  0|  16|          15|          15|
    |tmp50598_fu_90886_p2        |         +|   0|  0|  25|          18|          18|
    |tmp50_fu_86848_p2           |         +|   0|  0|  21|          14|          14|
    |tmp51497_fu_90936_p2        |         +|   0|  0|  28|          21|          21|
    |tmp51_fu_89396_p2           |         +|   0|  0|  20|          20|          20|
    |tmp52394_fu_91017_p2        |         +|   0|  0|  27|          20|          20|
    |tmp52892_fu_91063_p2        |         +|   0|  0|  20|          20|          20|
    |tmp52_fu_89370_p2           |         +|   0|  0|  26|          19|          19|
    |tmp53790_fu_89402_p2        |         +|   0|  0|  20|          20|          20|
    |tmp53_fu_89386_p2           |         +|   0|  0|  19|          19|          19|
    |tmp54589_fu_91129_p2        |         +|   0|  0|  28|          21|          21|
    |tmp54_fu_89380_p2           |         +|   0|  0|  19|          19|          19|
    |tmp55086_fu_91161_p2        |         +|   0|  0|  24|          17|          17|
    |tmp55884_fu_91210_p2        |         +|   0|  0|  20|          20|          20|
    |tmp56583_fu_91255_p2        |         +|   0|  0|  21|          21|          21|
    |tmp56_fu_91116_p2           |         +|   0|  0|  24|          17|          17|
    |tmp57380_fu_91303_p2        |         +|   0|  0|  27|          20|          20|
    |tmp57_fu_89444_p2           |         +|   0|  0|  23|          16|          16|
    |tmp58378_fu_91370_p2        |         +|   0|  0|  27|          20|          20|
    |tmp58_fu_89450_p2           |         +|   0|  0|  16|          16|          16|
    |tmp59377_fu_91406_p2        |         +|   0|  0|  28|          21|          21|
    |tmp59_fu_89476_p2           |         +|   0|  0|  27|          20|          20|
    |tmp60274_fu_91486_p2        |         +|   0|  0|  20|          20|          20|
    |tmp60972_fu_89933_p2        |         +|   0|  0|  17|          17|          17|
    |tmp60_fu_89456_p2           |         +|   0|  0|  26|          19|          19|
    |tmp61970_fu_91583_p2        |         +|   0|  0|  17|          17|          17|
    |tmp61_fu_89466_p2           |         +|   0|  0|  26|          19|          19|
    |tmp62868_fu_91645_p2        |         +|   0|  0|  25|          18|          18|
    |tmp63766_fu_91696_p2        |         +|   0|  0|  17|          17|          17|
    |tmp63_fu_89498_p2           |         +|   0|  0|  22|          15|          15|
    |tmp64664_fu_91751_p2        |         +|   0|  0|  20|          20|          20|
    |tmp64_fu_89514_p2           |         +|   0|  0|  23|          16|          16|
    |tmp65563_fu_91841_p2        |         +|   0|  0|  21|          21|          21|
    |tmp65_fu_89504_p2           |         +|   0|  0|  22|          15|          15|
    |tmp66660_fu_91905_p2        |         +|   0|  0|  18|          18|          18|
    |tmp67358_fu_91941_p2        |         +|   0|  0|  27|          20|          20|
    |tmp67_fu_89564_p2           |         +|   0|  0|  24|          17|          17|
    |tmp68156_fu_92028_p2        |         +|   0|  0|  27|          20|          20|
    |tmp68754_fu_90466_p2        |         +|   0|  0|  17|          17|          17|
    |tmp68_fu_89544_p2           |         +|   0|  0|  23|          16|          16|
    |tmp69252_fu_92140_p2        |         +|   0|  0|  27|          20|          20|
    |tmp70250_fu_92212_p2        |         +|   0|  0|  18|          18|          18|
    |tmp70_fu_91204_p2           |         +|   0|  0|  20|          20|          20|
    |tmp71_fu_89570_p2           |         +|   0|  0|  22|          15|          15|
    |tmp72_fu_89576_p2           |         +|   0|  0|  26|          19|          19|
    |tmp76_fu_91249_p2           |         +|   0|  0|  21|          21|          21|
    |tmp77_fu_89614_p2           |         +|   0|  0|  23|          16|          16|
    |tmp78_fu_89620_p2           |         +|   0|  0|  26|          19|          19|
    |tmp82_fu_89662_p2           |         +|   0|  0|  16|          16|          16|
    |tmp84_fu_89652_p2           |         +|   0|  0|  21|          14|          14|
    |tmp85_fu_89684_p2           |         +|   0|  0|  19|          19|          19|
    |tmp86_fu_89668_p2           |         +|   0|  0|  19|          19|          19|
    |tmp87_fu_89674_p2           |         +|   0|  0|  16|          14|          14|
    |tmp89_fu_91342_p2           |         +|   0|  0|  25|          18|          18|
    |tmp91_fu_89730_p2           |         +|   0|  0|  17|          17|          17|
    |tmp92_fu_89724_p2           |         +|   0|  0|  17|          17|          17|
    |tmp93_fu_91360_p2           |         +|   0|  0|  19|          19|          19|
    |tmp94_fu_89736_p2           |         +|   0|  0|  22|          15|          15|
    |tmp95_fu_91355_p2           |         +|   0|  0|  19|          19|          19|
    |tmp96_fu_89742_p2           |         +|   0|  0|  26|          19|          19|
    |tmp98_fu_89788_p2           |         +|   0|  0|  24|          17|          17|
    |tmp99_fu_86874_p2           |         +|   0|  0|  23|          16|          16|
    |tmp_fu_89119_p2             |         +|   0|  0|  17|          17|          17|
    |x_V_15_fu_91104_p2          |         +|   0|  0|  29|          22|          22|
    |x_V_16_fu_91871_p2          |         +|   0|  0|  22|          22|          22|
    |x_V_17_fu_90924_p2          |         +|   0|  0|  28|          21|          21|
    |x_V_18_fu_91929_p2          |         +|   0|  0|  20|          20|          20|
    |x_V_19_fu_91149_p2          |         +|   0|  0|  22|          22|          22|
    |x_V_20_fu_91607_p2          |         +|   0|  0|  19|          19|          19|
    |x_V_21_fu_91081_p2          |         +|   0|  0|  29|          22|          14|
    |x_V_22_fu_91669_p2          |         +|   0|  0|  20|          20|          20|
    |x_V_23_fu_91965_p2          |         +|   0|  0|  22|          22|          22|
    |x_V_24_fu_92052_p2          |         +|   0|  0|  22|          22|          22|
    |x_V_25_fu_91041_p2          |         +|   0|  0|  22|          22|          22|
    |x_V_26_fu_91327_p2          |         +|   0|  0|  22|          22|          22|
    |x_V_27_fu_91730_p2          |         +|   0|  0|  19|          19|          19|
    |x_V_28_fu_91394_p2          |         +|   0|  0|  22|          22|          22|
    |x_V_29_fu_91452_p2          |         +|   0|  0|  22|          22|          22|
    |x_V_30_fu_92115_p2          |         +|   0|  0|  27|          20|          20|
    |x_V_31_fu_90966_p2          |         +|   0|  0|  22|          22|          22|
    |x_V_32_fu_91189_p2          |         +|   0|  0|  28|          21|          21|
    |x_V_33_fu_92164_p2          |         +|   0|  0|  22|          22|          22|
    |x_V_34_fu_92246_p2          |         +|   0|  0|  20|          20|          20|
    |x_V_35_fu_91807_p2          |         +|   0|  0|  22|          22|          22|
    |x_V_36_fu_91234_p2          |         +|   0|  0|  22|          22|          22|
    |x_V_37_fu_91520_p2          |         +|   0|  0|  22|          22|          22|
    |x_V_38_fu_91553_p2          |         +|   0|  0|  19|          19|          19|
    |x_V_fu_91291_p2             |         +|   0|  0|  22|          22|          22|
    |addconv217_fu_89602_p2      |         -|   0|  0|  16|          16|          16|
    |addconv218_fu_89608_p2      |         -|   0|  0|  16|          16|          16|
    |addconv219_fu_89646_p2      |         -|   0|  0|  16|          16|          16|
    |addconv359_fu_90083_p2      |         -|   0|  0|  16|          16|          16|
    |r_V_142_fu_86981_p2         |         -|   0|  0|  16|          16|          16|
    |r_V_144_fu_87019_p2         |         -|   0|  0|  22|          15|          15|
    |r_V_145_fu_87029_p2         |         -|   0|  0|  22|          15|          15|
    |r_V_150_fu_87070_p2         |         -|   0|  0|  21|          14|          14|
    |r_V_151_fu_87086_p2         |         -|   0|  0|  22|          15|          15|
    |r_V_152_fu_87132_p2         |         -|   0|  0|  23|          16|          16|
    |r_V_154_fu_87138_p2         |         -|   0|  0|  22|          15|          15|
    |r_V_155_fu_87188_p2         |         -|   0|  0|  24|          17|          17|
    |r_V_163_fu_87221_p2         |         -|   0|  0|  22|          15|          15|
    |r_V_164_fu_87227_p2         |         -|   0|  0|  22|          15|          15|
    |r_V_167_fu_87259_p2         |         -|   0|  0|  22|          15|          15|
    |r_V_169_fu_86620_p2         |         -|   0|  0|  22|          15|          15|
    |r_V_177_fu_87306_p2         |         -|   0|  0|  21|          14|          14|
    |r_V_180_fu_87329_p2         |         -|   0|  0|  21|          14|          14|
    |r_V_181_fu_87346_p2         |         -|   0|  0|  22|          15|          15|
    |r_V_183_fu_87370_p2         |         -|   0|  0|  21|          14|          14|
    |r_V_193_fu_87423_p2         |         -|   0|  0|  21|          14|          14|
    |r_V_194_fu_87465_p2         |         -|   0|  0|  21|          14|          14|
    |r_V_195_fu_87481_p2         |         -|   0|  0|  22|          15|          15|
    |r_V_197_fu_87487_p2         |         -|   0|  0|  21|          14|          14|
    |r_V_202_fu_87560_p2         |         -|   0|  0|  22|          15|          15|
    |r_V_204_fu_87576_p2         |         -|   0|  0|  22|          15|          15|
    |r_V_205_fu_87586_p2         |         -|   0|  0|  21|          14|          14|
    |r_V_206_fu_87592_p2         |         -|   0|  0|  22|          15|          15|
    |r_V_210_fu_87655_p2         |         -|   0|  0|  21|          14|          14|
    |r_V_212_fu_87672_p2         |         -|   0|  0|  21|          14|          14|
    |r_V_213_fu_87678_p2         |         -|   0|  0|  21|          14|          14|
    |r_V_214_fu_87705_p2         |         -|   0|  0|  23|          16|          16|
    |r_V_216_fu_87722_p2         |         -|   0|  0|  22|          15|          15|
    |r_V_219_fu_87728_p2         |         -|   0|  0|  22|          15|          15|
    |r_V_221_fu_87771_p2         |         -|   0|  0|  22|          15|          15|
    |r_V_222_fu_87802_p2         |         -|   0|  0|  23|          16|          16|
    |r_V_229_fu_87811_p2         |         -|   0|  0|  21|          14|          14|
    |r_V_230_fu_87828_p2         |         -|   0|  0|  21|          14|          14|
    |r_V_232_fu_87880_p2         |         -|   0|  0|  22|          15|          15|
    |r_V_233_fu_87901_p2         |         -|   0|  0|  20|          13|          13|
    |r_V_238_fu_87928_p2         |         -|   0|  0|  16|          14|          14|
    |r_V_240_fu_87855_p2         |         -|   0|  0|  21|           1|          14|
    |r_V_242_fu_87945_p2         |         -|   0|  0|  22|          15|          15|
    |r_V_243_fu_87984_p2         |         -|   0|  0|  22|          15|          15|
    |r_V_247_fu_88018_p2         |         -|   0|  0|  21|          14|          14|
    |r_V_248_fu_88049_p2         |         -|   0|  0|  22|          15|          15|
    |r_V_249_fu_88024_p2         |         -|   0|  0|  21|           1|          14|
    |r_V_250_fu_88055_p2         |         -|   0|  0|  21|          14|          14|
    |r_V_251_fu_88061_p2         |         -|   0|  0|  21|          14|          14|
    |r_V_255_fu_88123_p2         |         -|   0|  0|  20|          13|          13|
    |r_V_258_fu_88143_p2         |         -|   0|  0|  22|          15|          15|
    |r_V_259_fu_88133_p2         |         -|   0|  0|  21|           1|          14|
    |r_V_260_fu_88149_p2         |         -|   0|  0|  21|          14|          14|
    |r_V_261_fu_88154_p2         |         -|   0|  0|  20|           1|          13|
    |r_V_263_fu_88171_p2         |         -|   0|  0|  22|          15|          15|
    |r_V_264_fu_88177_p2         |         -|   0|  0|  22|          15|          15|
    |r_V_265_fu_88197_p2         |         -|   0|  0|  22|          15|          15|
    |r_V_267_fu_86753_p2         |         -|   0|  0|  21|          14|          14|
    |r_V_268_fu_88225_p2         |         -|   0|  0|  21|          14|          14|
    |r_V_269_fu_88266_p2         |         -|   0|  0|  21|          14|          14|
    |r_V_270_fu_88283_p2         |         -|   0|  0|  20|           1|          13|
    |r_V_274_fu_88289_p2         |         -|   0|  0|  21|          14|          14|
    |r_V_277_fu_88338_p2         |         -|   0|  0|  22|           1|          15|
    |r_V_281_fu_88367_p2         |         -|   0|  0|  22|          15|          15|
    |r_V_282_fu_88394_p2         |         -|   0|  0|  16|          15|          15|
    |r_V_285_fu_88412_p2         |         -|   0|  0|  16|          16|          16|
    |r_V_287_fu_88443_p2         |         -|   0|  0|  22|          15|          15|
    |r_V_289_fu_88487_p2         |         -|   0|  0|  23|          16|          16|
    |r_V_293_fu_88527_p2         |         -|   0|  0|  22|          15|          15|
    |r_V_296_fu_88555_p2         |         -|   0|  0|  20|          13|          13|
    |r_V_297_fu_88572_p2         |         -|   0|  0|  21|          14|          14|
    |r_V_298_fu_88578_p2         |         -|   0|  0|  21|          14|          14|
    |r_V_303_fu_88623_p2         |         -|   0|  0|  21|          14|          14|
    |r_V_307_fu_88646_p2         |         -|   0|  0|  22|          15|          15|
    |r_V_308_fu_88656_p2         |         -|   0|  0|  21|          14|          14|
    |r_V_311_fu_86793_p2         |         -|   0|  0|  18|           1|          11|
    |r_V_318_fu_88705_p2         |         -|   0|  0|  21|          14|          14|
    |r_V_323_fu_88717_p2         |         -|   0|  0|  21|          14|          14|
    |r_V_324_fu_88723_p2         |         -|   0|  0|  21|          14|          14|
    |r_V_328_fu_88767_p2         |         -|   0|  0|  21|          14|          14|
    |r_V_329_fu_88784_p2         |         -|   0|  0|  22|          15|          15|
    |r_V_330_fu_88790_p2         |         -|   0|  0|  22|           1|          15|
    |r_V_331_fu_88796_p2         |         -|   0|  0|  22|          15|          15|
    |r_V_334_fu_88819_p2         |         -|   0|  0|  22|          15|          15|
    |r_V_337_fu_88845_p2         |         -|   0|  0|  21|           1|          14|
    |r_V_341_fu_88866_p2         |         -|   0|  0|  22|          15|          15|
    |r_V_346_fu_88883_p2         |         -|   0|  0|  20|          13|          13|
    |r_V_347_fu_88932_p2         |         -|   0|  0|  16|          14|          14|
    |r_V_349_fu_88960_p2         |         -|   0|  0|  21|          14|          14|
    |r_V_352_fu_88976_p2         |         -|   0|  0|  19|          12|          12|
    |r_V_353_fu_88992_p2         |         -|   0|  0|  22|          15|          15|
    |r_V_354_fu_88982_p2         |         -|   0|  0|  21|           1|          14|
    |r_V_355_fu_89027_p2         |         -|   0|  0|  22|          15|          15|
    |r_V_356_fu_89033_p2         |         -|   0|  0|  16|          15|          15|
    |r_V_357_fu_89065_p2         |         -|   0|  0|  23|          16|          16|
    |sub_ln1319_111_fu_86731_p2  |         -|   0|  0|  20|           1|          13|
    |sub_ln1319_119_fu_88384_p2  |         -|   0|  0|  21|           1|          14|
    |sub_ln1319_123_fu_88466_p2  |         -|   0|  0|  22|           1|          15|
    |sub_ln1319_142_fu_88911_p2  |         -|   0|  0|  20|           1|          13|
    |sub_ln1319_54_fu_86998_p2   |         -|   0|  0|  21|           1|          14|
    |sub_ln1319_57_fu_87076_p2   |         -|   0|  0|  21|           1|          14|
    |sub_ln1319_59_fu_87107_p2   |         -|   0|  0|  22|           1|          15|
    |sub_ln1319_62_fu_87167_p2   |         -|   0|  0|  23|           1|          16|
    |sub_ln1319_67_fu_86598_p2   |         -|   0|  0|  21|           1|          14|
    |sub_ln1319_73_fu_87440_p2   |         -|   0|  0|  20|           1|          13|
    |sub_ln1319_75_fu_87471_p2   |         -|   0|  0|  21|           1|          14|
    |sub_ln1319_79_fu_87566_p2   |         -|   0|  0|  21|           1|          14|
    |sub_ln1319_84_fu_87695_p2   |         -|   0|  0|  22|           1|          15|
    |sub_ln1319_91_fu_87777_p2   |         -|   0|  0|  22|           1|          15|
    |sub_ln1319_93_fu_86698_p2   |         -|   0|  0|  20|           1|          13|
    |sub_ln1319_fu_86960_p2      |         -|   0|  0|  22|           1|          15|
    |tmp153_fu_90181_p2          |         -|   0|  0|  21|          14|          14|
    +----------------------------+----------+----+---+----+------------+------------+
    |Total                       |          |   0|  0|8206|        6069|        6226|
    +----------------------------+----------+----+---+----+------------+------------+

    * Multiplexer: 
    +--------------+----+-----------+-----+-----------+
    |     Name     | LUT| Input Size| Bits| Total Bits|
    +--------------+----+-----------+-----+-----------+
    |ap_return_0   |  14|          3|   16|         48|
    |ap_return_1   |  14|          3|   16|         48|
    |ap_return_10  |  14|          3|   16|         48|
    |ap_return_11  |  14|          3|   16|         48|
    |ap_return_12  |  14|          3|   16|         48|
    |ap_return_13  |  14|          3|   16|         48|
    |ap_return_14  |  14|          3|   16|         48|
    |ap_return_15  |  14|          3|   16|         48|
    |ap_return_16  |  14|          3|   16|         48|
    |ap_return_17  |  14|          3|   16|         48|
    |ap_return_18  |  14|          3|   16|         48|
    |ap_return_19  |  14|          3|   16|         48|
    |ap_return_2   |  14|          3|   16|         48|
    |ap_return_20  |  14|          3|   16|         48|
    |ap_return_21  |  14|          3|   16|         48|
    |ap_return_22  |  14|          3|   16|         48|
    |ap_return_23  |  14|          3|   16|         48|
    |ap_return_24  |  14|          3|   16|         48|
    |ap_return_3   |  14|          3|   16|         48|
    |ap_return_4   |  14|          3|   16|         48|
    |ap_return_5   |  14|          3|   16|         48|
    |ap_return_6   |  14|          3|   16|         48|
    |ap_return_7   |  14|          3|   16|         48|
    |ap_return_8   |  14|          3|   16|         48|
    |ap_return_9   |  14|          3|   16|         48|
    +--------------+----+-----------+-----+-----------+
    |Total         | 350|         75|  400|       1200|
    +--------------+----+-----------+-----+-----------+

    * Register: 
    +---------------------------------+----+----+-----+-----------+
    |               Name              | FF | LUT| Bits| Const Bits|
    +---------------------------------+----+----+-----+-----------+
    |addconv218_reg_93239             |  16|   0|   16|          0|
    |addconv220_reg_93264             |  15|   0|   16|          1|
    |addconv359_reg_93359             |  15|   0|   16|          1|
    |ap_ce_reg                        |   1|   0|    1|          0|
    |ap_return_0_int_reg              |  16|   0|   16|          0|
    |ap_return_10_int_reg             |  16|   0|   16|          0|
    |ap_return_11_int_reg             |  16|   0|   16|          0|
    |ap_return_12_int_reg             |  16|   0|   16|          0|
    |ap_return_13_int_reg             |  16|   0|   16|          0|
    |ap_return_14_int_reg             |  16|   0|   16|          0|
    |ap_return_15_int_reg             |  16|   0|   16|          0|
    |ap_return_16_int_reg             |  16|   0|   16|          0|
    |ap_return_17_int_reg             |  16|   0|   16|          0|
    |ap_return_18_int_reg             |  16|   0|   16|          0|
    |ap_return_19_int_reg             |  16|   0|   16|          0|
    |ap_return_1_int_reg              |  16|   0|   16|          0|
    |ap_return_20_int_reg             |  16|   0|   16|          0|
    |ap_return_21_int_reg             |  16|   0|   16|          0|
    |ap_return_22_int_reg             |  16|   0|   16|          0|
    |ap_return_23_int_reg             |  16|   0|   16|          0|
    |ap_return_24_int_reg             |  16|   0|   16|          0|
    |ap_return_2_int_reg              |  16|   0|   16|          0|
    |ap_return_3_int_reg              |  16|   0|   16|          0|
    |ap_return_4_int_reg              |  16|   0|   16|          0|
    |ap_return_5_int_reg              |  16|   0|   16|          0|
    |ap_return_6_int_reg              |  16|   0|   16|          0|
    |ap_return_7_int_reg              |  16|   0|   16|          0|
    |ap_return_8_int_reg              |  16|   0|   16|          0|
    |ap_return_9_int_reg              |  16|   0|   16|          0|
    |p_read10_int_reg                 |   9|   0|    9|          0|
    |p_read11_int_reg                 |   9|   0|    9|          0|
    |p_read12_int_reg                 |   9|   0|    9|          0|
    |p_read13_int_reg                 |   9|   0|    9|          0|
    |p_read14_int_reg                 |   9|   0|    9|          0|
    |p_read15_int_reg                 |   9|   0|    9|          0|
    |p_read16_int_reg                 |   9|   0|    9|          0|
    |p_read17_int_reg                 |   9|   0|    9|          0|
    |p_read18_int_reg                 |   9|   0|    9|          0|
    |p_read19_int_reg                 |   9|   0|    9|          0|
    |p_read1_int_reg                  |   9|   0|    9|          0|
    |p_read20_int_reg                 |   9|   0|    9|          0|
    |p_read21_int_reg                 |   9|   0|    9|          0|
    |p_read22_int_reg                 |   9|   0|    9|          0|
    |p_read23_int_reg                 |   9|   0|    9|          0|
    |p_read24_int_reg                 |   9|   0|    9|          0|
    |p_read2_int_reg                  |   9|   0|    9|          0|
    |p_read3_int_reg                  |   9|   0|    9|          0|
    |p_read485_reg_92909              |   9|   0|    9|          0|
    |p_read4_int_reg                  |   9|   0|    9|          0|
    |p_read5_int_reg                  |   9|   0|    9|          0|
    |p_read6_int_reg                  |   9|   0|    9|          0|
    |p_read7_int_reg                  |   9|   0|    9|          0|
    |p_read8_int_reg                  |   9|   0|    9|          0|
    |p_read9_int_reg                  |   9|   0|    9|          0|
    |p_read_73_reg_92688              |   9|   0|    9|          0|
    |p_read_74_reg_92698              |   9|   0|    9|          0|
    |p_read_75_reg_92709              |   9|   0|    9|          0|
    |p_read_76_reg_92717              |   9|   0|    9|          0|
    |p_read_77_reg_92728              |   9|   0|    9|          0|
    |p_read_79_reg_92736              |   9|   0|    9|          0|
    |p_read_80_reg_92746              |   9|   0|    9|          0|
    |p_read_81_reg_92757              |   9|   0|    9|          0|
    |p_read_82_reg_92766              |   9|   0|    9|          0|
    |p_read_83_reg_92777              |   9|   0|    9|          0|
    |p_read_84_reg_92788              |   9|   0|    9|          0|
    |p_read_85_reg_92795              |   9|   0|    9|          0|
    |p_read_86_reg_92804              |   9|   0|    9|          0|
    |p_read_87_reg_92816              |   9|   0|    9|          0|
    |p_read_88_reg_92827              |   9|   0|    9|          0|
    |p_read_89_reg_92838              |   9|   0|    9|          0|
    |p_read_90_reg_92848              |   9|   0|    9|          0|
    |p_read_91_reg_92858              |   9|   0|    9|          0|
    |p_read_92_reg_92865              |   9|   0|    9|          0|
    |p_read_93_reg_92874              |   9|   0|    9|          0|
    |p_read_94_reg_92882              |   9|   0|    9|          0|
    |p_read_95_reg_92888              |   9|   0|    9|          0|
    |p_read_96_reg_92899              |   9|   0|    9|          0|
    |p_read_int_reg                   |   9|   0|    9|          0|
    |r_V_143_reg_31786                |  14|   0|   14|          0|
    |r_V_150_reg_93059                |  13|   0|   14|          1|
    |r_V_155_reg_93064                |  15|   0|   17|          2|
    |r_V_166_reg_31792                |  14|   0|   14|          0|
    |r_V_167_reg_93069                |  12|   0|   15|          3|
    |r_V_170_reg_31796                |  13|   0|   13|          0|
    |r_V_172_reg_92937                |   9|   0|   13|          4|
    |r_V_177_reg_93074                |  13|   0|   14|          1|
    |r_V_182_reg_31809                |  14|   0|   14|          0|
    |r_V_183_reg_93079                |  14|   0|   14|          0|
    |r_V_184_reg_31800                |  14|   0|   14|          0|
    |r_V_187_reg_31813                |  14|   0|   14|          0|
    |r_V_188_reg_31817                |  15|   0|   15|          0|
    |r_V_195_reg_93084                |  14|   0|   15|          1|
    |r_V_196_reg_31824                |  14|   0|   14|          0|
    |r_V_197_reg_93089                |  13|   0|   14|          1|
    |r_V_198_reg_31828                |  14|   0|   14|          0|
    |r_V_208_reg_31838                |  14|   0|   14|          0|
    |r_V_215_reg_31845                |  15|   0|   15|          0|
    |r_V_215_reg_31845_pp0_iter1_reg  |  15|   0|   15|          0|
    |r_V_216_reg_93094                |  12|   0|   15|          3|
    |r_V_217_reg_31806                |  14|   0|   14|          0|
    |r_V_231_reg_31842                |  15|   0|   15|          0|
    |r_V_237_reg_31789                |  15|   0|   15|          0|
    |r_V_248_reg_93099                |  13|   0|   15|          2|
    |r_V_257_reg_93104                |   9|   0|   13|          4|
    |r_V_259_reg_93109                |  10|   0|   14|          4|
    |r_V_260_reg_93114                |  14|   0|   14|          0|
    |r_V_262_reg_31852                |  14|   0|   14|          0|
    |r_V_265_reg_93119                |  12|   0|   15|          3|
    |r_V_266_reg_92987                |  13|   0|   13|          0|
    |r_V_266_reg_92987_pp0_iter1_reg  |  13|   0|   13|          0|
    |r_V_269_reg_93124                |  13|   0|   14|          1|
    |r_V_275_reg_93129                |  12|   0|   14|          2|
    |r_V_277_reg_93134                |  10|   0|   15|          5|
    |r_V_292_reg_31803                |  15|   0|   15|          0|
    |r_V_293_reg_93139                |  14|   0|   15|          1|
    |r_V_295_reg_31880                |  13|   0|   13|          0|
    |r_V_300_reg_31832                |  16|   0|   16|          0|
    |r_V_313_reg_31865                |  14|   0|   14|          0|
    |r_V_314_reg_31869                |  15|   0|   15|          0|
    |r_V_315_reg_31873                |  14|   0|   14|          0|
    |r_V_316_reg_31835                |  14|   0|   14|          0|
    |r_V_320_reg_31859                |  15|   0|   15|          0|
    |r_V_327_reg_31883                |  17|   0|   17|          0|
    |r_V_328_reg_93144                |  12|   0|   14|          2|
    |r_V_335_reg_31877                |  13|   0|   13|          0|
    |r_V_339_reg_31887                |  14|   0|   14|          0|
    |r_V_358_reg_31856                |  16|   0|   16|          0|
    |shl_ln1319_112_reg_92982         |   9|   0|   12|          3|
    |shl_ln1319_74_reg_92949          |   9|   0|   11|          2|
    |shl_ln1319_81_reg_92966          |   9|   0|   11|          2|
    |sub_ln1319_93_reg_92971          |  10|   0|   13|          3|
    |tmp101_reg_93024                 |  15|   0|   15|          0|
    |tmp102_reg_93289                 |  20|   0|   20|          0|
    |tmp105_reg_93029                 |  14|   0|   14|          0|
    |tmp111_reg_93294                 |  16|   0|   16|          0|
    |tmp112_reg_93299                 |  16|   0|   16|          0|
    |tmp114_reg_93304                 |  16|   0|   16|          0|
    |tmp115_reg_93309                 |  19|   0|   19|          0|
    |tmp120_reg_93034                 |  15|   0|   15|          0|
    |tmp123_reg_93039                 |  15|   0|   15|          0|
    |tmp127_reg_93319                 |  15|   0|   15|          0|
    |tmp128_reg_93324                 |  16|   0|   16|          0|
    |tmp131_reg_93329                 |  14|   0|   14|          0|
    |tmp132_reg_93334                 |  16|   0|   16|          0|
    |tmp136_reg_93339                 |  16|   0|   16|          0|
    |tmp137_reg_93344                 |  16|   0|   16|          0|
    |tmp139_reg_93349                 |  15|   0|   15|          0|
    |tmp140_reg_93354                 |  15|   0|   15|          0|
    |tmp144_reg_93364                 |  16|   0|   16|          0|
    |tmp145_reg_93369                 |  16|   0|   16|          0|
    |tmp149_reg_93374                 |  18|   0|   18|          0|
    |tmp153_reg_93379                 |  10|   0|   14|          4|
    |tmp154_reg_93384                 |  19|   0|   19|          0|
    |tmp162_reg_93389                 |  16|   0|   16|          0|
    |tmp163_reg_93394                 |  16|   0|   16|          0|
    |tmp165_reg_93399                 |  19|   0|   19|          0|
    |tmp166_reg_93404                 |  19|   0|   20|          1|
    |tmp171_reg_93409                 |  16|   0|   16|          0|
    |tmp172_reg_93414                 |  17|   0|   17|          0|
    |tmp173_reg_93044                 |  16|   0|   16|          0|
    |tmp175_reg_93419                 |  14|   0|   16|          2|
    |tmp177_reg_93424                 |  15|   0|   15|          0|
    |tmp180_reg_93429                 |  16|   0|   17|          1|
    |tmp182_reg_93434                 |  19|   0|   19|          0|
    |tmp183_reg_93049                 |  16|   0|   16|          0|
    |tmp187_reg_93439                 |  16|   0|   16|          0|
    |tmp191_reg_93444                 |  15|   0|   15|          0|
    |tmp202_reg_93454                 |  18|   0|   19|          1|
    |tmp204_reg_93459                 |  15|   0|   15|          0|
    |tmp207_reg_93464                 |  17|   0|   17|          0|
    |tmp209_reg_93469                 |  16|   0|   16|          0|
    |tmp211_reg_93474                 |  16|   0|   16|          0|
    |tmp212_reg_93479                 |  16|   0|   16|          0|
    |tmp23_reg_93154                  |  17|   0|   17|          0|
    |tmp24_reg_93004                  |  16|   0|   16|          0|
    |tmp25_reg_93009                  |  15|   0|   15|          0|
    |tmp28_reg_93159                  |  16|   0|   16|          0|
    |tmp31_reg_93164                  |  20|   0|   20|          0|
    |tmp38_reg_93169                  |  15|   0|   15|          0|
    |tmp39_reg_93174                  |  15|   0|   15|          0|
    |tmp42_reg_93179                  |  16|   0|   16|          0|
    |tmp45_reg_93184                  |  16|   0|   16|          0|
    |tmp47_reg_93189                  |  19|   0|   19|          0|
    |tmp50_reg_93014                  |  14|   0|   14|          0|
    |tmp53790_reg_93194               |  20|   0|   20|          0|
    |tmp57_reg_93199                  |  16|   0|   16|          0|
    |tmp58_reg_93204                  |  14|   0|   16|          2|
    |tmp59_reg_93209                  |  20|   0|   20|          0|
    |tmp60972_reg_93314               |  17|   0|   17|          0|
    |tmp63_reg_93214                  |  15|   0|   15|          0|
    |tmp64_reg_93219                  |  16|   0|   16|          0|
    |tmp67_reg_93224                  |  17|   0|   17|          0|
    |tmp68754_reg_93449               |  17|   0|   17|          0|
    |tmp71_reg_93229                  |  15|   0|   15|          0|
    |tmp72_reg_93234                  |  19|   0|   19|          0|
    |tmp77_reg_93244                  |  16|   0|   16|          0|
    |tmp78_reg_93249                  |  18|   0|   19|          1|
    |tmp82_reg_93254                  |  16|   0|   16|          0|
    |tmp85_reg_93259                  |  19|   0|   19|          0|
    |tmp91_reg_93269                  |  17|   0|   17|          0|
    |tmp94_reg_93274                  |  15|   0|   15|          0|
    |tmp96_reg_93279                  |  19|   0|   19|          0|
    |tmp98_reg_93284                  |  17|   0|   17|          0|
    |tmp99_reg_93019                  |  16|   0|   16|          0|
    |tmp_reg_93149                    |  17|   0|   17|          0|
    |zext_ln1319_128_reg_93054        |   9|   0|   14|          5|
    |zext_ln1319_129_reg_92919        |   9|   0|   16|          7|
    |zext_ln1319_145_reg_92925        |   9|   0|   15|          6|
    |zext_ln1319_151_reg_92932        |   9|   0|   14|          5|
    |zext_ln1319_155_reg_92942        |   9|   0|   14|          5|
    |zext_ln1319_158_reg_92954        |   9|   0|   15|          6|
    |zext_ln1319_167_reg_92960        |   9|   0|   14|          5|
    |zext_ln1319_225_reg_92976        |   9|   0|   14|          5|
    |zext_ln1319_276_reg_92992        |   9|   0|   14|          5|
    |zext_ln1319_294_reg_92998        |   9|   0|   14|          5|
    +---------------------------------+----+----+-----+-----------+
    |Total                            |2890|   0| 3008|        118|
    +---------------------------------+----+----+-----+-----------+



================================================================
== Interface
================================================================
* Summary: 
+--------------+-----+-----+------------+----------------------------------------------------------------------------+--------------+
|   RTL Ports  | Dir | Bits|  Protocol  |                                Source Object                               |    C Type    |
+--------------+-----+-----+------------+----------------------------------------------------------------------------+--------------+
|ap_clk        |   in|    1|  ap_ctrl_hs|  dense_latency<ap_ufixed<9, 0, 4, 0, 0>, ap_fixed<16, 6, 5, 3, 0>, config5>|  return value|
|ap_rst        |   in|    1|  ap_ctrl_hs|  dense_latency<ap_ufixed<9, 0, 4, 0, 0>, ap_fixed<16, 6, 5, 3, 0>, config5>|  return value|
|ap_return_0   |  out|   16|  ap_ctrl_hs|  dense_latency<ap_ufixed<9, 0, 4, 0, 0>, ap_fixed<16, 6, 5, 3, 0>, config5>|  return value|
|ap_return_1   |  out|   16|  ap_ctrl_hs|  dense_latency<ap_ufixed<9, 0, 4, 0, 0>, ap_fixed<16, 6, 5, 3, 0>, config5>|  return value|
|ap_return_2   |  out|   16|  ap_ctrl_hs|  dense_latency<ap_ufixed<9, 0, 4, 0, 0>, ap_fixed<16, 6, 5, 3, 0>, config5>|  return value|
|ap_return_3   |  out|   16|  ap_ctrl_hs|  dense_latency<ap_ufixed<9, 0, 4, 0, 0>, ap_fixed<16, 6, 5, 3, 0>, config5>|  return value|
|ap_return_4   |  out|   16|  ap_ctrl_hs|  dense_latency<ap_ufixed<9, 0, 4, 0, 0>, ap_fixed<16, 6, 5, 3, 0>, config5>|  return value|
|ap_return_5   |  out|   16|  ap_ctrl_hs|  dense_latency<ap_ufixed<9, 0, 4, 0, 0>, ap_fixed<16, 6, 5, 3, 0>, config5>|  return value|
|ap_return_6   |  out|   16|  ap_ctrl_hs|  dense_latency<ap_ufixed<9, 0, 4, 0, 0>, ap_fixed<16, 6, 5, 3, 0>, config5>|  return value|
|ap_return_7   |  out|   16|  ap_ctrl_hs|  dense_latency<ap_ufixed<9, 0, 4, 0, 0>, ap_fixed<16, 6, 5, 3, 0>, config5>|  return value|
|ap_return_8   |  out|   16|  ap_ctrl_hs|  dense_latency<ap_ufixed<9, 0, 4, 0, 0>, ap_fixed<16, 6, 5, 3, 0>, config5>|  return value|
|ap_return_9   |  out|   16|  ap_ctrl_hs|  dense_latency<ap_ufixed<9, 0, 4, 0, 0>, ap_fixed<16, 6, 5, 3, 0>, config5>|  return value|
|ap_return_10  |  out|   16|  ap_ctrl_hs|  dense_latency<ap_ufixed<9, 0, 4, 0, 0>, ap_fixed<16, 6, 5, 3, 0>, config5>|  return value|
|ap_return_11  |  out|   16|  ap_ctrl_hs|  dense_latency<ap_ufixed<9, 0, 4, 0, 0>, ap_fixed<16, 6, 5, 3, 0>, config5>|  return value|
|ap_return_12  |  out|   16|  ap_ctrl_hs|  dense_latency<ap_ufixed<9, 0, 4, 0, 0>, ap_fixed<16, 6, 5, 3, 0>, config5>|  return value|
|ap_return_13  |  out|   16|  ap_ctrl_hs|  dense_latency<ap_ufixed<9, 0, 4, 0, 0>, ap_fixed<16, 6, 5, 3, 0>, config5>|  return value|
|ap_return_14  |  out|   16|  ap_ctrl_hs|  dense_latency<ap_ufixed<9, 0, 4, 0, 0>, ap_fixed<16, 6, 5, 3, 0>, config5>|  return value|
|ap_return_15  |  out|   16|  ap_ctrl_hs|  dense_latency<ap_ufixed<9, 0, 4, 0, 0>, ap_fixed<16, 6, 5, 3, 0>, config5>|  return value|
|ap_return_16  |  out|   16|  ap_ctrl_hs|  dense_latency<ap_ufixed<9, 0, 4, 0, 0>, ap_fixed<16, 6, 5, 3, 0>, config5>|  return value|
|ap_return_17  |  out|   16|  ap_ctrl_hs|  dense_latency<ap_ufixed<9, 0, 4, 0, 0>, ap_fixed<16, 6, 5, 3, 0>, config5>|  return value|
|ap_return_18  |  out|   16|  ap_ctrl_hs|  dense_latency<ap_ufixed<9, 0, 4, 0, 0>, ap_fixed<16, 6, 5, 3, 0>, config5>|  return value|
|ap_return_19  |  out|   16|  ap_ctrl_hs|  dense_latency<ap_ufixed<9, 0, 4, 0, 0>, ap_fixed<16, 6, 5, 3, 0>, config5>|  return value|
|ap_return_20  |  out|   16|  ap_ctrl_hs|  dense_latency<ap_ufixed<9, 0, 4, 0, 0>, ap_fixed<16, 6, 5, 3, 0>, config5>|  return value|
|ap_return_21  |  out|   16|  ap_ctrl_hs|  dense_latency<ap_ufixed<9, 0, 4, 0, 0>, ap_fixed<16, 6, 5, 3, 0>, config5>|  return value|
|ap_return_22  |  out|   16|  ap_ctrl_hs|  dense_latency<ap_ufixed<9, 0, 4, 0, 0>, ap_fixed<16, 6, 5, 3, 0>, config5>|  return value|
|ap_return_23  |  out|   16|  ap_ctrl_hs|  dense_latency<ap_ufixed<9, 0, 4, 0, 0>, ap_fixed<16, 6, 5, 3, 0>, config5>|  return value|
|ap_return_24  |  out|   16|  ap_ctrl_hs|  dense_latency<ap_ufixed<9, 0, 4, 0, 0>, ap_fixed<16, 6, 5, 3, 0>, config5>|  return value|
|ap_ce         |   in|    1|  ap_ctrl_hs|  dense_latency<ap_ufixed<9, 0, 4, 0, 0>, ap_fixed<16, 6, 5, 3, 0>, config5>|  return value|
|p_read        |   in|    9|     ap_none|                                                                      p_read|        scalar|
|p_read1       |   in|    9|     ap_none|                                                                     p_read1|        scalar|
|p_read2       |   in|    9|     ap_none|                                                                     p_read2|        scalar|
|p_read3       |   in|    9|     ap_none|                                                                     p_read3|        scalar|
|p_read4       |   in|    9|     ap_none|                                                                     p_read4|        scalar|
|p_read5       |   in|    9|     ap_none|                                                                     p_read5|        scalar|
|p_read6       |   in|    9|     ap_none|                                                                     p_read6|        scalar|
|p_read7       |   in|    9|     ap_none|                                                                     p_read7|        scalar|
|p_read8       |   in|    9|     ap_none|                                                                     p_read8|        scalar|
|p_read9       |   in|    9|     ap_none|                                                                     p_read9|        scalar|
|p_read10      |   in|    9|     ap_none|                                                                    p_read10|        scalar|
|p_read11      |   in|    9|     ap_none|                                                                    p_read11|        scalar|
|p_read12      |   in|    9|     ap_none|                                                                    p_read12|        scalar|
|p_read13      |   in|    9|     ap_none|                                                                    p_read13|        scalar|
|p_read14      |   in|    9|     ap_none|                                                                    p_read14|        scalar|
|p_read15      |   in|    9|     ap_none|                                                                    p_read15|        scalar|
|p_read16      |   in|    9|     ap_none|                                                                    p_read16|        scalar|
|p_read17      |   in|    9|     ap_none|                                                                    p_read17|        scalar|
|p_read18      |   in|    9|     ap_none|                                                                    p_read18|        scalar|
|p_read19      |   in|    9|     ap_none|                                                                    p_read19|        scalar|
|p_read20      |   in|    9|     ap_none|                                                                    p_read20|        scalar|
|p_read21      |   in|    9|     ap_none|                                                                    p_read21|        scalar|
|p_read22      |   in|    9|     ap_none|                                                                    p_read22|        scalar|
|p_read23      |   in|    9|     ap_none|                                                                    p_read23|        scalar|
|p_read24      |   in|    9|     ap_none|                                                                    p_read24|        scalar|
+--------------+-----+-----+------------+----------------------------------------------------------------------------+--------------+

