

================================================================
== Vitis HLS Report for 'dense_latency_ap_ufixed_9_0_4_0_0_ap_fixed_16_6_5_3_0_config11_s'
================================================================
* Date:           Thu Jan 11 03:43:12 2024

* Version:        2022.1 (Build 3526262 on Mon Apr 18 15:47:01 MDT 2022)
* Project:        tau_nn_prj
* Solution:       solution1 (Vivado IP Flow Target)
* Product family: virtexuplus
* Target device:  xcvu9p-flga2104-2L-e


================================================================
== Performance Estimates
================================================================
+ Timing: 
    * Summary: 
    +--------+---------+----------+------------+
    |  Clock |  Target | Estimated| Uncertainty|
    +--------+---------+----------+------------+
    |ap_clk  |  2.80 ns|  2.377 ns|     0.35 ns|
    +--------+---------+----------+------------+

+ Latency: 
    * Summary: 
    +---------+---------+----------+----------+-----+-----+---------+
    |  Latency (cycles) |  Latency (absolute) |  Interval | Pipeline|
    |   min   |   max   |    min   |    max   | min | max |   Type  |
    +---------+---------+----------+----------+-----+-----+---------+
    |        1|        1|  2.800 ns|  2.800 ns|    1|    1|      yes|
    +---------+---------+----------+----------+-----+-----+---------+

    + Detail: 
        * Instance: 
        N/A

        * Loop: 
        N/A



================================================================
== Utilization Estimates
================================================================
* Summary: 
+---------------------+---------+------+---------+---------+-----+
|         Name        | BRAM_18K|  DSP |    FF   |   LUT   | URAM|
+---------------------+---------+------+---------+---------+-----+
|DSP                  |        -|     -|        -|        -|    -|
|Expression           |        -|     -|        0|     2454|    -|
|FIFO                 |        -|     -|        -|        -|    -|
|Instance             |        -|     0|        0|     2352|    -|
|Memory               |        -|     -|        -|        -|    -|
|Multiplexer          |        -|     -|        -|      196|    -|
|Register             |        -|     -|      884|        -|    -|
+---------------------+---------+------+---------+---------+-----+
|Total                |        0|     0|      884|     5002|    0|
+---------------------+---------+------+---------+---------+-----+
|Available SLR        |     1440|  2280|   788160|   394080|  320|
+---------------------+---------+------+---------+---------+-----+
|Utilization SLR (%)  |        0|     0|       ~0|        1|    0|
+---------------------+---------+------+---------+---------+-----+
|Available            |     4320|  6840|  2364480|  1182240|  960|
+---------------------+---------+------+---------+---------+-----+
|Utilization (%)      |        0|     0|       ~0|       ~0|    0|
+---------------------+---------+------+---------+---------+-----+

+ Detail: 
    * Instance: 
    +-------------------------+--------------------+---------+----+---+----+-----+
    |         Instance        |       Module       | BRAM_18K| DSP| FF| LUT| URAM|
    +-------------------------+--------------------+---------+----+---+----+-----+
    |mul_9ns_5ns_13_1_0_U515  |mul_9ns_5ns_13_1_0  |        0|   0|  0|  49|    0|
    |mul_9ns_6ns_14_1_0_U483  |mul_9ns_6ns_14_1_0  |        0|   0|  0|  49|    0|
    |mul_9ns_6ns_14_1_0_U487  |mul_9ns_6ns_14_1_0  |        0|   0|  0|  49|    0|
    |mul_9ns_6ns_14_1_0_U489  |mul_9ns_6ns_14_1_0  |        0|   0|  0|  49|    0|
    |mul_9ns_6ns_14_1_0_U491  |mul_9ns_6ns_14_1_0  |        0|   0|  0|  49|    0|
    |mul_9ns_6ns_14_1_0_U492  |mul_9ns_6ns_14_1_0  |        0|   0|  0|  49|    0|
    |mul_9ns_6ns_14_1_0_U493  |mul_9ns_6ns_14_1_0  |        0|   0|  0|  49|    0|
    |mul_9ns_6ns_14_1_0_U498  |mul_9ns_6ns_14_1_0  |        0|   0|  0|  49|    0|
    |mul_9ns_6ns_14_1_0_U505  |mul_9ns_6ns_14_1_0  |        0|   0|  0|  49|    0|
    |mul_9ns_6ns_14_1_0_U507  |mul_9ns_6ns_14_1_0  |        0|   0|  0|  49|    0|
    |mul_9ns_6ns_14_1_0_U509  |mul_9ns_6ns_14_1_0  |        0|   0|  0|  49|    0|
    |mul_9ns_6ns_14_1_0_U513  |mul_9ns_6ns_14_1_0  |        0|   0|  0|  49|    0|
    |mul_9ns_6ns_14_1_0_U516  |mul_9ns_6ns_14_1_0  |        0|   0|  0|  49|    0|
    |mul_9ns_6ns_14_1_0_U524  |mul_9ns_6ns_14_1_0  |        0|   0|  0|  49|    0|
    |mul_9ns_6ns_14_1_0_U525  |mul_9ns_6ns_14_1_0  |        0|   0|  0|  49|    0|
    |mul_9ns_6ns_14_1_0_U526  |mul_9ns_6ns_14_1_0  |        0|   0|  0|  49|    0|
    |mul_9ns_6ns_14_1_0_U527  |mul_9ns_6ns_14_1_0  |        0|   0|  0|  49|    0|
    |mul_9ns_6s_15_1_0_U484   |mul_9ns_6s_15_1_0   |        0|   0|  0|  49|    0|
    |mul_9ns_6s_15_1_0_U488   |mul_9ns_6s_15_1_0   |        0|   0|  0|  49|    0|
    |mul_9ns_6s_15_1_0_U494   |mul_9ns_6s_15_1_0   |        0|   0|  0|  49|    0|
    |mul_9ns_6s_15_1_0_U495   |mul_9ns_6s_15_1_0   |        0|   0|  0|  49|    0|
    |mul_9ns_6s_15_1_0_U496   |mul_9ns_6s_15_1_0   |        0|   0|  0|  49|    0|
    |mul_9ns_6s_15_1_0_U497   |mul_9ns_6s_15_1_0   |        0|   0|  0|  49|    0|
    |mul_9ns_6s_15_1_0_U499   |mul_9ns_6s_15_1_0   |        0|   0|  0|  49|    0|
    |mul_9ns_6s_15_1_0_U500   |mul_9ns_6s_15_1_0   |        0|   0|  0|  49|    0|
    |mul_9ns_6s_15_1_0_U501   |mul_9ns_6s_15_1_0   |        0|   0|  0|  49|    0|
    |mul_9ns_6s_15_1_0_U502   |mul_9ns_6s_15_1_0   |        0|   0|  0|  49|    0|
    |mul_9ns_6s_15_1_0_U503   |mul_9ns_6s_15_1_0   |        0|   0|  0|  49|    0|
    |mul_9ns_6s_15_1_0_U504   |mul_9ns_6s_15_1_0   |        0|   0|  0|  49|    0|
    |mul_9ns_6s_15_1_0_U506   |mul_9ns_6s_15_1_0   |        0|   0|  0|  49|    0|
    |mul_9ns_6s_15_1_0_U508   |mul_9ns_6s_15_1_0   |        0|   0|  0|  49|    0|
    |mul_9ns_6s_15_1_0_U510   |mul_9ns_6s_15_1_0   |        0|   0|  0|  49|    0|
    |mul_9ns_6s_15_1_0_U511   |mul_9ns_6s_15_1_0   |        0|   0|  0|  49|    0|
    |mul_9ns_6s_15_1_0_U514   |mul_9ns_6s_15_1_0   |        0|   0|  0|  49|    0|
    |mul_9ns_6s_15_1_0_U518   |mul_9ns_6s_15_1_0   |        0|   0|  0|  49|    0|
    |mul_9ns_6s_15_1_0_U521   |mul_9ns_6s_15_1_0   |        0|   0|  0|  49|    0|
    |mul_9ns_6s_15_1_0_U523   |mul_9ns_6s_15_1_0   |        0|   0|  0|  49|    0|
    |mul_9ns_7ns_15_1_0_U512  |mul_9ns_7ns_15_1_0  |        0|   0|  0|  49|    0|
    |mul_9ns_7ns_15_1_0_U519  |mul_9ns_7ns_15_1_0  |        0|   0|  0|  49|    0|
    |mul_9ns_7ns_15_1_0_U520  |mul_9ns_7ns_15_1_0  |        0|   0|  0|  49|    0|
    |mul_9ns_7ns_15_1_0_U529  |mul_9ns_7ns_15_1_0  |        0|   0|  0|  49|    0|
    |mul_9ns_7ns_15_1_0_U530  |mul_9ns_7ns_15_1_0  |        0|   0|  0|  49|    0|
    |mul_9ns_7s_16_1_0_U486   |mul_9ns_7s_16_1_0   |        0|   0|  0|  49|    0|
    |mul_9ns_7s_16_1_0_U490   |mul_9ns_7s_16_1_0   |        0|   0|  0|  49|    0|
    |mul_9ns_7s_16_1_0_U517   |mul_9ns_7s_16_1_0   |        0|   0|  0|  49|    0|
    |mul_9ns_7s_16_1_0_U522   |mul_9ns_7s_16_1_0   |        0|   0|  0|  49|    0|
    |mul_9ns_7s_16_1_0_U528   |mul_9ns_7s_16_1_0   |        0|   0|  0|  49|    0|
    |mul_9ns_8ns_16_1_0_U485  |mul_9ns_8ns_16_1_0  |        0|   0|  0|  49|    0|
    +-------------------------+--------------------+---------+----+---+----+-----+
    |Total                    |                    |        0|   0|  0|2352|    0|
    +-------------------------+--------------------+---------+----+---+----+-----+

    * DSP: 
    N/A

    * Memory: 
    N/A

    * FIFO: 
    N/A

    * Expression: 
    +----------------------------+----------+----+---+----+------------+------------+
    |        Variable Name       | Operation| DSP| FF| LUT| Bitwidth P0| Bitwidth P1|
    +----------------------------+----------+----+---+----+------------+------------+
    |add_ln859_119_fu_18952_p2   |         +|   0|  0|  25|          18|          12|
    |add_ln859_121_fu_18992_p2   |         +|   0|  0|  27|          20|          20|
    |add_ln859_122_fu_19002_p2   |         +|   0|  0|  19|          19|          12|
    |add_ln859_123_fu_19008_p2   |         +|   0|  0|  19|          19|          19|
    |add_ln859_125_fu_19061_p2   |         +|   0|  0|  20|          20|          13|
    |add_ln859_127_fu_19107_p2   |         +|   0|  0|  22|          22|          14|
    |add_ln859_134_fu_19360_p2   |         +|   0|  0|  19|          19|          13|
    |addconv50_fu_18925_p2       |         +|   0|  0|  16|          16|          16|
    |addconv_fu_18295_p2         |         +|   0|  0|  24|          17|          17|
    |r_V_405_fu_17474_p2         |         +|   0|  0|  23|          16|          16|
    |r_V_409_fu_17504_p2         |         +|   0|  0|  21|          14|          14|
    |r_V_413_fu_17576_p2         |         +|   0|  0|  22|          15|          15|
    |r_V_437_fu_17811_p2         |         +|   0|  0|  21|          14|          14|
    |r_V_457_fu_17977_p2         |         +|   0|  0|  16|          15|          15|
    |r_V_472_fu_18209_p2         |         +|   0|  0|  21|          14|          14|
    |r_V_478_fu_18259_p2         |         +|   0|  0|  22|          15|          15|
    |tmp10_fu_18381_p2           |         +|   0|  0|  23|          16|          16|
    |tmp11_fu_18387_p2           |         +|   0|  0|  22|          15|          15|
    |tmp15_fu_18419_p2           |         +|   0|  0|  17|          17|          17|
    |tmp16058_fu_18841_p2        |         +|   0|  0|  24|          17|          17|
    |tmp16556_fu_18871_p2        |         +|   0|  0|  27|          20|          20|
    |tmp16_fu_18413_p2           |         +|   0|  0|  17|          17|          17|
    |tmp17054_fu_18901_p2        |         +|   0|  0|  27|          20|          20|
    |tmp17452_fu_18934_p2        |         +|   0|  0|  16|          16|          16|
    |tmp17850_fu_18974_p2        |         +|   0|  0|  24|          17|          17|
    |tmp17_fu_19033_p2           |         +|   0|  0|  23|          16|          16|
    |tmp18448_fu_19043_p2        |         +|   0|  0|  25|          18|          18|
    |tmp18_fu_18425_p2           |         +|   0|  0|  22|          15|          15|
    |tmp19046_fu_19089_p2        |         +|   0|  0|  20|          20|          20|
    |tmp19644_fu_19149_p2        |         +|   0|  0|  20|          20|          20|
    |tmp20342_fu_19192_p2        |         +|   0|  0|  25|          18|          18|
    |tmp20840_fu_19235_p2        |         +|   0|  0|  24|          17|          17|
    |tmp20_fu_18461_p2           |         +|   0|  0|  16|          16|          16|
    |tmp21338_fu_19290_p2        |         +|   0|  0|  17|          17|          17|
    |tmp21636_fu_18609_p2        |         +|   0|  0|  19|          19|          19|
    |tmp21_fu_18455_p2           |         +|   0|  0|  16|          16|          16|
    |tmp22932_fu_19342_p2        |         +|   0|  0|  17|          17|          17|
    |tmp22_fu_19083_p2           |         +|   0|  0|  20|          20|          20|
    |tmp23530_fu_19402_p2        |         +|   0|  0|  20|          20|          20|
    |tmp23_fu_18467_p2           |         +|   0|  0|  26|          19|          19|
    |tmp25_fu_19130_p2           |         +|   0|  0|  24|          17|          17|
    |tmp26_fu_18493_p2           |         +|   0|  0|  23|          16|          16|
    |tmp27_fu_19143_p2           |         +|   0|  0|  20|          20|          20|
    |tmp28_fu_18499_p2           |         +|   0|  0|  26|          19|          19|
    |tmp29_fu_18531_p2           |         +|   0|  0|  17|          17|          17|
    |tmp2_fu_18307_p2            |         +|   0|  0|  19|          19|          19|
    |tmp30_fu_18525_p2           |         +|   0|  0|  17|          17|          17|
    |tmp31_fu_19182_p2           |         +|   0|  0|  24|          17|          17|
    |tmp32_fu_18537_p2           |         +|   0|  0|  22|          15|          15|
    |tmp33_fu_18543_p2           |         +|   0|  0|  16|          15|          15|
    |tmp34_fu_18561_p2           |         +|   0|  0|  23|          16|          16|
    |tmp35_fu_19225_p2           |         +|   0|  0|  23|          16|          16|
    |tmp36_fu_18567_p2           |         +|   0|  0|  22|          15|          15|
    |tmp37_fu_19271_p2           |         +|   0|  0|  17|          17|          17|
    |tmp38_fu_19280_p2           |         +|   0|  0|  23|          16|          16|
    |tmp39_fu_18581_p2           |         +|   0|  0|  22|          15|          15|
    |tmp3_fu_18301_p2            |         +|   0|  0|  19|          19|          19|
    |tmp40_fu_18603_p2           |         +|   0|  0|  19|          19|          19|
    |tmp41_fu_19333_p2           |         +|   0|  0|  17|          17|          17|
    |tmp42_fu_18631_p2           |         +|   0|  0|  23|          16|          16|
    |tmp43_fu_18643_p2           |         +|   0|  0|  16|          16|          16|
    |tmp44_fu_18637_p2           |         +|   0|  0|  16|          16|          16|
    |tmp46_fu_19383_p2           |         +|   0|  0|  24|          17|          17|
    |tmp47_fu_18669_p2           |         +|   0|  0|  23|          16|          16|
    |tmp48_fu_19396_p2           |         +|   0|  0|  20|          20|          20|
    |tmp49_fu_18675_p2           |         +|   0|  0|  26|          19|          19|
    |tmp4_fu_18341_p2            |         +|   0|  0|  26|          19|          19|
    |tmp5_fu_18353_p2            |         +|   0|  0|  19|          19|          19|
    |tmp6_fu_18347_p2            |         +|   0|  0|  19|          19|          19|
    |tmp8_fu_18367_p2            |         +|   0|  0|  22|          15|          15|
    |tmp_fu_18273_p2             |         +|   0|  0|  23|          16|          16|
    |x_V_45_fu_18859_p2          |         +|   0|  0|  26|          19|          19|
    |x_V_46_fu_18919_p2          |         +|   0|  0|  29|          22|          22|
    |x_V_47_fu_19067_p2          |         +|   0|  0|  20|          20|          20|
    |x_V_48_fu_19113_p2          |         +|   0|  0|  22|          22|          22|
    |x_V_49_fu_19167_p2          |         +|   0|  0|  29|          22|          14|
    |x_V_50_fu_19210_p2          |         +|   0|  0|  27|          20|          13|
    |x_V_51_fu_19253_p2          |         +|   0|  0|  26|          19|          19|
    |x_V_52_fu_19308_p2          |         +|   0|  0|  26|          19|          13|
    |x_V_53_fu_19321_p2          |         +|   0|  0|  27|          20|          13|
    |x_V_54_fu_18962_p2          |         +|   0|  0|  28|          21|          21|
    |x_V_55_fu_18889_p2          |         +|   0|  0|  29|          22|          15|
    |x_V_56_fu_19366_p2          |         +|   0|  0|  19|          19|          19|
    |x_V_57_fu_19420_p2          |         +|   0|  0|  29|          22|          13|
    |x_V_fu_19018_p2             |         +|   0|  0|  28|          21|          21|
    |r_V_412_fu_17546_p2         |         -|   0|  0|  23|          16|          16|
    |r_V_418_fu_17620_p2         |         -|   0|  0|  22|          15|          15|
    |r_V_419_fu_17636_p2         |         -|   0|  0|  23|          16|          16|
    |r_V_422_fu_17642_p2         |         -|   0|  0|  23|          16|          16|
    |r_V_426_fu_17688_p2         |         -|   0|  0|  22|          15|          15|
    |r_V_430_fu_17733_p2         |         -|   0|  0|  22|          15|          15|
    |r_V_434_fu_17749_p2         |         -|   0|  0|  23|          16|          16|
    |r_V_436_fu_17793_p2         |         -|   0|  0|  22|          15|          15|
    |r_V_438_fu_18746_p2         |         -|   0|  0|  22|          15|          15|
    |r_V_440_fu_17846_p2         |         -|   0|  0|  23|          16|          16|
    |r_V_444_fu_17876_p2         |         -|   0|  0|  22|          15|          15|
    |r_V_446_fu_18777_p2         |         -|   0|  0|  22|          15|          15|
    |r_V_455_fu_17929_p2         |         -|   0|  0|  22|          15|          15|
    |r_V_456_fu_17959_p2         |         -|   0|  0|  22|          15|          15|
    |r_V_458_fu_18005_p2         |         -|   0|  0|  22|          15|          15|
    |r_V_460_fu_18041_p2         |         -|   0|  0|  22|          15|          15|
    |r_V_464_fu_18077_p2         |         -|   0|  0|  22|          15|          15|
    |r_V_465_fu_18083_p2         |         -|   0|  0|  22|          15|          15|
    |r_V_467_fu_18119_p2         |         -|   0|  0|  22|          15|          15|
    |r_V_470_fu_18164_p2         |         -|   0|  0|  23|          16|          16|
    |r_V_473_fu_18241_p2         |         -|   0|  0|  21|          14|          14|
    |sub_ln1319_164_fu_17739_p2  |         -|   0|  0|  22|           1|          15|
    |sub_ln1319_166_fu_17771_p2  |         -|   0|  0|  21|           1|          14|
    |sub_ln1319_173_fu_17995_p2  |         -|   0|  0|  21|           1|          14|
    |sub_ln1319_180_fu_18142_p2  |         -|   0|  0|  22|           1|          15|
    |sub_ln1319_182_fu_18231_p2  |         -|   0|  0|  20|           1|          13|
    |sub_ln1319_fu_17626_p2      |         -|   0|  0|  22|           1|          15|
    +----------------------------+----------+----+---+----+------------+------------+
    |Total                       |          |   0|  0|2454|        1840|        1842|
    +----------------------------+----------+----+---+----+------------+------------+

    * Multiplexer: 
    +--------------+----+-----------+-----+-----------+
    |     Name     | LUT| Input Size| Bits| Total Bits|
    +--------------+----+-----------+-----+-----------+
    |ap_return_0   |  14|          3|   16|         48|
    |ap_return_1   |  14|          3|   16|         48|
    |ap_return_10  |  14|          3|   16|         48|
    |ap_return_11  |  14|          3|   16|         48|
    |ap_return_12  |  14|          3|   16|         48|
    |ap_return_13  |  14|          3|   16|         48|
    |ap_return_2   |  14|          3|   16|         48|
    |ap_return_3   |  14|          3|   16|         48|
    |ap_return_4   |  14|          3|   16|         48|
    |ap_return_5   |  14|          3|   16|         48|
    |ap_return_6   |  14|          3|   16|         48|
    |ap_return_7   |  14|          3|   16|         48|
    |ap_return_8   |  14|          3|   16|         48|
    |ap_return_9   |  14|          3|   16|         48|
    +--------------+----+-----------+-----+-----------+
    |Total         | 196|         42|  224|        672|
    +--------------+----+-----------+-----+-----------+

    * Register: 
    +---------------------------+----+----+-----+-----------+
    |            Name           | FF | LUT| Bits| Const Bits|
    +---------------------------+----+----+-----+-----------+
    |addconv_reg_19744          |  17|   0|   17|          0|
    |ap_ce_reg                  |   1|   0|    1|          0|
    |ap_return_0_int_reg        |  16|   0|   16|          0|
    |ap_return_10_int_reg       |  16|   0|   16|          0|
    |ap_return_11_int_reg       |  16|   0|   16|          0|
    |ap_return_12_int_reg       |  16|   0|   16|          0|
    |ap_return_13_int_reg       |  16|   0|   16|          0|
    |ap_return_1_int_reg        |  16|   0|   16|          0|
    |ap_return_2_int_reg        |  16|   0|   16|          0|
    |ap_return_3_int_reg        |  16|   0|   16|          0|
    |ap_return_4_int_reg        |  16|   0|   16|          0|
    |ap_return_5_int_reg        |  16|   0|   16|          0|
    |ap_return_6_int_reg        |  16|   0|   16|          0|
    |ap_return_7_int_reg        |  16|   0|   16|          0|
    |ap_return_8_int_reg        |  16|   0|   16|          0|
    |ap_return_9_int_reg        |  14|   0|   16|          2|
    |p_read_111_reg_19686       |   9|   0|    9|          0|
    |p_read_113_reg_19692       |   9|   0|    9|          0|
    |p_read_115_reg_19698       |   9|   0|    9|          0|
    |r_V_406_reg_16745          |  16|   0|   16|          0|
    |r_V_414_reg_16761          |  15|   0|   15|          0|
    |r_V_417_reg_16771          |  15|   0|   15|          0|
    |r_V_430_reg_19709          |  12|   0|   15|          3|
    |r_V_439_reg_16802          |  15|   0|   15|          0|
    |r_V_444_reg_19714          |  13|   0|   15|          2|
    |r_V_449_reg_16821          |  15|   0|   15|          0|
    |r_V_452_reg_16831          |  14|   0|   14|          0|
    |r_V_458_reg_19724          |  14|   0|   15|          1|
    |r_V_461_reg_16844          |  16|   0|   16|          0|
    |r_V_463_reg_16851          |  14|   0|   14|          0|
    |r_V_464_reg_19729          |  12|   0|   15|          3|
    |r_V_469_reg_16861          |  15|   0|   15|          0|
    |r_V_470_reg_19734          |  14|   0|   16|          2|
    |tmp10_reg_19769            |  16|   0|   16|          0|
    |tmp11_reg_19774            |  15|   0|   15|          0|
    |tmp15_reg_19779            |  17|   0|   17|          0|
    |tmp18_reg_19784            |  15|   0|   15|          0|
    |tmp20_reg_19789            |  16|   0|   16|          0|
    |tmp21636_reg_19839         |  19|   0|   19|          0|
    |tmp23_reg_19794            |  19|   0|   19|          0|
    |tmp26_reg_19799            |  16|   0|   16|          0|
    |tmp28_reg_19804            |  19|   0|   19|          0|
    |tmp29_reg_19809            |  17|   0|   17|          0|
    |tmp2_reg_19749             |  19|   0|   19|          0|
    |tmp32_reg_19814            |  15|   0|   15|          0|
    |tmp33_reg_19819            |  15|   0|   15|          0|
    |tmp34_reg_19824            |  16|   0|   16|          0|
    |tmp36_reg_19829            |  15|   0|   15|          0|
    |tmp39_reg_19834            |  15|   0|   15|          0|
    |tmp42_reg_19844            |  16|   0|   16|          0|
    |tmp43_reg_19849            |  16|   0|   16|          0|
    |tmp47_reg_19854            |  16|   0|   16|          0|
    |tmp49_reg_19859            |  19|   0|   19|          0|
    |tmp4_reg_19754             |  18|   0|   19|          1|
    |tmp5_reg_19759             |  19|   0|   19|          0|
    |tmp8_reg_19764             |  15|   0|   15|          0|
    |tmp_reg_19739              |  16|   0|   16|          0|
    |zext_ln1319_371_reg_19703  |   9|   0|   14|          5|
    |zext_ln1319_385_reg_19719  |   9|   0|   15|          6|
    +---------------------------+----+----+-----+-----------+
    |Total                      | 884|   0|  909|         25|
    +---------------------------+----+----+-----+-----------+



================================================================
== Interface
================================================================
* Summary: 
+--------------+-----+-----+------------+-----------------------------------------------------------------------------+--------------+
|   RTL Ports  | Dir | Bits|  Protocol  |                                Source Object                                |    C Type    |
+--------------+-----+-----+------------+-----------------------------------------------------------------------------+--------------+
|ap_clk        |   in|    1|  ap_ctrl_hs|  dense_latency<ap_ufixed<9, 0, 4, 0, 0>, ap_fixed<16, 6, 5, 3, 0>, config11>|  return value|
|ap_rst        |   in|    1|  ap_ctrl_hs|  dense_latency<ap_ufixed<9, 0, 4, 0, 0>, ap_fixed<16, 6, 5, 3, 0>, config11>|  return value|
|ap_return_0   |  out|   16|  ap_ctrl_hs|  dense_latency<ap_ufixed<9, 0, 4, 0, 0>, ap_fixed<16, 6, 5, 3, 0>, config11>|  return value|
|ap_return_1   |  out|   16|  ap_ctrl_hs|  dense_latency<ap_ufixed<9, 0, 4, 0, 0>, ap_fixed<16, 6, 5, 3, 0>, config11>|  return value|
|ap_return_2   |  out|   16|  ap_ctrl_hs|  dense_latency<ap_ufixed<9, 0, 4, 0, 0>, ap_fixed<16, 6, 5, 3, 0>, config11>|  return value|
|ap_return_3   |  out|   16|  ap_ctrl_hs|  dense_latency<ap_ufixed<9, 0, 4, 0, 0>, ap_fixed<16, 6, 5, 3, 0>, config11>|  return value|
|ap_return_4   |  out|   16|  ap_ctrl_hs|  dense_latency<ap_ufixed<9, 0, 4, 0, 0>, ap_fixed<16, 6, 5, 3, 0>, config11>|  return value|
|ap_return_5   |  out|   16|  ap_ctrl_hs|  dense_latency<ap_ufixed<9, 0, 4, 0, 0>, ap_fixed<16, 6, 5, 3, 0>, config11>|  return value|
|ap_return_6   |  out|   16|  ap_ctrl_hs|  dense_latency<ap_ufixed<9, 0, 4, 0, 0>, ap_fixed<16, 6, 5, 3, 0>, config11>|  return value|
|ap_return_7   |  out|   16|  ap_ctrl_hs|  dense_latency<ap_ufixed<9, 0, 4, 0, 0>, ap_fixed<16, 6, 5, 3, 0>, config11>|  return value|
|ap_return_8   |  out|   16|  ap_ctrl_hs|  dense_latency<ap_ufixed<9, 0, 4, 0, 0>, ap_fixed<16, 6, 5, 3, 0>, config11>|  return value|
|ap_return_9   |  out|   16|  ap_ctrl_hs|  dense_latency<ap_ufixed<9, 0, 4, 0, 0>, ap_fixed<16, 6, 5, 3, 0>, config11>|  return value|
|ap_return_10  |  out|   16|  ap_ctrl_hs|  dense_latency<ap_ufixed<9, 0, 4, 0, 0>, ap_fixed<16, 6, 5, 3, 0>, config11>|  return value|
|ap_return_11  |  out|   16|  ap_ctrl_hs|  dense_latency<ap_ufixed<9, 0, 4, 0, 0>, ap_fixed<16, 6, 5, 3, 0>, config11>|  return value|
|ap_return_12  |  out|   16|  ap_ctrl_hs|  dense_latency<ap_ufixed<9, 0, 4, 0, 0>, ap_fixed<16, 6, 5, 3, 0>, config11>|  return value|
|ap_return_13  |  out|   16|  ap_ctrl_hs|  dense_latency<ap_ufixed<9, 0, 4, 0, 0>, ap_fixed<16, 6, 5, 3, 0>, config11>|  return value|
|ap_ce         |   in|    1|  ap_ctrl_hs|  dense_latency<ap_ufixed<9, 0, 4, 0, 0>, ap_fixed<16, 6, 5, 3, 0>, config11>|  return value|
|p_read        |   in|    9|     ap_none|                                                                       p_read|        scalar|
|p_read1       |   in|    9|     ap_none|                                                                      p_read1|        scalar|
|p_read2       |   in|    9|     ap_none|                                                                      p_read2|        scalar|
|p_read3       |   in|    9|     ap_none|                                                                      p_read3|        scalar|
|p_read4       |   in|    9|     ap_none|                                                                      p_read4|        scalar|
|p_read5       |   in|    9|     ap_none|                                                                      p_read5|        scalar|
|p_read6       |   in|    9|     ap_none|                                                                      p_read6|        scalar|
|p_read7       |   in|    9|     ap_none|                                                                      p_read7|        scalar|
|p_read8       |   in|    9|     ap_none|                                                                      p_read8|        scalar|
|p_read9       |   in|    9|     ap_none|                                                                      p_read9|        scalar|
|p_read10      |   in|    9|     ap_none|                                                                     p_read10|        scalar|
|p_read11      |   in|    9|     ap_none|                                                                     p_read11|        scalar|
|p_read12      |   in|    9|     ap_none|                                                                     p_read12|        scalar|
|p_read13      |   in|    9|     ap_none|                                                                     p_read13|        scalar|
|p_read14      |   in|    9|     ap_none|                                                                     p_read14|        scalar|
+--------------+-----+-----+------------+-----------------------------------------------------------------------------+--------------+

